<?xml version="1.0" encoding="UTF-8"?>
<testsuite name="com.test.app.server.service.TestTestCase" tests="4" skipped="0" failures="0" errors="0" timestamp="2016-01-22T10:26:49" hostname="24a0df8043dc" time="0.255">
  <properties/>
  <testcase name="test1Save" classname="com.test.app.server.service.TestTestCase" time="0.114"/>
  <testcase name="test2Update" classname="com.test.app.server.service.TestTestCase" time="0.041"/>
  <testcase name="test3FindById" classname="com.test.app.server.service.TestTestCase" time="0.009"/>
  <testcase name="test4Delete" classname="com.test.app.server.service.TestTestCase" time="0.089"/>
  <system-out><![CDATA[Setting logged in user info for ADD
[EL Fine]: sql: 2016-01-22 10:26:49.516--ClientSession(1679233898)--Connection(1191272328)--Thread(Thread[Test worker,5,main])--INSERT INTO ast_Test_T (testId, tName, tdate, ttime, versionId, createdBy, createdDate, updatedBy, updatedDate, activeStatus, txnAccessCode) VALUES (?, ?, ?, ?, ?, ?, ?, ?, ?, ?, ?)
	bind => [AEC629F1-C037-4CCF-BF5F-47B25DBBCE2C, 9K910EqT55Z2qIV1rRSoK450v44Bb3541ZseMwGIeqU56ymtfm, 1970-01-02 10:17:36.789, yvKNBqiZXqm62PfQYPXl07dtdTUb1roiNvHlt6yjPyJiJMcLnI, 1, AAAAA, 2016-01-22 10:26:49.489, null, 2016-01-22 10:26:49.489, 1, null]
[EL Fine]: sql: 2016-01-22 10:26:49.6--ClientSession(1656458941)--Connection(1191272328)--Thread(Thread[Test worker,5,main])--SELECT testId, tName, tdate, ttime, versionId, createdBy, createdDate, updatedBy, updatedDate, activeStatus, txnAccessCode FROM ast_Test_T WHERE ((activeStatus = ?) AND (testId = ?))
	bind => [1, AEC629F1-C037-4CCF-BF5F-47B25DBBCE2C]
Setting logged in user info for UPDATE
[EL Fine]: sql: 2016-01-22 10:26:49.605--ClientSession(643082536)--Connection(1191272328)--Thread(Thread[Test worker,5,main])--SELECT testId, tName, tdate, ttime, versionId, createdBy, createdDate, updatedBy, updatedDate, activeStatus, txnAccessCode FROM ast_Test_T WHERE (testId = ?)
	bind => [AEC629F1-C037-4CCF-BF5F-47B25DBBCE2C]
[EL Fine]: sql: 2016-01-22 10:26:49.607--ClientSession(643082536)--Connection(1191272328)--Thread(Thread[Test worker,5,main])--UPDATE ast_Test_T SET tName = ?, tdate = ?, ttime = ?, updatedBy = ?, versionId = ? WHERE ((testId = ?) AND (versionId = ?))
	bind => [VC9X4RgaDpjO4FJVd2laC99LqtUH159F5X6CyFGii4G5I9rgF4, 1970-01-02 10:17:36.789, rN9efVL1aRnbd3HcceS6rP5oustDFyVXPkLchw1q6J6KDMHtdY, AAAAA, 2, AEC629F1-C037-4CCF-BF5F-47B25DBBCE2C, 1]
[EL Fine]: sql: 2016-01-22 10:26:49.641--ClientSession(1321455507)--Connection(1191272328)--Thread(Thread[Test worker,5,main])--SELECT testId, tName, tdate, ttime, versionId, createdBy, createdDate, updatedBy, updatedDate, activeStatus, txnAccessCode FROM ast_Test_T WHERE ((activeStatus = ?) AND (testId = ?))
	bind => [1, AEC629F1-C037-4CCF-BF5F-47B25DBBCE2C]
[EL Fine]: sql: 2016-01-22 10:26:49.653--ClientSession(1814895559)--Connection(1191272328)--Thread(Thread[Test worker,5,main])--SELECT testId, tName, tdate, ttime, versionId, createdBy, createdDate, updatedBy, updatedDate, activeStatus, txnAccessCode FROM ast_Test_T WHERE (testId = ?)
	bind => [AEC629F1-C037-4CCF-BF5F-47B25DBBCE2C]
[EL Fine]: sql: 2016-01-22 10:26:49.655--ClientSession(1814895559)--Connection(1191272328)--Thread(Thread[Test worker,5,main])--DELETE FROM ast_Test_T WHERE ((testId = ?) AND (versionId = ?))
	bind => [AEC629F1-C037-4CCF-BF5F-47B25DBBCE2C, 2]
]]></system-out>
  <system-err><![CDATA[]]></system-err>
</testsuite>
