<?xml version="1.0" encoding="UTF-8"?>
<testsuite name="com.test.app.server.service.PasswordAlgoTestCase" tests="4" skipped="0" failures="0" errors="0" timestamp="2016-01-22T10:26:45" hostname="24a0df8043dc" time="0.311">
  <properties/>
  <testcase name="test1Save" classname="com.test.app.server.service.PasswordAlgoTestCase" time="0.172"/>
  <testcase name="test2Update" classname="com.test.app.server.service.PasswordAlgoTestCase" time="0.041"/>
  <testcase name="test3FindById" classname="com.test.app.server.service.PasswordAlgoTestCase" time="0.01"/>
  <testcase name="test4Delete" classname="com.test.app.server.service.PasswordAlgoTestCase" time="0.088"/>
  <system-out><![CDATA[Setting logged in user info for ADD
[EL Fine]: sql: 2016-01-22 10:26:45.628--ClientSession(1763995719)--Connection(1191272328)--Thread(Thread[Test worker,5,main])--INSERT INTO ast_PasswordAlgo_M (algoId, algoDescription, algoHelp, algoIcon, algoName, algorithm, versionId, createdBy, createdDate, updatedBy, updatedDate, activeStatus, txnAccessCode) VALUES (?, ?, ?, ?, ?, ?, ?, ?, ?, ?, ?, ?, ?)
	bind => [5AE324F6-8267-4C06-8894-AF796CB669F5, t48ObI9mcgtg8NyT8xs34yPKzyG7vNwRxz80uEpcaxK3Dgdyjf, MpsIoFTknc01hBaekr5j8tmyJST8Za7MZELGIUWvTQ5O4N7BVD, mZIO5Jfb6VGoTDxYduBgjsO67GHkc1oRXs2X35gTckiV8XBIok, QsEON4T2eMGqAZPkWhkim61R4uqAKFdfxhk55FBf6e3ephtUTT, 7, 1, AAAAA, 2016-01-22 10:26:45.57, null, 2016-01-22 10:26:45.57, 1, null]
[EL Fine]: sql: 2016-01-22 10:26:45.733--ClientSession(1136520758)--Connection(1191272328)--Thread(Thread[Test worker,5,main])--SELECT algoId, algoDescription, algoHelp, algoIcon, algoName, algorithm, versionId, createdBy, createdDate, updatedBy, updatedDate, activeStatus, txnAccessCode FROM ast_PasswordAlgo_M WHERE ((activeStatus = ?) AND (algoId = ?))
	bind => [1, 5AE324F6-8267-4C06-8894-AF796CB669F5]
Setting logged in user info for UPDATE
[EL Fine]: sql: 2016-01-22 10:26:45.738--ClientSession(519745819)--Connection(1191272328)--Thread(Thread[Test worker,5,main])--SELECT algoId, algoDescription, algoHelp, algoIcon, algoName, algorithm, versionId, createdBy, createdDate, updatedBy, updatedDate, activeStatus, txnAccessCode FROM ast_PasswordAlgo_M WHERE (algoId = ?)
	bind => [5AE324F6-8267-4C06-8894-AF796CB669F5]
[EL Fine]: sql: 2016-01-22 10:26:45.741--ClientSession(519745819)--Connection(1191272328)--Thread(Thread[Test worker,5,main])--UPDATE ast_PasswordAlgo_M SET algoDescription = ?, algoHelp = ?, algoIcon = ?, algoName = ?, algorithm = ?, updatedBy = ?, versionId = ? WHERE ((algoId = ?) AND (versionId = ?))
	bind => [IIEQScDc3n34t7B60e71DWVLuBek3v8q7gfL8mThkbHXG4dbs4, hV4p6oa4Nux3hxLD0fbR1Ug1PnWFfDuT0X4ZDM1IHA5uJnPaWd, V7fKxxywKuQdZyASGHxzhCufGqHcxwnpNdMW8d9tUSlMiEDnyH, myFiHWhphNIvb5El2lgYVPX5S1yxIwgpVw2OVy4GZTfqnd6Ruv, 9, AAAAA, 2, 5AE324F6-8267-4C06-8894-AF796CB669F5, 1]
[EL Fine]: sql: 2016-01-22 10:26:45.774--ClientSession(1036970697)--Connection(1191272328)--Thread(Thread[Test worker,5,main])--SELECT algoId, algoDescription, algoHelp, algoIcon, algoName, algorithm, versionId, createdBy, createdDate, updatedBy, updatedDate, activeStatus, txnAccessCode FROM ast_PasswordAlgo_M WHERE ((activeStatus = ?) AND (algoId = ?))
	bind => [1, 5AE324F6-8267-4C06-8894-AF796CB669F5]
[EL Fine]: sql: 2016-01-22 10:26:45.783--ClientSession(1182023819)--Connection(1191272328)--Thread(Thread[Test worker,5,main])--SELECT algoId, algoDescription, algoHelp, algoIcon, algoName, algorithm, versionId, createdBy, createdDate, updatedBy, updatedDate, activeStatus, txnAccessCode FROM ast_PasswordAlgo_M WHERE (algoId = ?)
	bind => [5AE324F6-8267-4C06-8894-AF796CB669F5]
[EL Fine]: sql: 2016-01-22 10:26:45.786--ClientSession(1182023819)--Connection(1191272328)--Thread(Thread[Test worker,5,main])--DELETE FROM ast_PasswordAlgo_M WHERE ((algoId = ?) AND (versionId = ?))
	bind => [5AE324F6-8267-4C06-8894-AF796CB669F5, 2]
]]></system-out>
  <system-err><![CDATA[]]></system-err>
</testsuite>
