<?xml version="1.0" encoding="UTF-8"?>
<testsuite name="com.test.app.server.service.ContactTypeTestCase" tests="4" skipped="0" failures="0" errors="0" timestamp="2016-01-22T10:26:49" hostname="24a0df8043dc" time="0.246">
  <properties/>
  <testcase name="test1Save" classname="com.test.app.server.service.ContactTypeTestCase" time="0.106"/>
  <testcase name="test2Update" classname="com.test.app.server.service.ContactTypeTestCase" time="0.041"/>
  <testcase name="test3FindById" classname="com.test.app.server.service.ContactTypeTestCase" time="0.009"/>
  <testcase name="test4Delete" classname="com.test.app.server.service.ContactTypeTestCase" time="0.089"/>
  <system-out><![CDATA[Setting logged in user info for ADD
[EL Fine]: sql: 2016-01-22 10:26:49.956--ClientSession(943288331)--Connection(1191272328)--Thread(Thread[Test worker,5,main])--INSERT INTO ast_ContactType_M (contactTypeId, contactType, contactTypeDesc, contactTypeIcon, versionId, createdBy, createdDate, updatedBy, updatedDate, activeStatus, txnAccessCode) VALUES (?, ?, ?, ?, ?, ?, ?, ?, ?, ?, ?)
	bind => [386FED43-0D83-4A55-8100-FB96AB54295E, UBAvYc9BD6zzKyrYm2RCdlavIdK3FtXOeHX2rXZC9zc1HvwrrD, 17PAhAtPF1nbBqFfztgDarWf3XAFp2vF1ePsHXiuwOYPtt40YB, MSwDASyqeCHSvNb85JgW96uyaWVFRTAYW6Fw8vm2gxRJrVhNcO, 1, AAAAA, 2016-01-22 10:26:49.917, null, 2016-01-22 10:26:49.917, 1, null]
[EL Fine]: sql: 2016-01-22 10:26:50.014--ClientSession(601002717)--Connection(1191272328)--Thread(Thread[Test worker,5,main])--SELECT contactTypeId, contactType, contactTypeDesc, contactTypeIcon, versionId, createdBy, createdDate, updatedBy, updatedDate, activeStatus, txnAccessCode FROM ast_ContactType_M WHERE ((activeStatus = ?) AND (contactTypeId = ?))
	bind => [1, 386FED43-0D83-4A55-8100-FB96AB54295E]
Setting logged in user info for UPDATE
[EL Fine]: sql: 2016-01-22 10:26:50.018--ClientSession(837213666)--Connection(1191272328)--Thread(Thread[Test worker,5,main])--SELECT contactTypeId, contactType, contactTypeDesc, contactTypeIcon, versionId, createdBy, createdDate, updatedBy, updatedDate, activeStatus, txnAccessCode FROM ast_ContactType_M WHERE (contactTypeId = ?)
	bind => [386FED43-0D83-4A55-8100-FB96AB54295E]
[EL Fine]: sql: 2016-01-22 10:26:50.021--ClientSession(837213666)--Connection(1191272328)--Thread(Thread[Test worker,5,main])--UPDATE ast_ContactType_M SET contactType = ?, contactTypeDesc = ?, contactTypeIcon = ?, updatedBy = ?, versionId = ? WHERE ((contactTypeId = ?) AND (versionId = ?))
	bind => [8d3apZwMAYeE2yd1ny81BCpmxuLxoiO5BuWWLD7Hwuf20IMgF2, KTYT2BnYz5vMITcUHDLPen1rHPLp7RT2fgoc0eLz3APEej0Q3F, q4FSgehngyJEbgxEtdICEHHu6krK7RAKkj1rAdEGR8g2mN1SbV, AAAAA, 2, 386FED43-0D83-4A55-8100-FB96AB54295E, 1]
[EL Fine]: sql: 2016-01-22 10:26:50.055--ClientSession(1538795194)--Connection(1191272328)--Thread(Thread[Test worker,5,main])--SELECT contactTypeId, contactType, contactTypeDesc, contactTypeIcon, versionId, createdBy, createdDate, updatedBy, updatedDate, activeStatus, txnAccessCode FROM ast_ContactType_M WHERE ((activeStatus = ?) AND (contactTypeId = ?))
	bind => [1, 386FED43-0D83-4A55-8100-FB96AB54295E]
[EL Fine]: sql: 2016-01-22 10:26:50.064--ClientSession(1129779289)--Connection(1191272328)--Thread(Thread[Test worker,5,main])--SELECT contactTypeId, contactType, contactTypeDesc, contactTypeIcon, versionId, createdBy, createdDate, updatedBy, updatedDate, activeStatus, txnAccessCode FROM ast_ContactType_M WHERE (contactTypeId = ?)
	bind => [386FED43-0D83-4A55-8100-FB96AB54295E]
[EL Fine]: sql: 2016-01-22 10:26:50.066--ClientSession(1129779289)--Connection(1191272328)--Thread(Thread[Test worker,5,main])--DELETE FROM ast_ContactType_M WHERE ((contactTypeId = ?) AND (versionId = ?))
	bind => [386FED43-0D83-4A55-8100-FB96AB54295E, 2]
]]></system-out>
  <system-err><![CDATA[]]></system-err>
</testsuite>
