<?xml version="1.0" encoding="UTF-8"?>
<testsuite name="com.test.app.server.service.TitleTestCase" tests="4" skipped="0" failures="0" errors="0" timestamp="2016-01-22T10:26:51" hostname="24a0df8043dc" time="0.28">
  <properties/>
  <testcase name="test1Save" classname="com.test.app.server.service.TitleTestCase" time="0.08"/>
  <testcase name="test2Update" classname="com.test.app.server.service.TitleTestCase" time="0.066"/>
  <testcase name="test3FindById" classname="com.test.app.server.service.TitleTestCase" time="0.008"/>
  <testcase name="test4Delete" classname="com.test.app.server.service.TitleTestCase" time="0.126"/>
  <system-out><![CDATA[Setting logged in user info for ADD
[EL Fine]: sql: 2016-01-22 10:26:51.967--ClientSession(1928585867)--Connection(1191272328)--Thread(Thread[Test worker,5,main])--INSERT INTO ast_Title_M (titleId, titles, versionId, createdBy, createdDate, updatedBy, updatedDate, activeStatus, txnAccessCode) VALUES (?, ?, ?, ?, ?, ?, ?, ?, ?)
	bind => [8177CD57-D002-4484-BCE1-8EB53D81EB53, 62ZIBAPJGGZHMVFX8ghbmofIDUV8R8rmQ53QAgxPKIg8StyiHm, 1, AAAAA, 2016-01-22 10:26:51.961, null, 2016-01-22 10:26:51.961, 1, null]
[EL Fine]: sql: 2016-01-22 10:26:52.032--ClientSession(499286045)--Connection(1191272328)--Thread(Thread[Test worker,5,main])--SELECT titleId, titles, versionId, createdBy, createdDate, updatedBy, updatedDate, activeStatus, txnAccessCode FROM ast_Title_M WHERE ((activeStatus = ?) AND (titleId = ?))
	bind => [1, 8177CD57-D002-4484-BCE1-8EB53D81EB53]
Setting logged in user info for UPDATE
[EL Fine]: sql: 2016-01-22 10:26:52.035--ClientSession(1114963755)--Connection(1191272328)--Thread(Thread[Test worker,5,main])--SELECT titleId, titles, versionId, createdBy, createdDate, updatedBy, updatedDate, activeStatus, txnAccessCode FROM ast_Title_M WHERE (titleId = ?)
	bind => [8177CD57-D002-4484-BCE1-8EB53D81EB53]
[EL Fine]: sql: 2016-01-22 10:26:52.037--ClientSession(1114963755)--Connection(1191272328)--Thread(Thread[Test worker,5,main])--UPDATE ast_Title_M SET titles = ?, updatedBy = ?, versionId = ? WHERE ((titleId = ?) AND (versionId = ?))
	bind => [k8D3kgi3pyxdIQuKjXDVkkuDaTJRKWozZIVGbdowJBCHhYbwDW, AAAAA, 2, 8177CD57-D002-4484-BCE1-8EB53D81EB53, 1]
[EL Fine]: sql: 2016-01-22 10:26:52.097--ClientSession(937804546)--Connection(1191272328)--Thread(Thread[Test worker,5,main])--SELECT titleId, titles, versionId, createdBy, createdDate, updatedBy, updatedDate, activeStatus, txnAccessCode FROM ast_Title_M WHERE ((activeStatus = ?) AND (titleId = ?))
	bind => [1, 8177CD57-D002-4484-BCE1-8EB53D81EB53]
[EL Fine]: sql: 2016-01-22 10:26:52.106--ClientSession(896505278)--Connection(1191272328)--Thread(Thread[Test worker,5,main])--SELECT titleId, titles, versionId, createdBy, createdDate, updatedBy, updatedDate, activeStatus, txnAccessCode FROM ast_Title_M WHERE (titleId = ?)
	bind => [8177CD57-D002-4484-BCE1-8EB53D81EB53]
[EL Fine]: sql: 2016-01-22 10:26:52.108--ClientSession(896505278)--Connection(1191272328)--Thread(Thread[Test worker,5,main])--DELETE FROM ast_Title_M WHERE ((titleId = ?) AND (versionId = ?))
	bind => [8177CD57-D002-4484-BCE1-8EB53D81EB53, 2]
]]></system-out>
  <system-err><![CDATA[]]></system-err>
</testsuite>
