<?xml version="1.0" encoding="UTF-8"?>
<testsuite name="com.test.app.server.service.AddressTypeTestCase" tests="4" skipped="0" failures="0" errors="0" timestamp="2016-01-22T10:26:38" hostname="24a0df8043dc" time="0.179">
  <properties/>
  <testcase name="test1Save" classname="com.test.app.server.service.AddressTypeTestCase" time="0.046"/>
  <testcase name="test2Update" classname="com.test.app.server.service.AddressTypeTestCase" time="0.083"/>
  <testcase name="test3FindById" classname="com.test.app.server.service.AddressTypeTestCase" time="0.01"/>
  <testcase name="test4Delete" classname="com.test.app.server.service.AddressTypeTestCase" time="0.039"/>
  <system-out><![CDATA[Setting logged in user info for ADD
[EL Fine]: sql: 2016-01-22 10:26:38.479--ClientSession(192776715)--Connection(1191272328)--Thread(Thread[Test worker,5,main])--INSERT INTO ast_AddressType_M (addressTypeId, addressType, addressTypeDesc, addressTypeIcon, versionId, createdBy, createdDate, updatedBy, updatedDate, activeStatus, txnAccessCode) VALUES (?, ?, ?, ?, ?, ?, ?, ?, ?, ?, ?)
	bind => [5FA1CE87-262A-4076-8654-94F1A80FE4CD, lDvfEI6PpwhdxORmov6AUeA2Vlwtyk2usl8YcLFZ4iMC8pJrKn, R2VTFnKss7uUWTxwVagxO7zjvNJGBtY6Cqy7kUOzWnT5ZGTetj, 9VdaJ4fepTmkhXA4AlyjPYJtOsw6k6GuxMOFIiQj9p1yhmbSi8, 1, AAAAA, 2016-01-22 10:26:38.473, null, 2016-01-22 10:26:38.473, 1, null]
[EL Fine]: sql: 2016-01-22 10:26:38.516--ClientSession(1357458577)--Connection(1191272328)--Thread(Thread[Test worker,5,main])--SELECT addressTypeId, addressType, addressTypeDesc, addressTypeIcon, versionId, createdBy, createdDate, updatedBy, updatedDate, activeStatus, txnAccessCode FROM ast_AddressType_M WHERE ((activeStatus = ?) AND (addressTypeId = ?))
	bind => [1, 5FA1CE87-262A-4076-8654-94F1A80FE4CD]
Setting logged in user info for UPDATE
[EL Fine]: sql: 2016-01-22 10:26:38.52--ClientSession(828774832)--Connection(1191272328)--Thread(Thread[Test worker,5,main])--SELECT addressTypeId, addressType, addressTypeDesc, addressTypeIcon, versionId, createdBy, createdDate, updatedBy, updatedDate, activeStatus, txnAccessCode FROM ast_AddressType_M WHERE (addressTypeId = ?)
	bind => [5FA1CE87-262A-4076-8654-94F1A80FE4CD]
[EL Fine]: sql: 2016-01-22 10:26:38.522--ClientSession(828774832)--Connection(1191272328)--Thread(Thread[Test worker,5,main])--UPDATE ast_AddressType_M SET addressType = ?, addressTypeDesc = ?, addressTypeIcon = ?, updatedBy = ?, versionId = ? WHERE ((addressTypeId = ?) AND (versionId = ?))
	bind => [jpPL6rautQZSe8xGCHVG8EJDbGsdIoK2hwYlychBJX60UwAVB1, TAgzOP2csxn28gcVgdKd18IUvCq7nUpcKsqVPOLnlVAmD6IQIX, rGD1fYyKult2OzXjwlU7JArP8ijL9mqJhIHZHS6CjMlXSBJE4n, AAAAA, 2, 5FA1CE87-262A-4076-8654-94F1A80FE4CD, 1]
[EL Fine]: sql: 2016-01-22 10:26:38.6--ClientSession(1160840953)--Connection(1191272328)--Thread(Thread[Test worker,5,main])--SELECT addressTypeId, addressType, addressTypeDesc, addressTypeIcon, versionId, createdBy, createdDate, updatedBy, updatedDate, activeStatus, txnAccessCode FROM ast_AddressType_M WHERE ((activeStatus = ?) AND (addressTypeId = ?))
	bind => [1, 5FA1CE87-262A-4076-8654-94F1A80FE4CD]
[EL Fine]: sql: 2016-01-22 10:26:38.609--ClientSession(505677340)--Connection(1191272328)--Thread(Thread[Test worker,5,main])--SELECT addressTypeId, addressType, addressTypeDesc, addressTypeIcon, versionId, createdBy, createdDate, updatedBy, updatedDate, activeStatus, txnAccessCode FROM ast_AddressType_M WHERE (addressTypeId = ?)
	bind => [5FA1CE87-262A-4076-8654-94F1A80FE4CD]
[EL Fine]: sql: 2016-01-22 10:26:38.611--ClientSession(505677340)--Connection(1191272328)--Thread(Thread[Test worker,5,main])--DELETE FROM ast_AddressType_M WHERE ((addressTypeId = ?) AND (versionId = ?))
	bind => [5FA1CE87-262A-4076-8654-94F1A80FE4CD, 2]
]]></system-out>
  <system-err><![CDATA[]]></system-err>
</testsuite>
