<?xml version="1.0" encoding="UTF-8"?>
<testsuite name="com.test.app.server.service.CountryTestCase" tests="4" skipped="0" failures="0" errors="0" timestamp="2016-01-22T10:26:13" hostname="24a0df8043dc" time="21.655">
  <properties/>
  <testcase name="test1Save" classname="com.test.app.server.service.CountryTestCase" time="21.508"/>
  <testcase name="test2Update" classname="com.test.app.server.service.CountryTestCase" time="0.068"/>
  <testcase name="test3FindById" classname="com.test.app.server.service.CountryTestCase" time="0.012"/>
  <testcase name="test4Delete" classname="com.test.app.server.service.CountryTestCase" time="0.061"/>
  <system-out><![CDATA[[EL Config]: metadata: 2016-01-22 10:26:20.182--ServerSession(1310148688)--Thread(Thread[Test worker,5,main])--The access type for the persistent class [class com.athena.shared.entity.ArtEntity] is set to [FIELD].
[EL Config]: metadata: 2016-01-22 10:26:20.211--ServerSession(1310148688)--Thread(Thread[Test worker,5,main])--The access type for the persistent class [class com.athena.shared.entity.AuditPropertiesEntity] is set to [FIELD].
[EL Config]: metadata: 2016-01-22 10:26:20.214--ServerSession(1310148688)--Thread(Thread[Test worker,5,main])--The access type for the persistent class [class com.athena.shared.entity.query.ArtQuery] is set to [FIELD].
[EL Config]: metadata: 2016-01-22 10:26:20.217--ServerSession(1310148688)--Thread(Thread[Test worker,5,main])--The access type for the persistent class [class com.athena.shared.entity.query.ArtMenu] is set to [FIELD].
[EL Config]: metadata: 2016-01-22 10:26:20.218--ServerSession(1310148688)--Thread(Thread[Test worker,5,main])--The access type for the persistent class [class com.test.app.shared.authorization.AppMenus] is set to [FIELD].
[EL Config]: metadata: 2016-01-22 10:26:20.223--ServerSession(1310148688)--Thread(Thread[Test worker,5,main])--The access type for the persistent class [class com.athena.shared.entity.query.ArtTableEntityRelation] is set to [FIELD].
[EL Config]: metadata: 2016-01-22 10:26:20.234--ServerSession(1310148688)--Thread(Thread[Test worker,5,main])--The target entity (reference) class for the one to one mapping element [field reffKeyDetails] is being defaulted to: class com.athena.shared.entity.query.ArtTableFieldDetails.
[EL Config]: metadata: 2016-01-22 10:26:20.235--ServerSession(1310148688)--Thread(Thread[Test worker,5,main])--The target entity (reference) class for the one to one mapping element [field owingKeyDetails] is being defaulted to: class com.athena.shared.entity.query.ArtTableFieldDetails.
[EL Config]: metadata: 2016-01-22 10:26:20.236--ServerSession(1310148688)--Thread(Thread[Test worker,5,main])--The target entity (reference) class for the one to one mapping element [field reffTableDetails] is being defaulted to: class com.athena.shared.entity.query.ArtTableDetails.
[EL Config]: metadata: 2016-01-22 10:26:20.236--ServerSession(1310148688)--Thread(Thread[Test worker,5,main])--The target entity (reference) class for the many to one mapping element [field owningTableDetails] is being defaulted to: class com.athena.shared.entity.query.ArtTableDetails.
[EL Config]: metadata: 2016-01-22 10:26:20.237--ServerSession(1310148688)--Thread(Thread[Test worker,5,main])--The access type for the persistent class [class com.test.app.shared.location.Country] is set to [FIELD].
[EL Config]: metadata: 2016-01-22 10:26:20.238--ServerSession(1310148688)--Thread(Thread[Test worker,5,main])--The access type for the persistent class [class com.athena.cloud.shared.entity.CloudDriveTags] is set to [FIELD].
[EL Config]: metadata: 2016-01-22 10:26:20.245--ServerSession(1310148688)--Thread(Thread[Test worker,5,main])--The target entity (reference) class for the one to many mapping element [field awsCloudDriveTagFiles] is being defaulted to: class com.athena.cloud.shared.entity.CloudDriveTagFiles.
[EL Config]: metadata: 2016-01-22 10:26:20.246--ServerSession(1310148688)--Thread(Thread[Test worker,5,main])--The access type for the persistent class [class com.athena.shared.entity.report.ArtServiceOperation] is set to [FIELD].
[EL Config]: metadata: 2016-01-22 10:26:20.247--ServerSession(1310148688)--Thread(Thread[Test worker,5,main])--The target entity (reference) class for the many to one mapping element [field artservice] is being defaulted to: class com.athena.shared.entity.report.ArtService.
[EL Config]: metadata: 2016-01-22 10:26:20.248--ServerSession(1310148688)--Thread(Thread[Test worker,5,main])--The access type for the persistent class [class com.test.app.shared.authentication.Login] is set to [FIELD].
[EL Config]: metadata: 2016-01-22 10:26:20.249--ServerSession(1310148688)--Thread(Thread[Test worker,5,main])--The target entity (reference) class for the one to one mapping element [field coreContacts] is being defaulted to: class com.test.app.shared.contacts.CoreContacts.
[EL Config]: metadata: 2016-01-22 10:26:20.249--ServerSession(1310148688)--Thread(Thread[Test worker,5,main])--The target entity (reference) class for the one to one mapping element [field user] is being defaulted to: class com.test.app.shared.authentication.User.
[EL Config]: metadata: 2016-01-22 10:26:20.25--ServerSession(1310148688)--Thread(Thread[Test worker,5,main])--The access type for the persistent class [class com.athena.shared.entity.report.ArtChartTemplate] is set to [FIELD].
[EL Config]: metadata: 2016-01-22 10:26:20.251--ServerSession(1310148688)--Thread(Thread[Test worker,5,main])--The access type for the persistent class [class com.spartan.healthmeter.entity.ArtHealthStatusConfiguration] is set to [FIELD].
[EL Config]: metadata: 2016-01-22 10:26:20.252--ServerSession(1310148688)--Thread(Thread[Test worker,5,main])--The access type for the persistent class [class com.athena.cloud.shared.entity.CloudDriveFiles] is set to [FIELD].
[EL Config]: metadata: 2016-01-22 10:26:20.253--ServerSession(1310148688)--Thread(Thread[Test worker,5,main])--The target entity (reference) class for the many to many mapping element [field tags] is being defaulted to: class com.athena.cloud.shared.entity.CloudDriveTags.
[EL Config]: metadata: 2016-01-22 10:26:20.254--ServerSession(1310148688)--Thread(Thread[Test worker,5,main])--The target entity (reference) class for the one to one mapping element [field contentType] is being defaulted to: class com.athena.cloud.shared.entity.CloudDriveContentType.
[EL Config]: metadata: 2016-01-22 10:26:20.255--ServerSession(1310148688)--Thread(Thread[Test worker,5,main])--The access type for the persistent class [class com.test.app.shared.defaultdomain.CaseSubmition] is set to [FIELD].
[EL Config]: metadata: 2016-01-22 10:26:20.256--ServerSession(1310148688)--Thread(Thread[Test worker,5,main])--The access type for the persistent class [class com.athena.shared.entity.query.ArtTableDetails] is set to [FIELD].
[EL Config]: metadata: 2016-01-22 10:26:20.256--ServerSession(1310148688)--Thread(Thread[Test worker,5,main])--The target entity (reference) class for the one to many mapping element [field entityRelations] is being defaulted to: class com.athena.shared.entity.query.ArtTableEntityRelation.
[EL Config]: metadata: 2016-01-22 10:26:20.257--ServerSession(1310148688)--Thread(Thread[Test worker,5,main])--The target entity (reference) class for the one to many mapping element [field artTableFieldDetail] is being defaulted to: class com.athena.shared.entity.query.ArtTableFieldDetails.
[EL Config]: metadata: 2016-01-22 10:26:20.258--ServerSession(1310148688)--Thread(Thread[Test worker,5,main])--The access type for the persistent class [class com.test.app.shared.customers.AppCustomerType] is set to [FIELD].
[EL Config]: metadata: 2016-01-22 10:26:20.259--ServerSession(1310148688)--Thread(Thread[Test worker,5,main])--The access type for the persistent class [class com.test.app.shared.defaultdomain.Employee] is set to [FIELD].
[EL Config]: metadata: 2016-01-22 10:26:20.26--ServerSession(1310148688)--Thread(Thread[Test worker,5,main])--The access type for the persistent class [class com.athena.shared.entity.report.ArtChartCategory] is set to [FIELD].
[EL Config]: metadata: 2016-01-22 10:26:20.26--ServerSession(1310148688)--Thread(Thread[Test worker,5,main])--The target entity (reference) class for the one to one mapping element [field chart_json_id] is being defaulted to: class com.athena.shared.entity.report.ArtChartJson.
[EL Config]: metadata: 2016-01-22 10:26:20.261--ServerSession(1310148688)--Thread(Thread[Test worker,5,main])--The access type for the persistent class [class com.athena.shared.entity.report.ArtChartJson] is set to [FIELD].
[EL Config]: metadata: 2016-01-22 10:26:20.262--ServerSession(1310148688)--Thread(Thread[Test worker,5,main])--The target entity (reference) class for the one to one mapping element [field data_field_id] is being defaulted to: class com.athena.shared.entity.report.ArtChartDataFieldJson.
[EL Config]: metadata: 2016-01-22 10:26:20.263--ServerSession(1310148688)--Thread(Thread[Test worker,5,main])--The access type for the persistent class [class com.test.app.shared.customers.AppCustomerCategory] is set to [FIELD].
[EL Config]: metadata: 2016-01-22 10:26:20.263--ServerSession(1310148688)--Thread(Thread[Test worker,5,main])--The access type for the persistent class [class com.spartan.healthmeter.entity.ZenHealthGauge] is set to [FIELD].
[EL Config]: metadata: 2016-01-22 10:26:20.265--ServerSession(1310148688)--Thread(Thread[Test worker,5,main])--The access type for the persistent class [class com.test.app.shared.contacts.Title] is set to [FIELD].
[EL Config]: metadata: 2016-01-22 10:26:20.265--ServerSession(1310148688)--Thread(Thread[Test worker,5,main])--The access type for the persistent class [class com.athena.cloud.shared.entity.CloudDriveContentType] is set to [FIELD].
[EL Config]: metadata: 2016-01-22 10:26:20.266--ServerSession(1310148688)--Thread(Thread[Test worker,5,main])--The access type for the persistent class [class com.test.app.shared.contacts.Gender] is set to [FIELD].
[EL Config]: metadata: 2016-01-22 10:26:20.267--ServerSession(1310148688)--Thread(Thread[Test worker,5,main])--The access type for the persistent class [class com.test.app.shared.authentication.SessionData] is set to [FIELD].
[EL Config]: metadata: 2016-01-22 10:26:20.268--ServerSession(1310148688)--Thread(Thread[Test worker,5,main])--The access type for the persistent class [class com.athena.shared.entity.report.ArtChartProperties] is set to [FIELD].
[EL Config]: metadata: 2016-01-22 10:26:20.269--ServerSession(1310148688)--Thread(Thread[Test worker,5,main])--The access type for the persistent class [class com.athena.shared.entity.query.ArtUserLastStatus] is set to [FIELD].
[EL Config]: metadata: 2016-01-22 10:26:20.27--ServerSession(1310148688)--Thread(Thread[Test worker,5,main])--The access type for the persistent class [class com.test.app.shared.location.Address] is set to [FIELD].
[EL Config]: metadata: 2016-01-22 10:26:20.272--ServerSession(1310148688)--Thread(Thread[Test worker,5,main])--The access type for the persistent class [class com.athena.shared.entity.query.ArtMasterForm] is set to [FIELD].
[EL Config]: metadata: 2016-01-22 10:26:20.276--ServerSession(1310148688)--Thread(Thread[Test worker,5,main])--The access type for the persistent class [class com.athena.deo.model.AwsExternalIntegration] is set to [FIELD].
[EL Config]: metadata: 2016-01-22 10:26:20.279--ServerSession(1310148688)--Thread(Thread[Test worker,5,main])--The access type for the persistent class [class com.athena.shared.entity.query.ArtUserMenu] is set to [FIELD].
[EL Config]: metadata: 2016-01-22 10:26:20.28--ServerSession(1310148688)--Thread(Thread[Test worker,5,main])--The access type for the persistent class [class com.athena.cloud.shared.entity.CloudDriveTagShared] is set to [FIELD].
[EL Config]: metadata: 2016-01-22 10:26:20.281--ServerSession(1310148688)--Thread(Thread[Test worker,5,main])--The target entity (reference) class for the one to one mapping element [field tags] is being defaulted to: class com.athena.cloud.shared.entity.CloudDriveTags.
[EL Config]: metadata: 2016-01-22 10:26:20.282--ServerSession(1310148688)--Thread(Thread[Test worker,5,main])--The access type for the persistent class [class com.test.app.shared.authorization.Roles] is set to [FIELD].
[EL Config]: metadata: 2016-01-22 10:26:20.283--ServerSession(1310148688)--Thread(Thread[Test worker,5,main])--The target entity (reference) class for the one to many mapping element [field roleMenuBridge] is being defaulted to: class com.test.app.shared.authorization.RoleMenuBridge.
[EL Config]: metadata: 2016-01-22 10:26:20.283--ServerSession(1310148688)--Thread(Thread[Test worker,5,main])--The access type for the persistent class [class com.spartan.healthmeter.entity.HealthSchedulerConfiguration] is set to [FIELD].
[EL Config]: metadata: 2016-01-22 10:26:20.285--ServerSession(1310148688)--Thread(Thread[Test worker,5,main])--The access type for the persistent class [class com.athena.cloud.shared.entity.CloudDriveFileVersion] is set to [FIELD].
[EL Config]: metadata: 2016-01-22 10:26:20.285--ServerSession(1310148688)--Thread(Thread[Test worker,5,main])--The target entity (reference) class for the one to one mapping element [field file] is being defaulted to: class com.athena.cloud.shared.entity.CloudDriveFiles.
[EL Config]: metadata: 2016-01-22 10:26:20.286--ServerSession(1310148688)--Thread(Thread[Test worker,5,main])--The access type for the persistent class [class com.spartan.healthmeter.entity.ZenSchedulerHealth] is set to [FIELD].
[EL Config]: metadata: 2016-01-22 10:26:20.288--ServerSession(1310148688)--Thread(Thread[Test worker,5,main])--The access type for the persistent class [class com.athena.shared.entity.report.ArtChartType] is set to [FIELD].
[EL Config]: metadata: 2016-01-22 10:26:20.289--ServerSession(1310148688)--Thread(Thread[Test worker,5,main])--The target entity (reference) class for the one to one mapping element [field chart_id] is being defaulted to: class com.athena.shared.entity.report.ArtChartCategory.
[EL Config]: metadata: 2016-01-22 10:26:20.29--ServerSession(1310148688)--Thread(Thread[Test worker,5,main])--The access type for the persistent class [class com.test.app.shared.authentication.LoginSession] is set to [FIELD].
[EL Config]: metadata: 2016-01-22 10:26:20.291--ServerSession(1310148688)--Thread(Thread[Test worker,5,main])--The access type for the persistent class [class com.athena.shared.entity.query.ArtDatabaseFunction] is set to [FIELD].
[EL Config]: metadata: 2016-01-22 10:26:20.292--ServerSession(1310148688)--Thread(Thread[Test worker,5,main])--The access type for the persistent class [class com.test.app.shared.defaultdomain.NewEntity] is set to [FIELD].
[EL Config]: metadata: 2016-01-22 10:26:20.293--ServerSession(1310148688)--Thread(Thread[Test worker,5,main])--The access type for the persistent class [class com.test.app.shared.defaultdomain.Test] is set to [FIELD].
[EL Config]: metadata: 2016-01-22 10:26:20.294--ServerSession(1310148688)--Thread(Thread[Test worker,5,main])--The access type for the persistent class [class com.athena.shared.entity.report.ArtChartPropLanguage] is set to [FIELD].
[EL Config]: metadata: 2016-01-22 10:26:20.294--ServerSession(1310148688)--Thread(Thread[Test worker,5,main])--The target entity (reference) class for the one to one mapping element [field property_id] is being defaulted to: class com.athena.shared.entity.report.ArtChartProperties.
[EL Config]: metadata: 2016-01-22 10:26:20.295--ServerSession(1310148688)--Thread(Thread[Test worker,5,main])--The target entity (reference) class for the one to one mapping element [field lang_id] is being defaulted to: class com.athena.shared.entity.report.ArtLangMaster.
[EL Config]: metadata: 2016-01-22 10:26:20.296--ServerSession(1310148688)--Thread(Thread[Test worker,5,main])--The access type for the persistent class [class com.spartan.shield.server.entity.AppSessionConfig] is set to [FIELD].
[EL Config]: metadata: 2016-01-22 10:26:20.297--ServerSession(1310148688)--Thread(Thread[Test worker,5,main])--The access type for the persistent class [class com.athena.shared.entity.report.ArtLangMaster] is set to [FIELD].
[EL Config]: metadata: 2016-01-22 10:26:20.298--ServerSession(1310148688)--Thread(Thread[Test worker,5,main])--The access type for the persistent class [class com.athena.shared.entity.query.ArtDatabaseOperators] is set to [FIELD].
[EL Config]: metadata: 2016-01-22 10:26:20.299--ServerSession(1310148688)--Thread(Thread[Test worker,5,main])--The access type for the persistent class [class com.test.app.shared.location.State] is set to [FIELD].
[EL Config]: metadata: 2016-01-22 10:26:20.3--ServerSession(1310148688)--Thread(Thread[Test worker,5,main])--The access type for the persistent class [class com.athena.cloud.shared.entity.CloudDriveFileShared] is set to [FIELD].
[EL Config]: metadata: 2016-01-22 10:26:20.3--ServerSession(1310148688)--Thread(Thread[Test worker,5,main])--The target entity (reference) class for the one to one mapping element [field file] is being defaulted to: class com.athena.cloud.shared.entity.CloudDriveFiles.
[EL Config]: metadata: 2016-01-22 10:26:20.301--ServerSession(1310148688)--Thread(Thread[Test worker,5,main])--The access type for the persistent class [class com.test.app.shared.authentication.Question] is set to [FIELD].
[EL Config]: metadata: 2016-01-22 10:26:20.302--ServerSession(1310148688)--Thread(Thread[Test worker,5,main])--The access type for the persistent class [class com.test.app.shared.authentication.UserAccessDomain] is set to [FIELD].
[EL Config]: metadata: 2016-01-22 10:26:20.303--ServerSession(1310148688)--Thread(Thread[Test worker,5,main])--The access type for the persistent class [class com.spartan.healthmeter.entity.ZenHealthStatus] is set to [FIELD].
[EL Config]: metadata: 2016-01-22 10:26:20.304--ServerSession(1310148688)--Thread(Thread[Test worker,5,main])--The access type for the persistent class [class com.test.app.shared.location.District] is set to [FIELD].
[EL Config]: metadata: 2016-01-22 10:26:20.305--ServerSession(1310148688)--Thread(Thread[Test worker,5,main])--The access type for the persistent class [class com.athena.cloud.shared.entity.CloudDriveDefaultTags] is set to [FIELD].
[EL Config]: metadata: 2016-01-22 10:26:20.306--ServerSession(1310148688)--Thread(Thread[Test worker,5,main])--The access type for the persistent class [class com.test.app.shared.location.Timezone] is set to [FIELD].
[EL Config]: metadata: 2016-01-22 10:26:20.307--ServerSession(1310148688)--Thread(Thread[Test worker,5,main])--The access type for the persistent class [class com.athena.shared.entity.query.ArtTableFieldDetails] is set to [FIELD].
[EL Config]: metadata: 2016-01-22 10:26:20.307--ServerSession(1310148688)--Thread(Thread[Test worker,5,main])--The target entity (reference) class for the many to one mapping element [field awsTableDetail] is being defaulted to: class com.athena.shared.entity.query.ArtTableDetails.
[EL Config]: metadata: 2016-01-22 10:26:20.309--ServerSession(1310148688)--Thread(Thread[Test worker,5,main])--The access type for the persistent class [class com.test.app.shared.location.Taluka] is set to [FIELD].
[EL Config]: metadata: 2016-01-22 10:26:20.31--ServerSession(1310148688)--Thread(Thread[Test worker,5,main])--The access type for the persistent class [class com.test.app.shared.contacts.CommunicationType] is set to [FIELD].
[EL Config]: metadata: 2016-01-22 10:26:20.311--ServerSession(1310148688)--Thread(Thread[Test worker,5,main])--The access type for the persistent class [class com.test.app.shared.contacts.ContactType] is set to [FIELD].
[EL Config]: metadata: 2016-01-22 10:26:20.312--ServerSession(1310148688)--Thread(Thread[Test worker,5,main])--The access type for the persistent class [class com.test.app.shared.authentication.UserData] is set to [FIELD].
[EL Config]: metadata: 2016-01-22 10:26:20.313--ServerSession(1310148688)--Thread(Thread[Test worker,5,main])--The target entity (reference) class for the one to one mapping element [field user] is being defaulted to: class com.test.app.shared.authentication.User.
[EL Config]: metadata: 2016-01-22 10:26:20.313--ServerSession(1310148688)--Thread(Thread[Test worker,5,main])--The access type for the persistent class [class com.test.app.shared.contacts.CommunicationGroup] is set to [FIELD].
[EL Config]: metadata: 2016-01-22 10:26:20.314--ServerSession(1310148688)--Thread(Thread[Test worker,5,main])--The access type for the persistent class [class com.test.app.shared.contacts.CoreContacts] is set to [FIELD].
[EL Config]: metadata: 2016-01-22 10:26:20.315--ServerSession(1310148688)--Thread(Thread[Test worker,5,main])--The target entity (reference) class for the one to one mapping element [field timezone] is being defaulted to: class com.test.app.shared.location.Timezone.
[EL Config]: metadata: 2016-01-22 10:26:20.316--ServerSession(1310148688)--Thread(Thread[Test worker,5,main])--The target entity (reference) class for the one to many mapping element [field address] is being defaulted to: class com.test.app.shared.location.Address.
[EL Config]: metadata: 2016-01-22 10:26:20.316--ServerSession(1310148688)--Thread(Thread[Test worker,5,main])--The target entity (reference) class for the one to many mapping element [field communicationData] is being defaulted to: class com.test.app.shared.contacts.CommunicationData.
[EL Config]: metadata: 2016-01-22 10:26:20.317--ServerSession(1310148688)--Thread(Thread[Test worker,5,main])--The access type for the persistent class [class com.test.app.shared.contacts.CommunicationData] is set to [FIELD].
[EL Config]: metadata: 2016-01-22 10:26:20.318--ServerSession(1310148688)--Thread(Thread[Test worker,5,main])--The access type for the persistent class [class com.spartan.healthmeter.entity.ZenRequestDetails] is set to [FIELD].
[EL Config]: metadata: 2016-01-22 10:26:20.319--ServerSession(1310148688)--Thread(Thread[Test worker,5,main])--The access type for the persistent class [class com.spartan.healthmeter.entity.ArtHealthSchedulerConfiguration] is set to [FIELD].
[EL Config]: metadata: 2016-01-22 10:26:20.32--ServerSession(1310148688)--Thread(Thread[Test worker,5,main])--The access type for the persistent class [class com.test.app.shared.authentication.PasswordAlgo] is set to [FIELD].
[EL Config]: metadata: 2016-01-22 10:26:20.321--ServerSession(1310148688)--Thread(Thread[Test worker,5,main])--The access type for the persistent class [class com.test.app.shared.authentication.User] is set to [FIELD].
[EL Config]: metadata: 2016-01-22 10:26:20.322--ServerSession(1310148688)--Thread(Thread[Test worker,5,main])--The target entity (reference) class for the one to one mapping element [field userData] is being defaulted to: class com.test.app.shared.authentication.UserData.
[EL Config]: metadata: 2016-01-22 10:26:20.323--ServerSession(1310148688)--Thread(Thread[Test worker,5,main])--The target entity (reference) class for the one to many mapping element [field passRecovery] is being defaulted to: class com.test.app.shared.authentication.PassRecovery.
[EL Config]: metadata: 2016-01-22 10:26:20.323--ServerSession(1310148688)--Thread(Thread[Test worker,5,main])--The access type for the persistent class [class com.athena.ruleengine.shared.ArtRules] is set to [FIELD].
[EL Config]: metadata: 2016-01-22 10:26:20.324--ServerSession(1310148688)--Thread(Thread[Test worker,5,main])--The access type for the persistent class [class com.athena.shared.entity.report.ArtReportBuilderDetails] is set to [FIELD].
[EL Config]: metadata: 2016-01-22 10:26:20.325--ServerSession(1310148688)--Thread(Thread[Test worker,5,main])--The access type for the persistent class [class com.test.app.shared.authentication.UserAccessLevel] is set to [FIELD].
[EL Config]: metadata: 2016-01-22 10:26:20.325--ServerSession(1310148688)--Thread(Thread[Test worker,5,main])--The access type for the persistent class [class com.test.app.shared.authorization.UserRoleBridge] is set to [FIELD].
[EL Config]: metadata: 2016-01-22 10:26:20.326--ServerSession(1310148688)--Thread(Thread[Test worker,5,main])--The access type for the persistent class [class com.athena.cloud.shared.entity.CloudDriveTagFiles] is set to [FIELD].
[EL Config]: metadata: 2016-01-22 10:26:20.326--ServerSession(1310148688)--Thread(Thread[Test worker,5,main])--The target entity (reference) class for the one to one mapping element [field tags] is being defaulted to: class com.athena.cloud.shared.entity.CloudDriveTags.
[EL Config]: metadata: 2016-01-22 10:26:20.326--ServerSession(1310148688)--Thread(Thread[Test worker,5,main])--The target entity (reference) class for the one to one mapping element [field file] is being defaulted to: class com.athena.cloud.shared.entity.CloudDriveFiles.
[EL Config]: metadata: 2016-01-22 10:26:20.327--ServerSession(1310148688)--Thread(Thread[Test worker,5,main])--The access type for the persistent class [class com.test.app.shared.location.Region] is set to [FIELD].
[EL Config]: metadata: 2016-01-22 10:26:20.328--ServerSession(1310148688)--Thread(Thread[Test worker,5,main])--The access type for the persistent class [class com.test.app.shared.location.City] is set to [FIELD].
[EL Config]: metadata: 2016-01-22 10:26:20.328--ServerSession(1310148688)--Thread(Thread[Test worker,5,main])--The access type for the persistent class [class com.spartan.healthmeter.entity.ZenHealthCounter] is set to [FIELD].
[EL Config]: metadata: 2016-01-22 10:26:20.329--ServerSession(1310148688)--Thread(Thread[Test worker,5,main])--The access type for the persistent class [class com.test.app.shared.location.Village] is set to [FIELD].
[EL Config]: metadata: 2016-01-22 10:26:20.33--ServerSession(1310148688)--Thread(Thread[Test worker,5,main])--The access type for the persistent class [class com.spartan.healthmeter.entity.ZenHealth] is set to [FIELD].
[EL Config]: metadata: 2016-01-22 10:26:20.331--ServerSession(1310148688)--Thread(Thread[Test worker,5,main])--The access type for the persistent class [class com.athena.shared.entity.report.ArtChartDataFieldJson] is set to [FIELD].
[EL Config]: metadata: 2016-01-22 10:26:20.332--ServerSession(1310148688)--Thread(Thread[Test worker,5,main])--The access type for the persistent class [class com.athena.shared.entity.report.ArtReportUI] is set to [FIELD].
[EL Config]: metadata: 2016-01-22 10:26:20.333--ServerSession(1310148688)--Thread(Thread[Test worker,5,main])--The access type for the persistent class [class com.test.app.shared.customers.AppCustomer] is set to [FIELD].
[EL Config]: metadata: 2016-01-22 10:26:20.334--ServerSession(1310148688)--Thread(Thread[Test worker,5,main])--The access type for the persistent class [class com.test.app.shared.defaultdomain.Dept] is set to [FIELD].
[EL Config]: metadata: 2016-01-22 10:26:20.334--ServerSession(1310148688)--Thread(Thread[Test worker,5,main])--The access type for the persistent class [class com.athena.shared.entity.report.ArtService] is set to [FIELD].
[EL Config]: metadata: 2016-01-22 10:26:20.334--ServerSession(1310148688)--Thread(Thread[Test worker,5,main])--The target entity (reference) class for the one to many mapping element [field artServiceOperations] is being defaulted to: class com.athena.shared.entity.report.ArtServiceOperation.
[EL Config]: metadata: 2016-01-22 10:26:20.335--ServerSession(1310148688)--Thread(Thread[Test worker,5,main])--The access type for the persistent class [class com.athena.server.bean.EntityBean] is set to [FIELD].
[EL Config]: metadata: 2016-01-22 10:26:20.335--ServerSession(1310148688)--Thread(Thread[Test worker,5,main])--The access type for the persistent class [class com.test.app.shared.location.AddressType] is set to [FIELD].
[EL Config]: metadata: 2016-01-22 10:26:20.336--ServerSession(1310148688)--Thread(Thread[Test worker,5,main])--The access type for the persistent class [class com.test.app.shared.authentication.PassRecovery] is set to [FIELD].
[EL Config]: metadata: 2016-01-22 10:26:20.336--ServerSession(1310148688)--Thread(Thread[Test worker,5,main])--The target entity (reference) class for the one to one mapping element [field user] is being defaulted to: class com.test.app.shared.authentication.User.
[EL Config]: metadata: 2016-01-22 10:26:20.337--ServerSession(1310148688)--Thread(Thread[Test worker,5,main])--The access type for the persistent class [class com.test.app.shared.location.AddressExtended] is set to [FIELD].
[EL Config]: metadata: 2016-01-22 10:26:20.337--ServerSession(1310148688)--Thread(Thread[Test worker,5,main])--The access type for the persistent class [class com.test.app.shared.authorization.RoleMenuBridge] is set to [FIELD].
[EL Config]: metadata: 2016-01-22 10:26:20.338--ServerSession(1310148688)--Thread(Thread[Test worker,5,main])--The target entity (reference) class for the one to one mapping element [field roles] is being defaulted to: class com.test.app.shared.authorization.Roles.
[EL Config]: metadata: 2016-01-22 10:26:20.338--ServerSession(1310148688)--Thread(Thread[Test worker,5,main])--The access type for the persistent class [class com.test.app.shared.location.Language] is set to [FIELD].
[EL Config]: metadata: 2016-01-22 10:26:20.339--ServerSession(1310148688)--Thread(Thread[Test worker,5,main])--The access type for the persistent class [class com.test.app.shared.location.Currency] is set to [FIELD].
[EL Config]: metadata: 2016-01-22 10:26:20.339--ServerSession(1310148688)--Thread(Thread[Test worker,5,main])--The access type for the persistent class [class com.athena.shared.entity.query.ArtDatabaseAggregate] is set to [FIELD].
[EL Config]: metadata: 2016-01-22 10:26:20.34--ServerSession(1310148688)--Thread(Thread[Test worker,5,main])--The access type for the persistent class [class com.test.app.shared.authentication.PasswordPolicy] is set to [FIELD].
[EL Config]: metadata: 2016-01-22 10:26:20.341--ServerSession(1310148688)--Thread(Thread[Test worker,5,main])--The access type for the persistent class [class com.spartan.healthmeter.shared.EntityAudit] is set to [FIELD].
[EL Config]: metadata: 2016-01-22 10:26:20.342--ServerSession(1310148688)--Thread(Thread[Test worker,5,main])--The access type for the persistent class [class com.spartan.healthmeter.shared.SystemInfo] is set to [FIELD].
[EL Config]: metadata: 2016-01-22 10:26:20.343--ServerSession(1310148688)--Thread(Thread[Test worker,5,main])--The access type for the persistent class [class com.test.app.shared.SystemInfo] is set to [FIELD].
[EL Config]: metadata: 2016-01-22 10:26:20.343--ServerSession(1310148688)--Thread(Thread[Test worker,5,main])--The access type for the persistent class [class com.test.app.shared.EntityAudit] is set to [FIELD].
[EL Config]: metadata: 2016-01-22 10:26:20.351--ServerSession(1310148688)--Thread(Thread[Test worker,5,main])--The alias name for the entity class [class com.athena.shared.entity.query.ArtQuery] is being defaulted to: ArtQuery.
[EL Config]: metadata: 2016-01-22 10:26:20.361--ServerSession(1310148688)--Thread(Thread[Test worker,5,main])--The alias name for the entity class [class com.athena.shared.entity.query.ArtMenu] is being defaulted to: ArtMenu.
[EL Config]: metadata: 2016-01-22 10:26:20.362--ServerSession(1310148688)--Thread(Thread[Test worker,5,main])--The alias name for the entity class [class com.test.app.shared.authorization.AppMenus] is being defaulted to: AppMenus.
[EL Config]: metadata: 2016-01-22 10:26:20.365--ServerSession(1310148688)--Thread(Thread[Test worker,5,main])--The alias name for the entity class [class com.athena.shared.entity.query.ArtTableEntityRelation] is being defaulted to: ArtTableEntityRelation.
[EL Config]: metadata: 2016-01-22 10:26:20.366--ServerSession(1310148688)--Thread(Thread[Test worker,5,main])--The alias name for the entity class [class com.test.app.shared.location.Country] is being defaulted to: Country.
[EL Config]: metadata: 2016-01-22 10:26:20.367--ServerSession(1310148688)--Thread(Thread[Test worker,5,main])--The alias name for the entity class [class com.athena.cloud.shared.entity.CloudDriveTags] is being defaulted to: CloudDriveTags.
[EL Config]: metadata: 2016-01-22 10:26:20.367--ServerSession(1310148688)--Thread(Thread[Test worker,5,main])--The alias name for the entity class [class com.athena.shared.entity.report.ArtServiceOperation] is being defaulted to: ArtServiceOperation.
[EL Config]: metadata: 2016-01-22 10:26:20.368--ServerSession(1310148688)--Thread(Thread[Test worker,5,main])--The alias name for the entity class [class com.test.app.shared.authentication.Login] is being defaulted to: Login.
[EL Config]: metadata: 2016-01-22 10:26:20.369--ServerSession(1310148688)--Thread(Thread[Test worker,5,main])--The alias name for the entity class [class com.athena.shared.entity.report.ArtChartTemplate] is being defaulted to: ArtChartTemplate.
[EL Config]: metadata: 2016-01-22 10:26:20.369--ServerSession(1310148688)--Thread(Thread[Test worker,5,main])--The alias name for the entity class [class com.spartan.healthmeter.entity.ArtHealthStatusConfiguration] is being defaulted to: ArtHealthStatusConfiguration.
[EL Config]: metadata: 2016-01-22 10:26:20.373--ServerSession(1310148688)--Thread(Thread[Test worker,5,main])--The alias name for the entity class [class com.athena.cloud.shared.entity.CloudDriveFiles] is being defaulted to: CloudDriveFiles.
[EL Config]: metadata: 2016-01-22 10:26:20.374--ServerSession(1310148688)--Thread(Thread[Test worker,5,main])--The alias name for the entity class [class com.test.app.shared.defaultdomain.CaseSubmition] is being defaulted to: CaseSubmition.
[EL Config]: metadata: 2016-01-22 10:26:20.375--ServerSession(1310148688)--Thread(Thread[Test worker,5,main])--The alias name for the entity class [class com.athena.shared.entity.query.ArtTableDetails] is being defaulted to: ArtTableDetails.
[EL Config]: metadata: 2016-01-22 10:26:20.376--ServerSession(1310148688)--Thread(Thread[Test worker,5,main])--The alias name for the entity class [class com.test.app.shared.customers.AppCustomerType] is being defaulted to: AppCustomerType.
[EL Config]: metadata: 2016-01-22 10:26:20.377--ServerSession(1310148688)--Thread(Thread[Test worker,5,main])--The alias name for the entity class [class com.test.app.shared.defaultdomain.Employee] is being defaulted to: Employee.
[EL Config]: metadata: 2016-01-22 10:26:20.377--ServerSession(1310148688)--Thread(Thread[Test worker,5,main])--The alias name for the entity class [class com.athena.shared.entity.report.ArtChartCategory] is being defaulted to: ArtChartCategory.
[EL Config]: metadata: 2016-01-22 10:26:20.378--ServerSession(1310148688)--Thread(Thread[Test worker,5,main])--The alias name for the entity class [class com.athena.shared.entity.report.ArtChartJson] is being defaulted to: ArtChartJson.
[EL Config]: metadata: 2016-01-22 10:26:20.379--ServerSession(1310148688)--Thread(Thread[Test worker,5,main])--The alias name for the entity class [class com.test.app.shared.customers.AppCustomerCategory] is being defaulted to: AppCustomerCategory.
[EL Config]: metadata: 2016-01-22 10:26:20.38--ServerSession(1310148688)--Thread(Thread[Test worker,5,main])--The alias name for the entity class [class com.spartan.healthmeter.entity.ZenHealthGauge] is being defaulted to: ZenHealthGauge.
[EL Config]: metadata: 2016-01-22 10:26:20.38--ServerSession(1310148688)--Thread(Thread[Test worker,5,main])--The alias name for the entity class [class com.test.app.shared.contacts.Title] is being defaulted to: Title.
[EL Config]: metadata: 2016-01-22 10:26:20.38--ServerSession(1310148688)--Thread(Thread[Test worker,5,main])--The alias name for the entity class [class com.athena.cloud.shared.entity.CloudDriveContentType] is being defaulted to: CloudDriveContentType.
[EL Config]: metadata: 2016-01-22 10:26:20.381--ServerSession(1310148688)--Thread(Thread[Test worker,5,main])--The alias name for the entity class [class com.test.app.shared.contacts.Gender] is being defaulted to: Gender.
[EL Config]: metadata: 2016-01-22 10:26:20.381--ServerSession(1310148688)--Thread(Thread[Test worker,5,main])--The alias name for the entity class [class com.test.app.shared.authentication.SessionData] is being defaulted to: SessionData.
[EL Config]: metadata: 2016-01-22 10:26:20.382--ServerSession(1310148688)--Thread(Thread[Test worker,5,main])--The alias name for the entity class [class com.athena.shared.entity.report.ArtChartProperties] is being defaulted to: ArtChartProperties.
[EL Config]: metadata: 2016-01-22 10:26:20.382--ServerSession(1310148688)--Thread(Thread[Test worker,5,main])--The alias name for the entity class [class com.athena.shared.entity.query.ArtUserLastStatus] is being defaulted to: ArtUserLastStatus.
[EL Config]: metadata: 2016-01-22 10:26:20.383--ServerSession(1310148688)--Thread(Thread[Test worker,5,main])--The alias name for the entity class [class com.test.app.shared.location.Address] is being defaulted to: Address.
[EL Config]: metadata: 2016-01-22 10:26:20.383--ServerSession(1310148688)--Thread(Thread[Test worker,5,main])--The alias name for the entity class [class com.athena.shared.entity.query.ArtMasterForm] is being defaulted to: ArtMasterForm.
[EL Config]: metadata: 2016-01-22 10:26:20.384--ServerSession(1310148688)--Thread(Thread[Test worker,5,main])--The alias name for the entity class [class com.athena.deo.model.AwsExternalIntegration] is being defaulted to: AwsExternalIntegration.
[EL Config]: metadata: 2016-01-22 10:26:20.385--ServerSession(1310148688)--Thread(Thread[Test worker,5,main])--The alias name for the entity class [class com.athena.shared.entity.query.ArtUserMenu] is being defaulted to: ArtUserMenu.
[EL Warning]: metadata: 2016-01-22 10:26:20.385--ServerSession(1310148688)--Thread(Thread[Test worker,5,main])--You have specified multiple ids for the entity class [com.athena.shared.entity.query.ArtUserMenu] without specifying an @IdClass. By doing this you may lose the ability to find by identity, distributed cache support etc. Note: You may however use entity manager find operations by passing a list of primary key fields. Else, you will have to use JPQL queries to read your entities. For other id options see @PrimaryKey.
[EL Config]: metadata: 2016-01-22 10:26:20.385--ServerSession(1310148688)--Thread(Thread[Test worker,5,main])--The alias name for the entity class [class com.athena.cloud.shared.entity.CloudDriveTagShared] is being defaulted to: CloudDriveTagShared.
[EL Config]: metadata: 2016-01-22 10:26:20.386--ServerSession(1310148688)--Thread(Thread[Test worker,5,main])--The column name for element [id] is being defaulted to: ID.
[EL Config]: metadata: 2016-01-22 10:26:20.386--ServerSession(1310148688)--Thread(Thread[Test worker,5,main])--The alias name for the entity class [class com.test.app.shared.authorization.Roles] is being defaulted to: Roles.
[EL Config]: metadata: 2016-01-22 10:26:20.386--ServerSession(1310148688)--Thread(Thread[Test worker,5,main])--The alias name for the entity class [class com.spartan.healthmeter.entity.HealthSchedulerConfiguration] is being defaulted to: HealthSchedulerConfiguration.
[EL Config]: metadata: 2016-01-22 10:26:20.387--ServerSession(1310148688)--Thread(Thread[Test worker,5,main])--The alias name for the entity class [class com.athena.cloud.shared.entity.CloudDriveFileVersion] is being defaulted to: CloudDriveFileVersion.
[EL Config]: metadata: 2016-01-22 10:26:20.387--ServerSession(1310148688)--Thread(Thread[Test worker,5,main])--The alias name for the entity class [class com.spartan.healthmeter.entity.ZenSchedulerHealth] is being defaulted to: ZenSchedulerHealth.
[EL Config]: metadata: 2016-01-22 10:26:20.388--ServerSession(1310148688)--Thread(Thread[Test worker,5,main])--The alias name for the entity class [class com.athena.shared.entity.report.ArtChartType] is being defaulted to: ArtChartType.
[EL Config]: metadata: 2016-01-22 10:26:20.389--ServerSession(1310148688)--Thread(Thread[Test worker,5,main])--The alias name for the entity class [class com.test.app.shared.authentication.LoginSession] is being defaulted to: LoginSession.
[EL Config]: metadata: 2016-01-22 10:26:20.389--ServerSession(1310148688)--Thread(Thread[Test worker,5,main])--The alias name for the entity class [class com.athena.shared.entity.query.ArtDatabaseFunction] is being defaulted to: ArtDatabaseFunction.
[EL Config]: metadata: 2016-01-22 10:26:20.39--ServerSession(1310148688)--Thread(Thread[Test worker,5,main])--The alias name for the entity class [class com.test.app.shared.defaultdomain.NewEntity] is being defaulted to: NewEntity.
[EL Config]: metadata: 2016-01-22 10:26:20.39--ServerSession(1310148688)--Thread(Thread[Test worker,5,main])--The alias name for the entity class [class com.test.app.shared.defaultdomain.Test] is being defaulted to: Test.
[EL Config]: metadata: 2016-01-22 10:26:20.39--ServerSession(1310148688)--Thread(Thread[Test worker,5,main])--The alias name for the entity class [class com.athena.shared.entity.report.ArtChartPropLanguage] is being defaulted to: ArtChartPropLanguage.
[EL Config]: metadata: 2016-01-22 10:26:20.391--ServerSession(1310148688)--Thread(Thread[Test worker,5,main])--The alias name for the entity class [class com.spartan.shield.server.entity.AppSessionConfig] is being defaulted to: AppSessionConfig.
[EL Config]: metadata: 2016-01-22 10:26:20.392--ServerSession(1310148688)--Thread(Thread[Test worker,5,main])--The alias name for the entity class [class com.athena.shared.entity.report.ArtLangMaster] is being defaulted to: ArtLangMaster.
[EL Config]: metadata: 2016-01-22 10:26:20.392--ServerSession(1310148688)--Thread(Thread[Test worker,5,main])--The alias name for the entity class [class com.athena.shared.entity.query.ArtDatabaseOperators] is being defaulted to: ArtDatabaseOperators.
[EL Config]: metadata: 2016-01-22 10:26:20.393--ServerSession(1310148688)--Thread(Thread[Test worker,5,main])--The alias name for the entity class [class com.test.app.shared.location.State] is being defaulted to: State.
[EL Config]: metadata: 2016-01-22 10:26:20.394--ServerSession(1310148688)--Thread(Thread[Test worker,5,main])--The alias name for the entity class [class com.athena.cloud.shared.entity.CloudDriveFileShared] is being defaulted to: CloudDriveFileShared.
[EL Config]: metadata: 2016-01-22 10:26:20.394--ServerSession(1310148688)--Thread(Thread[Test worker,5,main])--The column name for element [id] is being defaulted to: ID.
[EL Config]: metadata: 2016-01-22 10:26:20.395--ServerSession(1310148688)--Thread(Thread[Test worker,5,main])--The alias name for the entity class [class com.test.app.shared.authentication.Question] is being defaulted to: Question.
[EL Config]: metadata: 2016-01-22 10:26:20.395--ServerSession(1310148688)--Thread(Thread[Test worker,5,main])--The alias name for the entity class [class com.test.app.shared.authentication.UserAccessDomain] is being defaulted to: UserAccessDomain.
[EL Config]: metadata: 2016-01-22 10:26:20.396--ServerSession(1310148688)--Thread(Thread[Test worker,5,main])--The alias name for the entity class [class com.spartan.healthmeter.entity.ZenHealthStatus] is being defaulted to: ZenHealthStatus.
[EL Config]: metadata: 2016-01-22 10:26:20.396--ServerSession(1310148688)--Thread(Thread[Test worker,5,main])--The alias name for the entity class [class com.test.app.shared.location.District] is being defaulted to: District.
[EL Config]: metadata: 2016-01-22 10:26:20.397--ServerSession(1310148688)--Thread(Thread[Test worker,5,main])--The alias name for the entity class [class com.athena.cloud.shared.entity.CloudDriveDefaultTags] is being defaulted to: CloudDriveDefaultTags.
[EL Config]: metadata: 2016-01-22 10:26:20.397--ServerSession(1310148688)--Thread(Thread[Test worker,5,main])--The alias name for the entity class [class com.test.app.shared.location.Timezone] is being defaulted to: Timezone.
[EL Config]: metadata: 2016-01-22 10:26:20.398--ServerSession(1310148688)--Thread(Thread[Test worker,5,main])--The alias name for the entity class [class com.athena.shared.entity.query.ArtTableFieldDetails] is being defaulted to: ArtTableFieldDetails.
[EL Config]: metadata: 2016-01-22 10:26:20.399--ServerSession(1310148688)--Thread(Thread[Test worker,5,main])--The alias name for the entity class [class com.test.app.shared.location.Taluka] is being defaulted to: Taluka.
[EL Config]: metadata: 2016-01-22 10:26:20.4--ServerSession(1310148688)--Thread(Thread[Test worker,5,main])--The alias name for the entity class [class com.test.app.shared.contacts.CommunicationType] is being defaulted to: CommunicationType.
[EL Config]: metadata: 2016-01-22 10:26:20.401--ServerSession(1310148688)--Thread(Thread[Test worker,5,main])--The alias name for the entity class [class com.test.app.shared.contacts.ContactType] is being defaulted to: ContactType.
[EL Config]: metadata: 2016-01-22 10:26:20.401--ServerSession(1310148688)--Thread(Thread[Test worker,5,main])--The alias name for the entity class [class com.test.app.shared.authentication.UserData] is being defaulted to: UserData.
[EL Config]: metadata: 2016-01-22 10:26:20.401--ServerSession(1310148688)--Thread(Thread[Test worker,5,main])--The alias name for the entity class [class com.test.app.shared.contacts.CommunicationGroup] is being defaulted to: CommunicationGroup.
[EL Config]: metadata: 2016-01-22 10:26:20.402--ServerSession(1310148688)--Thread(Thread[Test worker,5,main])--The alias name for the entity class [class com.test.app.shared.contacts.CoreContacts] is being defaulted to: CoreContacts.
[EL Config]: metadata: 2016-01-22 10:26:20.403--ServerSession(1310148688)--Thread(Thread[Test worker,5,main])--The alias name for the entity class [class com.test.app.shared.contacts.CommunicationData] is being defaulted to: CommunicationData.
[EL Config]: metadata: 2016-01-22 10:26:20.403--ServerSession(1310148688)--Thread(Thread[Test worker,5,main])--The alias name for the entity class [class com.spartan.healthmeter.entity.ZenRequestDetails] is being defaulted to: ZenRequestDetails.
[EL Config]: metadata: 2016-01-22 10:26:20.404--ServerSession(1310148688)--Thread(Thread[Test worker,5,main])--The alias name for the entity class [class com.spartan.healthmeter.entity.ArtHealthSchedulerConfiguration] is being defaulted to: ArtHealthSchedulerConfiguration.
[EL Config]: metadata: 2016-01-22 10:26:20.404--ServerSession(1310148688)--Thread(Thread[Test worker,5,main])--The alias name for the entity class [class com.test.app.shared.authentication.PasswordAlgo] is being defaulted to: PasswordAlgo.
[EL Config]: metadata: 2016-01-22 10:26:20.405--ServerSession(1310148688)--Thread(Thread[Test worker,5,main])--The alias name for the entity class [class com.test.app.shared.authentication.User] is being defaulted to: User.
[EL Config]: metadata: 2016-01-22 10:26:20.405--ServerSession(1310148688)--Thread(Thread[Test worker,5,main])--The alias name for the entity class [class com.athena.ruleengine.shared.ArtRules] is being defaulted to: ArtRules.
[EL Config]: metadata: 2016-01-22 10:26:20.406--ServerSession(1310148688)--Thread(Thread[Test worker,5,main])--The alias name for the entity class [class com.athena.shared.entity.report.ArtReportBuilderDetails] is being defaulted to: ArtReportBuilderDetails.
[EL Config]: metadata: 2016-01-22 10:26:20.407--ServerSession(1310148688)--Thread(Thread[Test worker,5,main])--The alias name for the entity class [class com.test.app.shared.authentication.UserAccessLevel] is being defaulted to: UserAccessLevel.
[EL Config]: metadata: 2016-01-22 10:26:20.407--ServerSession(1310148688)--Thread(Thread[Test worker,5,main])--The alias name for the entity class [class com.test.app.shared.authorization.UserRoleBridge] is being defaulted to: UserRoleBridge.
[EL Config]: metadata: 2016-01-22 10:26:20.408--ServerSession(1310148688)--Thread(Thread[Test worker,5,main])--The alias name for the entity class [class com.athena.cloud.shared.entity.CloudDriveTagFiles] is being defaulted to: CloudDriveTagFiles.
[EL Config]: metadata: 2016-01-22 10:26:20.408--ServerSession(1310148688)--Thread(Thread[Test worker,5,main])--The column name for element [id] is being defaulted to: ID.
[EL Config]: metadata: 2016-01-22 10:26:20.408--ServerSession(1310148688)--Thread(Thread[Test worker,5,main])--The alias name for the entity class [class com.test.app.shared.location.Region] is being defaulted to: Region.
[EL Config]: metadata: 2016-01-22 10:26:20.409--ServerSession(1310148688)--Thread(Thread[Test worker,5,main])--The alias name for the entity class [class com.test.app.shared.location.City] is being defaulted to: City.
[EL Config]: metadata: 2016-01-22 10:26:20.409--ServerSession(1310148688)--Thread(Thread[Test worker,5,main])--The alias name for the entity class [class com.spartan.healthmeter.entity.ZenHealthCounter] is being defaulted to: ZenHealthCounter.
[EL Config]: metadata: 2016-01-22 10:26:20.41--ServerSession(1310148688)--Thread(Thread[Test worker,5,main])--The alias name for the entity class [class com.test.app.shared.location.Village] is being defaulted to: Village.
[EL Config]: metadata: 2016-01-22 10:26:20.41--ServerSession(1310148688)--Thread(Thread[Test worker,5,main])--The alias name for the entity class [class com.spartan.healthmeter.entity.ZenHealth] is being defaulted to: ZenHealth.
[EL Config]: metadata: 2016-01-22 10:26:20.412--ServerSession(1310148688)--Thread(Thread[Test worker,5,main])--The alias name for the entity class [class com.athena.shared.entity.report.ArtChartDataFieldJson] is being defaulted to: ArtChartDataFieldJson.
[EL Config]: metadata: 2016-01-22 10:26:20.412--ServerSession(1310148688)--Thread(Thread[Test worker,5,main])--The alias name for the entity class [class com.athena.shared.entity.report.ArtReportUI] is being defaulted to: ArtReportUI.
[EL Config]: metadata: 2016-01-22 10:26:20.413--ServerSession(1310148688)--Thread(Thread[Test worker,5,main])--The alias name for the entity class [class com.test.app.shared.customers.AppCustomer] is being defaulted to: AppCustomer.
[EL Config]: metadata: 2016-01-22 10:26:20.413--ServerSession(1310148688)--Thread(Thread[Test worker,5,main])--The alias name for the entity class [class com.test.app.shared.defaultdomain.Dept] is being defaulted to: Dept.
[EL Config]: metadata: 2016-01-22 10:26:20.414--ServerSession(1310148688)--Thread(Thread[Test worker,5,main])--The alias name for the entity class [class com.athena.shared.entity.report.ArtService] is being defaulted to: ArtService.
[EL Config]: metadata: 2016-01-22 10:26:20.414--ServerSession(1310148688)--Thread(Thread[Test worker,5,main])--The alias name for the entity class [class com.athena.server.bean.EntityBean] is being defaulted to: EntityBean.
[EL Config]: metadata: 2016-01-22 10:26:20.414--ServerSession(1310148688)--Thread(Thread[Test worker,5,main])--The table name for entity [class com.athena.server.bean.EntityBean] is being defaulted to: ENTITYBEAN.
[EL Config]: metadata: 2016-01-22 10:26:20.415--ServerSession(1310148688)--Thread(Thread[Test worker,5,main])--The column name for element [id] is being defaulted to: ID.
[EL Config]: metadata: 2016-01-22 10:26:20.415--ServerSession(1310148688)--Thread(Thread[Test worker,5,main])--The column name for element [name] is being defaulted to: NAME.
[EL Config]: metadata: 2016-01-22 10:26:20.415--ServerSession(1310148688)--Thread(Thread[Test worker,5,main])--The column name for element [fields] is being defaulted to: FIELDS.
[EL Config]: metadata: 2016-01-22 10:26:20.417--ServerSession(1310148688)--Thread(Thread[Test worker,5,main])--The alias name for the entity class [class com.test.app.shared.location.AddressType] is being defaulted to: AddressType.
[EL Config]: metadata: 2016-01-22 10:26:20.417--ServerSession(1310148688)--Thread(Thread[Test worker,5,main])--The alias name for the entity class [class com.test.app.shared.authentication.PassRecovery] is being defaulted to: PassRecovery.
[EL Config]: metadata: 2016-01-22 10:26:20.418--ServerSession(1310148688)--Thread(Thread[Test worker,5,main])--The alias name for the entity class [class com.test.app.shared.location.AddressExtended] is being defaulted to: AddressExtended.
[EL Config]: metadata: 2016-01-22 10:26:20.418--ServerSession(1310148688)--Thread(Thread[Test worker,5,main])--The alias name for the entity class [class com.test.app.shared.authorization.RoleMenuBridge] is being defaulted to: RoleMenuBridge.
[EL Config]: metadata: 2016-01-22 10:26:20.419--ServerSession(1310148688)--Thread(Thread[Test worker,5,main])--The alias name for the entity class [class com.test.app.shared.location.Language] is being defaulted to: Language.
[EL Config]: metadata: 2016-01-22 10:26:20.419--ServerSession(1310148688)--Thread(Thread[Test worker,5,main])--The alias name for the entity class [class com.test.app.shared.location.Currency] is being defaulted to: Currency.
[EL Config]: metadata: 2016-01-22 10:26:20.419--ServerSession(1310148688)--Thread(Thread[Test worker,5,main])--The alias name for the entity class [class com.athena.shared.entity.query.ArtDatabaseAggregate] is being defaulted to: ArtDatabaseAggregate.
[EL Config]: metadata: 2016-01-22 10:26:20.42--ServerSession(1310148688)--Thread(Thread[Test worker,5,main])--The alias name for the entity class [class com.test.app.shared.authentication.PasswordPolicy] is being defaulted to: PasswordPolicy.
[EL Config]: metadata: 2016-01-22 10:26:20.431--ServerSession(1310148688)--Thread(Thread[Test worker,5,main])--The primary key column name for the mapping element [field artservice] is being defaulted to: service_id.
[EL Config]: metadata: 2016-01-22 10:26:20.485--ServerSession(1310148688)--Thread(Thread[Test worker,5,main])--The primary key column name for the mapping element [field contentType] is being defaulted to: file_mime_type.
[EL Config]: metadata: 2016-01-22 10:26:20.485--ServerSession(1310148688)--Thread(Thread[Test worker,5,main])--The primary key column name for the mapping element [field file] is being defaulted to: file_id.
[EL Config]: metadata: 2016-01-22 10:26:20.486--ServerSession(1310148688)--Thread(Thread[Test worker,5,main])--The primary key column name for the mapping element [field file] is being defaulted to: file_id.
[EL Config]: metadata: 2016-01-22 10:26:20.489--ServerSession(1310148688)--Thread(Thread[Test worker,5,main])--The primary key column name for the mapping element [field file] is being defaulted to: file_id.
[EL Info]: 2016-01-22 10:26:21.549--ServerSession(1310148688)--Thread(Thread[Test worker,5,main])--EclipseLink, version: Eclipse Persistence Services - 2.5.1.v20130918-f2b9fc5
[EL Fine]: connection: 2016-01-22 10:26:22.127--Thread(Thread[Test worker,5,main])--Detected database platform: org.eclipse.persistence.platform.database.MySQLPlatform
[EL Config]: connection: 2016-01-22 10:26:22.141--ServerSession(1310148688)--Connection(352289140)--Thread(Thread[Test worker,5,main])--connecting(DatabaseLogin(
	platform=>MySQLPlatform
	user name=> "pro1"
	datasource URL=> "jdbc:mysql://localhost-MYSQL:3306/pro1"
))
[EL Config]: connection: 2016-01-22 10:26:22.15--ServerSession(1310148688)--Connection(1907199383)--Thread(Thread[Test worker,5,main])--Connected: jdbc:mysql://localhost-MYSQL:3306/pro1
	User: pro1@172.17.0.4
	Database: MySQL  Version: 5.7.7-rc
	Driver: MySQL Connector Java  Version: mysql-connector-java-5.1.31 ( Revision: alexander.soklakov@oracle.com-20140520065950-groqzzbvxprqdmnz )
[EL Config]: connection: 2016-01-22 10:26:22.15--ServerSession(1310148688)--Connection(959114959)--Thread(Thread[Test worker,5,main])--connecting(DatabaseLogin(
	platform=>MySQLPlatform
	user name=> "pro1"
	datasource URL=> "jdbc:mysql://localhost-MYSQL:3306/pro1"
))
[EL Config]: connection: 2016-01-22 10:26:22.158--ServerSession(1310148688)--Connection(144130401)--Thread(Thread[Test worker,5,main])--Connected: jdbc:mysql://localhost-MYSQL:3306/pro1
	User: pro1@172.17.0.4
	Database: MySQL  Version: 5.7.7-rc
	Driver: MySQL Connector Java  Version: mysql-connector-java-5.1.31 ( Revision: alexander.soklakov@oracle.com-20140520065950-groqzzbvxprqdmnz )
[EL Config]: connection: 2016-01-22 10:26:22.158--ServerSession(1310148688)--Connection(38095791)--Thread(Thread[Test worker,5,main])--connecting(DatabaseLogin(
	platform=>MySQLPlatform
	user name=> "pro1"
	datasource URL=> "jdbc:mysql://localhost-MYSQL:3306/pro1"
))
[EL Config]: connection: 2016-01-22 10:26:22.166--ServerSession(1310148688)--Connection(704592347)--Thread(Thread[Test worker,5,main])--Connected: jdbc:mysql://localhost-MYSQL:3306/pro1
	User: pro1@172.17.0.4
	Database: MySQL  Version: 5.7.7-rc
	Driver: MySQL Connector Java  Version: mysql-connector-java-5.1.31 ( Revision: alexander.soklakov@oracle.com-20140520065950-groqzzbvxprqdmnz )
[EL Config]: connection: 2016-01-22 10:26:22.166--ServerSession(1310148688)--Connection(858746471)--Thread(Thread[Test worker,5,main])--connecting(DatabaseLogin(
	platform=>MySQLPlatform
	user name=> "pro1"
	datasource URL=> "jdbc:mysql://localhost-MYSQL:3306/pro1"
))
[EL Config]: connection: 2016-01-22 10:26:22.174--ServerSession(1310148688)--Connection(330152718)--Thread(Thread[Test worker,5,main])--Connected: jdbc:mysql://localhost-MYSQL:3306/pro1
	User: pro1@172.17.0.4
	Database: MySQL  Version: 5.7.7-rc
	Driver: MySQL Connector Java  Version: mysql-connector-java-5.1.31 ( Revision: alexander.soklakov@oracle.com-20140520065950-groqzzbvxprqdmnz )
[EL Config]: connection: 2016-01-22 10:26:22.174--ServerSession(1310148688)--Connection(1926471225)--Thread(Thread[Test worker,5,main])--connecting(DatabaseLogin(
	platform=>MySQLPlatform
	user name=> "pro1"
	datasource URL=> "jdbc:mysql://localhost-MYSQL:3306/pro1"
))
[EL Config]: connection: 2016-01-22 10:26:22.183--ServerSession(1310148688)--Connection(919930347)--Thread(Thread[Test worker,5,main])--Connected: jdbc:mysql://localhost-MYSQL:3306/pro1
	User: pro1@172.17.0.4
	Database: MySQL  Version: 5.7.7-rc
	Driver: MySQL Connector Java  Version: mysql-connector-java-5.1.31 ( Revision: alexander.soklakov@oracle.com-20140520065950-groqzzbvxprqdmnz )
[EL Config]: connection: 2016-01-22 10:26:22.183--ServerSession(1310148688)--Connection(1534567276)--Thread(Thread[Test worker,5,main])--connecting(DatabaseLogin(
	platform=>MySQLPlatform
	user name=> "pro1"
	datasource URL=> "jdbc:mysql://localhost-MYSQL:3306/pro1"
))
[EL Config]: connection: 2016-01-22 10:26:22.191--ServerSession(1310148688)--Connection(1191272328)--Thread(Thread[Test worker,5,main])--Connected: jdbc:mysql://localhost-MYSQL:3306/pro1
	User: pro1@172.17.0.4
	Database: MySQL  Version: 5.7.7-rc
	Driver: MySQL Connector Java  Version: mysql-connector-java-5.1.31 ( Revision: alexander.soklakov@oracle.com-20140520065950-groqzzbvxprqdmnz )
[EL Config]: connection: 2016-01-22 10:26:22.191--ServerSession(1310148688)--Connection(723975715)--Thread(Thread[Test worker,5,main])--connecting(DatabaseLogin(
	platform=>MySQLPlatform
	user name=> "pro1"
	datasource URL=> "jdbc:mysql://localhost-MYSQL:3306/pro1"
))
[EL Config]: connection: 2016-01-22 10:26:22.199--ServerSession(1310148688)--Connection(1419021087)--Thread(Thread[Test worker,5,main])--Connected: jdbc:mysql://localhost-MYSQL:3306/pro1
	User: pro1@172.17.0.4
	Database: MySQL  Version: 5.7.7-rc
	Driver: MySQL Connector Java  Version: mysql-connector-java-5.1.31 ( Revision: alexander.soklakov@oracle.com-20140520065950-groqzzbvxprqdmnz )
[EL Config]: connection: 2016-01-22 10:26:22.199--ServerSession(1310148688)--Connection(1681509274)--Thread(Thread[Test worker,5,main])--connecting(DatabaseLogin(
	platform=>MySQLPlatform
	user name=> "pro1"
	datasource URL=> "jdbc:mysql://localhost-MYSQL:3306/pro1"
))
[EL Config]: connection: 2016-01-22 10:26:22.207--ServerSession(1310148688)--Connection(1271143470)--Thread(Thread[Test worker,5,main])--Connected: jdbc:mysql://localhost-MYSQL:3306/pro1
	User: pro1@172.17.0.4
	Database: MySQL  Version: 5.7.7-rc
	Driver: MySQL Connector Java  Version: mysql-connector-java-5.1.31 ( Revision: alexander.soklakov@oracle.com-20140520065950-groqzzbvxprqdmnz )
[EL Config]: connection: 2016-01-22 10:26:22.207--ServerSession(1310148688)--Connection(940979934)--Thread(Thread[Test worker,5,main])--connecting(DatabaseLogin(
	platform=>MySQLPlatform
	user name=> "pro1"
	datasource URL=> "jdbc:mysql://localhost-MYSQL:3306/pro1"
))
[EL Config]: connection: 2016-01-22 10:26:22.214--ServerSession(1310148688)--Connection(1927292107)--Thread(Thread[Test worker,5,main])--Connected: jdbc:mysql://localhost-MYSQL:3306/pro1
	User: pro1@172.17.0.4
	Database: MySQL  Version: 5.7.7-rc
	Driver: MySQL Connector Java  Version: mysql-connector-java-5.1.31 ( Revision: alexander.soklakov@oracle.com-20140520065950-groqzzbvxprqdmnz )
[EL Config]: connection: 2016-01-22 10:26:22.215--ServerSession(1310148688)--Connection(1502594648)--Thread(Thread[Test worker,5,main])--connecting(DatabaseLogin(
	platform=>MySQLPlatform
	user name=> "pro1"
	datasource URL=> "jdbc:mysql://localhost-MYSQL:3306/pro1"
))
[EL Config]: connection: 2016-01-22 10:26:22.221--ServerSession(1310148688)--Connection(1213909887)--Thread(Thread[Test worker,5,main])--Connected: jdbc:mysql://localhost-MYSQL:3306/pro1
	User: pro1@172.17.0.4
	Database: MySQL  Version: 5.7.7-rc
	Driver: MySQL Connector Java  Version: mysql-connector-java-5.1.31 ( Revision: alexander.soklakov@oracle.com-20140520065950-groqzzbvxprqdmnz )
[EL Config]: connection: 2016-01-22 10:26:22.222--ServerSession(1310148688)--Connection(1088824309)--Thread(Thread[Test worker,5,main])--connecting(DatabaseLogin(
	platform=>MySQLPlatform
	user name=> "pro1"
	datasource URL=> "jdbc:mysql://localhost-MYSQL:3306/pro1"
))
[EL Config]: connection: 2016-01-22 10:26:22.228--ServerSession(1310148688)--Connection(285924777)--Thread(Thread[Test worker,5,main])--Connected: jdbc:mysql://localhost-MYSQL:3306/pro1
	User: pro1@172.17.0.4
	Database: MySQL  Version: 5.7.7-rc
	Driver: MySQL Connector Java  Version: mysql-connector-java-5.1.31 ( Revision: alexander.soklakov@oracle.com-20140520065950-groqzzbvxprqdmnz )
[EL Config]: connection: 2016-01-22 10:26:22.229--ServerSession(1310148688)--Connection(1616808700)--Thread(Thread[Test worker,5,main])--connecting(DatabaseLogin(
	platform=>MySQLPlatform
	user name=> "pro1"
	datasource URL=> "jdbc:mysql://localhost-MYSQL:3306/pro1"
))
[EL Config]: connection: 2016-01-22 10:26:22.238--ServerSession(1310148688)--Connection(1123049512)--Thread(Thread[Test worker,5,main])--Connected: jdbc:mysql://localhost-MYSQL:3306/pro1
	User: pro1@172.17.0.4
	Database: MySQL  Version: 5.7.7-rc
	Driver: MySQL Connector Java  Version: mysql-connector-java-5.1.31 ( Revision: alexander.soklakov@oracle.com-20140520065950-groqzzbvxprqdmnz )
[EL Config]: connection: 2016-01-22 10:26:22.239--ServerSession(1310148688)--Connection(859374701)--Thread(Thread[Test worker,5,main])--connecting(DatabaseLogin(
	platform=>MySQLPlatform
	user name=> "pro1"
	datasource URL=> "jdbc:mysql://localhost-MYSQL:3306/pro1"
))
[EL Config]: connection: 2016-01-22 10:26:22.246--ServerSession(1310148688)--Connection(759519735)--Thread(Thread[Test worker,5,main])--Connected: jdbc:mysql://localhost-MYSQL:3306/pro1
	User: pro1@172.17.0.4
	Database: MySQL  Version: 5.7.7-rc
	Driver: MySQL Connector Java  Version: mysql-connector-java-5.1.31 ( Revision: alexander.soklakov@oracle.com-20140520065950-groqzzbvxprqdmnz )
[EL Config]: connection: 2016-01-22 10:26:22.246--ServerSession(1310148688)--Connection(605388377)--Thread(Thread[Test worker,5,main])--connecting(DatabaseLogin(
	platform=>MySQLPlatform
	user name=> "pro1"
	datasource URL=> "jdbc:mysql://localhost-MYSQL:3306/pro1"
))
[EL Config]: connection: 2016-01-22 10:26:22.252--ServerSession(1310148688)--Connection(377370439)--Thread(Thread[Test worker,5,main])--Connected: jdbc:mysql://localhost-MYSQL:3306/pro1
	User: pro1@172.17.0.4
	Database: MySQL  Version: 5.7.7-rc
	Driver: MySQL Connector Java  Version: mysql-connector-java-5.1.31 ( Revision: alexander.soklakov@oracle.com-20140520065950-groqzzbvxprqdmnz )
[EL Config]: connection: 2016-01-22 10:26:22.252--ServerSession(1310148688)--Connection(945758682)--Thread(Thread[Test worker,5,main])--connecting(DatabaseLogin(
	platform=>MySQLPlatform
	user name=> "pro1"
	datasource URL=> "jdbc:mysql://localhost-MYSQL:3306/pro1"
))
[EL Config]: connection: 2016-01-22 10:26:22.259--ServerSession(1310148688)--Connection(1012262455)--Thread(Thread[Test worker,5,main])--Connected: jdbc:mysql://localhost-MYSQL:3306/pro1
	User: pro1@172.17.0.4
	Database: MySQL  Version: 5.7.7-rc
	Driver: MySQL Connector Java  Version: mysql-connector-java-5.1.31 ( Revision: alexander.soklakov@oracle.com-20140520065950-groqzzbvxprqdmnz )
[EL Config]: connection: 2016-01-22 10:26:22.259--ServerSession(1310148688)--Connection(1012262455)--Thread(Thread[Test worker,5,main])--disconnect
[EL Warning]: metadata: 2016-01-22 10:26:22.268--ServerSession(1310148688)--Thread(Thread[Test worker,5,main])--Reverting the lazy setting on the OneToOne or ManyToOne attribute [user] for the entity class [class com.test.app.shared.authentication.PassRecovery] since weaving was not enabled or did not occur.
[EL Warning]: metadata: 2016-01-22 10:26:22.277--ServerSession(1310148688)--Thread(Thread[Test worker,5,main])--Reverting the lazy setting on the OneToOne or ManyToOne attribute [userData] for the entity class [class com.test.app.shared.authentication.User] since weaving was not enabled or did not occur.
[EL Warning]: metadata: 2016-01-22 10:26:22.278--ServerSession(1310148688)--Thread(Thread[Test worker,5,main])--Reverting the lazy setting on the OneToOne or ManyToOne attribute [user] for the entity class [class com.test.app.shared.authentication.UserData] since weaving was not enabled or did not occur.
[EL Warning]: metadata: 2016-01-22 10:26:22.279--ServerSession(1310148688)--Thread(Thread[Test worker,5,main])--Reverting the lazy setting on the OneToOne or ManyToOne attribute [timezone] for the entity class [class com.test.app.shared.contacts.CoreContacts] since weaving was not enabled or did not occur.
[EL Warning]: metadata: 2016-01-22 10:26:22.279--ServerSession(1310148688)--Thread(Thread[Test worker,5,main])--Reverting the lazy setting on the OneToOne or ManyToOne attribute [coreContacts] for the entity class [class com.test.app.shared.authentication.Login] since weaving was not enabled or did not occur.
[EL Warning]: metadata: 2016-01-22 10:26:22.28--ServerSession(1310148688)--Thread(Thread[Test worker,5,main])--Reverting the lazy setting on the OneToOne or ManyToOne attribute [user] for the entity class [class com.test.app.shared.authentication.Login] since weaving was not enabled or did not occur.
[EL Info]: connection: 2016-01-22 10:26:22.515--ServerSession(1310148688)--Thread(Thread[Test worker,5,main])--file:/home/applifire/workspace/testproject/build/resources/main_testproject login successful
NOTIFYING OBSERVERS
notification received to observer
Queue manager defined with queue type 0 and size 100000
Event Queue Consumer started
[EL Fine]: sql: 2016-01-22 10:26:31.421--ClientSession(1991170407)--Connection(377370439)--Thread(Thread[Test worker,5,main])--SELECT query_id, active_status, app_creator_id, created_by, created_date, hidden_name, jpql_query, name, project_id, project_version_id, query_json, query_type, sql_query, updated_by, updated_date, user_access, version_id FROM art_query WHERE ((active_status = ?) AND (sql_query IS NULL))
	bind => [true]
[EL Config]: connection: 2016-01-22 10:26:31.428--ServerSession(1310148688)--Connection(377370439)--Thread(Thread[Test worker,5,main])--disconnect
Fri Jan 22 10:26:31 UTC 2016|DH-TP|***.***.***| appLogger : Starting all DataHandler Worker Threads.....
Setting logged in user info for ADD
[EL Fine]: sql: 2016-01-22 10:26:34.641--ClientSession(665375978)--Connection(759519735)--Thread(Thread[Test worker,5,main])--INSERT INTO ast_Country_M (countryId, capital, capitalLatitude, capitalLongitude, countryCode1, countryCode2, countryFlag, countryName, currencyCode, currencyName, currencySymbol, isoNumeric, versionId, createdBy, createdDate, updatedBy, updatedDate, activeStatus, txnAccessCode) VALUES (?, ?, ?, ?, ?, ?, ?, ?, ?, ?, ?, ?, ?, ?, ?, ?, ?, ?, ?)
	bind => [10276A0B-5E80-440D-BF29-6EB83C4D8416, cPI9EpyNfhShfIqi87faPD5ojbeNfUZ9, 1, 2, 4u5, efc, e48Zi1B4nuIvhyvkvc1jMmvBZyDRpGwv7IgQQSLJGB6BpJwerw, WDJidDaVD5xRFxYlEy0rRmjafH1JETHnNHfGfYZ2KYNJObgLfZ, ssl, W6HyClcjE6gTdkdxBWzrW5ufsVyJB1Njys38EmdpUthr1mwzv9, N29sN0qoSDqgDOSufKXkUSwmpaTxZIFH, 1, 1, AAAAA, 2016-01-22 10:26:34.509, null, 2016-01-22 10:26:34.509, 1, null]
[EL Config]: connection: 2016-01-22 10:26:34.674--ServerSession(1310148688)--Connection(759519735)--Thread(Thread[Test worker,5,main])--disconnect
[EL Fine]: sql: 2016-01-22 10:26:34.691--ClientSession(756893212)--Connection(1123049512)--Thread(Thread[Test worker,5,main])--SELECT countryId, capital, capitalLatitude, capitalLongitude, countryCode1, countryCode2, countryFlag, countryName, currencyCode, currencyName, currencySymbol, isoNumeric, versionId, createdBy, createdDate, updatedBy, updatedDate, activeStatus, txnAccessCode FROM ast_Country_M WHERE ((activeStatus = ?) AND (countryId = ?))
	bind => [1, 10276A0B-5E80-440D-BF29-6EB83C4D8416]
[EL Config]: connection: 2016-01-22 10:26:34.695--ServerSession(1310148688)--Connection(1123049512)--Thread(Thread[Test worker,5,main])--disconnect
Setting logged in user info for UPDATE
[EL Fine]: sql: 2016-01-22 10:26:34.7--ClientSession(1131723849)--Connection(285924777)--Thread(Thread[Test worker,5,main])--SELECT countryId, capital, capitalLatitude, capitalLongitude, countryCode1, countryCode2, countryFlag, countryName, currencyCode, currencyName, currencySymbol, isoNumeric, versionId, createdBy, createdDate, updatedBy, updatedDate, activeStatus, txnAccessCode FROM ast_Country_M WHERE (countryId = ?)
	bind => [10276A0B-5E80-440D-BF29-6EB83C4D8416]
[EL Fine]: sql: 2016-01-22 10:26:34.704--ClientSession(1131723849)--Connection(285924777)--Thread(Thread[Test worker,5,main])--UPDATE ast_Country_M SET capital = ?, capitalLatitude = ?, countryCode1 = ?, countryCode2 = ?, countryFlag = ?, countryName = ?, currencyCode = ?, currencyName = ?, currencySymbol = ?, isoNumeric = ?, updatedBy = ?, versionId = ? WHERE ((countryId = ?) AND (versionId = ?))
	bind => [PsldEtkV7mHxmTZkvQfEBqdpDpSSYVwj, 10, 48S, c9Y, nDzHeQuKpVgR1ohJ5GDCOuPsBXsr5Z1lIFSQflAE2AkVnqaOn1, SVZ250wbYC4fY6A5QFy9yZ8fMbLxQ4faxthVC3k4z6ZECssEBZ, Tz6, ObApwv9XdziA4yzgJejFoYVY9uIjBQDUpOCcDZBkE3Vm1HOe3Q, 9PHHyqqfxISAvzvR6oIgCRGbYs2aRIzL, 10, AAAAA, 2, 10276A0B-5E80-440D-BF29-6EB83C4D8416, 1]
[EL Config]: connection: 2016-01-22 10:26:34.749--ServerSession(1310148688)--Connection(285924777)--Thread(Thread[Test worker,5,main])--disconnect
[EL Fine]: sql: 2016-01-22 10:26:34.759--ClientSession(903640602)--Connection(1213909887)--Thread(Thread[Test worker,5,main])--SELECT countryId, capital, capitalLatitude, capitalLongitude, countryCode1, countryCode2, countryFlag, countryName, currencyCode, currencyName, currencySymbol, isoNumeric, versionId, createdBy, createdDate, updatedBy, updatedDate, activeStatus, txnAccessCode FROM ast_Country_M WHERE ((activeStatus = ?) AND (countryId = ?))
	bind => [1, 10276A0B-5E80-440D-BF29-6EB83C4D8416]
[EL Config]: connection: 2016-01-22 10:26:34.761--ServerSession(1310148688)--Connection(1213909887)--Thread(Thread[Test worker,5,main])--disconnect
[EL Fine]: sql: 2016-01-22 10:26:34.77--ClientSession(1611256151)--Connection(1927292107)--Thread(Thread[Test worker,5,main])--SELECT countryId, capital, capitalLatitude, capitalLongitude, countryCode1, countryCode2, countryFlag, countryName, currencyCode, currencyName, currencySymbol, isoNumeric, versionId, createdBy, createdDate, updatedBy, updatedDate, activeStatus, txnAccessCode FROM ast_Country_M WHERE (countryId = ?)
	bind => [10276A0B-5E80-440D-BF29-6EB83C4D8416]
[EL Fine]: sql: 2016-01-22 10:26:34.774--ClientSession(1611256151)--Connection(1927292107)--Thread(Thread[Test worker,5,main])--DELETE FROM ast_Country_M WHERE ((countryId = ?) AND (versionId = ?))
	bind => [10276A0B-5E80-440D-BF29-6EB83C4D8416, 2]
[EL Config]: connection: 2016-01-22 10:26:34.822--ServerSession(1310148688)--Connection(1927292107)--Thread(Thread[Test worker,5,main])--disconnect
]]></system-out>
  <system-err><![CDATA[log4j:WARN No appenders could be found for logger (org.springframework.test.context.junit4.SpringJUnit4ClassRunner).
log4j:WARN Please initialize the log4j system properly.
log4j:WARN See http://logging.apache.org/log4j/1.2/faq.html#noconfig for more info.
]]></system-err>
</testsuite>
