<?xml version="1.0" encoding="UTF-8"?>
<testsuite name="com.test.app.server.service.AppCustomerCategoryTestCase" tests="4" skipped="0" failures="0" errors="0" timestamp="2016-01-22T10:26:38" hostname="24a0df8043dc" time="0.25">
  <properties/>
  <testcase name="test1Save" classname="com.test.app.server.service.AppCustomerCategoryTestCase" time="0.14"/>
  <testcase name="test2Update" classname="com.test.app.server.service.AppCustomerCategoryTestCase" time="0.048"/>
  <testcase name="test3FindById" classname="com.test.app.server.service.AppCustomerCategoryTestCase" time="0.011"/>
  <testcase name="test4Delete" classname="com.test.app.server.service.AppCustomerCategoryTestCase" time="0.051"/>
  <system-out><![CDATA[Setting logged in user info for ADD
[EL Fine]: sql: 2016-01-22 10:26:38.695--ClientSession(127228497)--Connection(1191272328)--Thread(Thread[Test worker,5,main])--INSERT INTO ast_AppCustomerCategory_M (appcustCategoryId, customerCategory, versionId, createdBy, createdDate, updatedBy, updatedDate, activeStatus, txnAccessCode) VALUES (?, ?, ?, ?, ?, ?, ?, ?, ?)
	bind => [ABC57A96-BAB9-4F39-B862-8D77BE5AC396, 9idnFKgbxmSWH5hp1aMjEDukx2PQL1drnbWWryOrg7r4xtp0bX, 1, AAAAA, 2016-01-22 10:26:38.659, null, 2016-01-22 10:26:38.659, 1, null]
[EL Fine]: sql: 2016-01-22 10:26:38.792--ClientSession(2086972268)--Connection(1191272328)--Thread(Thread[Test worker,5,main])--SELECT appcustCategoryId, customerCategory, versionId, createdBy, createdDate, updatedBy, updatedDate, activeStatus, txnAccessCode FROM ast_AppCustomerCategory_M WHERE ((activeStatus = ?) AND (appcustCategoryId = ?))
	bind => [1, ABC57A96-BAB9-4F39-B862-8D77BE5AC396]
Setting logged in user info for UPDATE
[EL Fine]: sql: 2016-01-22 10:26:38.797--ClientSession(1814028193)--Connection(1191272328)--Thread(Thread[Test worker,5,main])--SELECT appcustCategoryId, customerCategory, versionId, createdBy, createdDate, updatedBy, updatedDate, activeStatus, txnAccessCode FROM ast_AppCustomerCategory_M WHERE (appcustCategoryId = ?)
	bind => [ABC57A96-BAB9-4F39-B862-8D77BE5AC396]
[EL Fine]: sql: 2016-01-22 10:26:38.8--ClientSession(1814028193)--Connection(1191272328)--Thread(Thread[Test worker,5,main])--UPDATE ast_AppCustomerCategory_M SET customerCategory = ?, updatedBy = ?, versionId = ? WHERE ((appcustCategoryId = ?) AND (versionId = ?))
	bind => [DIOLGQT6XM8HLdswgksNFeD0XPLcY35vYdtnj64I4yAmAFZeSK, AAAAA, 2, ABC57A96-BAB9-4F39-B862-8D77BE5AC396, 1]
[EL Fine]: sql: 2016-01-22 10:26:38.84--ClientSession(734165275)--Connection(1191272328)--Thread(Thread[Test worker,5,main])--SELECT appcustCategoryId, customerCategory, versionId, createdBy, createdDate, updatedBy, updatedDate, activeStatus, txnAccessCode FROM ast_AppCustomerCategory_M WHERE ((activeStatus = ?) AND (appcustCategoryId = ?))
	bind => [1, ABC57A96-BAB9-4F39-B862-8D77BE5AC396]
[EL Fine]: sql: 2016-01-22 10:26:38.85--ClientSession(70274529)--Connection(1191272328)--Thread(Thread[Test worker,5,main])--SELECT appcustCategoryId, customerCategory, versionId, createdBy, createdDate, updatedBy, updatedDate, activeStatus, txnAccessCode FROM ast_AppCustomerCategory_M WHERE (appcustCategoryId = ?)
	bind => [ABC57A96-BAB9-4F39-B862-8D77BE5AC396]
[EL Fine]: sql: 2016-01-22 10:26:38.852--ClientSession(70274529)--Connection(1191272328)--Thread(Thread[Test worker,5,main])--DELETE FROM ast_AppCustomerCategory_M WHERE ((appcustCategoryId = ?) AND (versionId = ?))
	bind => [ABC57A96-BAB9-4F39-B862-8D77BE5AC396, 2]
]]></system-out>
  <system-err><![CDATA[]]></system-err>
</testsuite>
