<?xml version="1.0" encoding="UTF-8"?>
<testsuite name="com.test.app.server.service.CommunicationTypeTestCase" tests="5" skipped="0" failures="0" errors="0" timestamp="2016-01-22T10:26:37" hostname="24a0df8043dc" time="0.31">
  <properties/>
  <testcase name="test1Save" classname="com.test.app.server.service.CommunicationTypeTestCase" time="0.146"/>
  <testcase name="test2Update" classname="com.test.app.server.service.CommunicationTypeTestCase" time="0.048"/>
  <testcase name="test3FindById" classname="com.test.app.server.service.CommunicationTypeTestCase" time="0.01"/>
  <testcase name="test3findBycommGroupId" classname="com.test.app.server.service.CommunicationTypeTestCase" time="0.01"/>
  <testcase name="test4Delete" classname="com.test.app.server.service.CommunicationTypeTestCase" time="0.095"/>
  <system-out><![CDATA[[EL Fine]: sql: 2016-01-22 10:26:37.431--ClientSession(672364039)--Connection(1191272328)--Thread(Thread[Test worker,5,main])--INSERT INTO ast_CommunicationGroup_M (commGroupId, commGroupDescription, commGroupName, versionId, createdBy, createdDate, updatedBy, updatedDate, activeStatus, txnAccessCode) VALUES (?, ?, ?, ?, ?, ?, ?, ?, ?, ?)
	bind => [67B1A216-60BD-4AE4-AD8E-C1338D78FFAD, EN1mppEnedJAMtoDvyVjv0WgxtZZYIVnWqSwYO5hS0EUBG9IRt, mLcZLO8nA6UtndTfYQwQYrFaplLEBkUyC2EkRbyLLJHqje1YNc, 1, AAAAA, 2016-01-22 10:26:37.426, null, 2016-01-22 10:26:37.426, 1, null]
Setting logged in user info for ADD
[EL Fine]: sql: 2016-01-22 10:26:37.501--ClientSession(1232443430)--Connection(1191272328)--Thread(Thread[Test worker,5,main])--INSERT INTO ast_CommunicationType_M (commType, commGroupId, commTypeDescription, commTypeName, versionId, createdBy, createdDate, updatedBy, updatedDate, activeStatus, txnAccessCode) VALUES (?, ?, ?, ?, ?, ?, ?, ?, ?, ?, ?)
	bind => [57CC8046-DF70-42BC-AA26-06AF553CBBC4, 67B1A216-60BD-4AE4-AD8E-C1338D78FFAD, yimTfKCmMyRNJtszcO4g2QgTB8Y7nZRlhHCEDwqjrvbgbMqyCb, gHfale2WTyvJ5YvPAhN2Eg6twWT7OdLuuN6A0Oy72SmCGmHP92, 1, AAAAA, 2016-01-22 10:26:37.49, null, 2016-01-22 10:26:37.49, 1, null]
[EL Fine]: sql: 2016-01-22 10:26:37.567--ClientSession(1572054147)--Connection(1191272328)--Thread(Thread[Test worker,5,main])--SELECT commType, commGroupId, commTypeDescription, commTypeName, versionId, createdBy, createdDate, updatedBy, updatedDate, activeStatus, txnAccessCode FROM ast_CommunicationType_M WHERE ((activeStatus = ?) AND (commType = ?))
	bind => [1, 57CC8046-DF70-42BC-AA26-06AF553CBBC4]
Setting logged in user info for UPDATE
[EL Fine]: sql: 2016-01-22 10:26:37.572--ClientSession(646497623)--Connection(1191272328)--Thread(Thread[Test worker,5,main])--SELECT commType, commGroupId, commTypeDescription, commTypeName, versionId, createdBy, createdDate, updatedBy, updatedDate, activeStatus, txnAccessCode FROM ast_CommunicationType_M WHERE (commType = ?)
	bind => [57CC8046-DF70-42BC-AA26-06AF553CBBC4]
[EL Fine]: sql: 2016-01-22 10:26:37.576--ClientSession(646497623)--Connection(1191272328)--Thread(Thread[Test worker,5,main])--UPDATE ast_CommunicationType_M SET commTypeDescription = ?, commTypeName = ?, updatedBy = ?, versionId = ? WHERE ((commType = ?) AND (versionId = ?))
	bind => [0oYjeoVxgFb7NIR3a72nnqkaGOGLJnXC6u0AbEQ2LADyz7gBga, KPpvMPojkFFPKiu4vALmL09EvoAAVOVUWIYVY16NUkR09bHEOJ, AAAAA, 2, 57CC8046-DF70-42BC-AA26-06AF553CBBC4, 1]
[EL Fine]: sql: 2016-01-22 10:26:37.612--ClientSession(1039062514)--Connection(1191272328)--Thread(Thread[Test worker,5,main])--SELECT commType, commGroupId, commTypeDescription, commTypeName, versionId, createdBy, createdDate, updatedBy, updatedDate, activeStatus, txnAccessCode FROM ast_CommunicationType_M WHERE ((activeStatus = ?) AND (commType = ?))
	bind => [1, 57CC8046-DF70-42BC-AA26-06AF553CBBC4]
[EL Fine]: sql: 2016-01-22 10:26:37.623--ClientSession(707034797)--Connection(1191272328)--Thread(Thread[Test worker,5,main])--SELECT commType, commGroupId, commTypeDescription, commTypeName, versionId, createdBy, createdDate, updatedBy, updatedDate, activeStatus, txnAccessCode FROM ast_CommunicationType_M WHERE ((activeStatus = ?) AND (commGroupId = ?))
	bind => [1, 67B1A216-60BD-4AE4-AD8E-C1338D78FFAD]
[EL Fine]: sql: 2016-01-22 10:26:37.632--ClientSession(1429338095)--Connection(1191272328)--Thread(Thread[Test worker,5,main])--SELECT commType, commGroupId, commTypeDescription, commTypeName, versionId, createdBy, createdDate, updatedBy, updatedDate, activeStatus, txnAccessCode FROM ast_CommunicationType_M WHERE (commType = ?)
	bind => [57CC8046-DF70-42BC-AA26-06AF553CBBC4]
[EL Fine]: sql: 2016-01-22 10:26:37.635--ClientSession(1429338095)--Connection(1191272328)--Thread(Thread[Test worker,5,main])--DELETE FROM ast_CommunicationType_M WHERE ((commType = ?) AND (versionId = ?))
	bind => [57CC8046-DF70-42BC-AA26-06AF553CBBC4, 2]
[EL Fine]: sql: 2016-01-22 10:26:37.694--ClientSession(1267287868)--Connection(1191272328)--Thread(Thread[Test worker,5,main])--SELECT commGroupId, commGroupDescription, commGroupName, versionId, createdBy, createdDate, updatedBy, updatedDate, activeStatus, txnAccessCode FROM ast_CommunicationGroup_M WHERE (commGroupId = ?)
	bind => [67B1A216-60BD-4AE4-AD8E-C1338D78FFAD]
[EL Fine]: sql: 2016-01-22 10:26:37.697--ClientSession(1267287868)--Connection(1191272328)--Thread(Thread[Test worker,5,main])--DELETE FROM ast_CommunicationGroup_M WHERE ((commGroupId = ?) AND (versionId = ?))
	bind => [67B1A216-60BD-4AE4-AD8E-C1338D78FFAD, 1]
]]></system-out>
  <system-err><![CDATA[]]></system-err>
</testsuite>
