<?xml version="1.0" encoding="UTF-8"?>
<testsuite name="project4.app.server.service.QuestionTestCase" tests="4" skipped="0" failures="0" errors="0" timestamp="2016-01-18T10:16:24" hostname="cd20f030c673" time="0.205">
  <properties/>
  <testcase name="test1Save" classname="project4.app.server.service.QuestionTestCase" time="0.08"/>
  <testcase name="test2Update" classname="project4.app.server.service.QuestionTestCase" time="0.058"/>
  <testcase name="test3FindById" classname="project4.app.server.service.QuestionTestCase" time="0.009"/>
  <testcase name="test4Delete" classname="project4.app.server.service.QuestionTestCase" time="0.057"/>
  <system-out><![CDATA[Setting logged in user info for ADD
[EL Fine]: sql: 2016-01-18 10:16:24.989--ClientSession(51802876)--Connection(2003498793)--Thread(Thread[Test worker,5,main])--INSERT INTO ast_Question_M (questionId, levelid, question, questionDetails, questionIcon, versionId, createdBy, createdDate, updatedBy, updatedDate, activeStatus, txnAccessCode) VALUES (?, ?, ?, ?, ?, ?, ?, ?, ?, ?, ?, ?)
	bind => [F538165D-38E0-4F86-A351-1A9AC3163D41, 3, GWXmS2Ilnva4NNX99T95sgHEs1BWPxeT57R9uq783VVAv3UnGI, J, IudAFp6OwfyHwuoVYYRZA35bqqsRjYCtCeCsFkJXxvRWFJ7OgI, 1, AAAAA, 2016-01-18 10:16:24.967, null, 2016-01-18 10:16:24.967, 1, null]
[EL Fine]: sql: 2016-01-18 10:16:25.04--ClientSession(398832768)--Connection(2003498793)--Thread(Thread[Test worker,5,main])--SELECT questionId, levelid, question, questionDetails, questionIcon, versionId, createdBy, createdDate, updatedBy, updatedDate, activeStatus, txnAccessCode FROM ast_Question_M WHERE ((activeStatus = ?) AND (questionId = ?))
	bind => [1, F538165D-38E0-4F86-A351-1A9AC3163D41]
Setting logged in user info for UPDATE
[EL Fine]: sql: 2016-01-18 10:16:25.044--ClientSession(1307476538)--Connection(2003498793)--Thread(Thread[Test worker,5,main])--SELECT questionId, levelid, question, questionDetails, questionIcon, versionId, createdBy, createdDate, updatedBy, updatedDate, activeStatus, txnAccessCode FROM ast_Question_M WHERE (questionId = ?)
	bind => [F538165D-38E0-4F86-A351-1A9AC3163D41]
[EL Fine]: sql: 2016-01-18 10:16:25.046--ClientSession(1307476538)--Connection(2003498793)--Thread(Thread[Test worker,5,main])--UPDATE ast_Question_M SET levelid = ?, question = ?, questionDetails = ?, questionIcon = ?, updatedBy = ?, versionId = ? WHERE ((questionId = ?) AND (versionId = ?))
	bind => [1, Z20FWVsEg0eh7pCmNTZKCKbbOVSyH93Iwc4g9U2Xt52kG6SKqg, u, 5nBU81lUssVXvRd95encKMmTjVlDXA3FoPkD3XrlAsr8Ribuga, AAAAA, 2, F538165D-38E0-4F86-A351-1A9AC3163D41, 1]
[EL Fine]: sql: 2016-01-18 10:16:25.101--ClientSession(1425987271)--Connection(2003498793)--Thread(Thread[Test worker,5,main])--SELECT questionId, levelid, question, questionDetails, questionIcon, versionId, createdBy, createdDate, updatedBy, updatedDate, activeStatus, txnAccessCode FROM ast_Question_M WHERE ((activeStatus = ?) AND (questionId = ?))
	bind => [1, F538165D-38E0-4F86-A351-1A9AC3163D41]
[EL Fine]: sql: 2016-01-18 10:16:25.107--ClientSession(425937450)--Connection(2003498793)--Thread(Thread[Test worker,5,main])--SELECT questionId, levelid, question, questionDetails, questionIcon, versionId, createdBy, createdDate, updatedBy, updatedDate, activeStatus, txnAccessCode FROM ast_Question_M WHERE (questionId = ?)
	bind => [F538165D-38E0-4F86-A351-1A9AC3163D41]
[EL Fine]: sql: 2016-01-18 10:16:25.108--ClientSession(425937450)--Connection(2003498793)--Thread(Thread[Test worker,5,main])--DELETE FROM ast_Question_M WHERE ((questionId = ?) AND (versionId = ?))
	bind => [F538165D-38E0-4F86-A351-1A9AC3163D41, 2]
]]></system-out>
  <system-err><![CDATA[]]></system-err>
</testsuite>
