<?xml version="1.0" encoding="UTF-8"?>
<testsuite name="project4.app.server.service.PasswordAlgoTestCase" tests="4" skipped="0" failures="0" errors="0" timestamp="2016-01-18T10:16:20" hostname="cd20f030c673" time="0.304">
  <properties/>
  <testcase name="test1Save" classname="project4.app.server.service.PasswordAlgoTestCase" time="0.146"/>
  <testcase name="test2Update" classname="project4.app.server.service.PasswordAlgoTestCase" time="0.099"/>
  <testcase name="test3FindById" classname="project4.app.server.service.PasswordAlgoTestCase" time="0.006"/>
  <testcase name="test4Delete" classname="project4.app.server.service.PasswordAlgoTestCase" time="0.05"/>
  <system-out><![CDATA[Setting logged in user info for ADD
[EL Fine]: sql: 2016-01-18 10:16:21.015--ClientSession(702021751)--Connection(2003498793)--Thread(Thread[Test worker,5,main])--INSERT INTO ast_PasswordAlgo_M (algoId, algoDescription, algoHelp, algoIcon, algoName, algorithm, versionId, createdBy, createdDate, updatedBy, updatedDate, activeStatus, txnAccessCode) VALUES (?, ?, ?, ?, ?, ?, ?, ?, ?, ?, ?, ?, ?)
	bind => [5CADC914-B3F3-4EA7-A278-14BDA75408E4, sgu6TZumujW3vVbSaWYWr2GETe1UPoHSOcNNdeUQE4b9ZOifHE, Rk29iISyVkKVLaugDUdtE6RBt6gvq5m0jP6vzLVRwOVYpc0qBf, ZuwZJcjO8XMyAyXAk7qBVpmTgEOV7cNfutyxD99EFSL2DsCy1t, qWG1Hs1iCJBtmm8dXeqgm5kXw9THEwUNfKgW7hPzO24Tufv1hU, 11, 1, AAAAA, 2016-01-18 10:16:20.99, null, 2016-01-18 10:16:20.99, 1, null]
[EL Fine]: sql: 2016-01-18 10:16:21.13--ClientSession(351057261)--Connection(2003498793)--Thread(Thread[Test worker,5,main])--SELECT algoId, algoDescription, algoHelp, algoIcon, algoName, algorithm, versionId, createdBy, createdDate, updatedBy, updatedDate, activeStatus, txnAccessCode FROM ast_PasswordAlgo_M WHERE ((activeStatus = ?) AND (algoId = ?))
	bind => [1, 5CADC914-B3F3-4EA7-A278-14BDA75408E4]
Setting logged in user info for UPDATE
[EL Fine]: sql: 2016-01-18 10:16:21.134--ClientSession(359301142)--Connection(2003498793)--Thread(Thread[Test worker,5,main])--SELECT algoId, algoDescription, algoHelp, algoIcon, algoName, algorithm, versionId, createdBy, createdDate, updatedBy, updatedDate, activeStatus, txnAccessCode FROM ast_PasswordAlgo_M WHERE (algoId = ?)
	bind => [5CADC914-B3F3-4EA7-A278-14BDA75408E4]
[EL Fine]: sql: 2016-01-18 10:16:21.135--ClientSession(359301142)--Connection(2003498793)--Thread(Thread[Test worker,5,main])--UPDATE ast_PasswordAlgo_M SET algoDescription = ?, algoHelp = ?, algoIcon = ?, algoName = ?, updatedBy = ?, versionId = ? WHERE ((algoId = ?) AND (versionId = ?))
	bind => [SQ8cEvMjxEKyrMm1xRqZbns2VF0jEnMalZLqgs6onJHLEBvAxp, c3g93Jt5yCmwlaw7LcQbuWZ9j9Qyx98z78Q74o4DM1JTJPtl8M, QTvIkFYi0iIUwiRXdk0ZcNYEghZcTbtHZnJsfCKAZA5thSCVah, ISkbOzCti0eMuYVBVWmShQPFiyvxmFYqV9icul5TBricO8oXhA, AAAAA, 2, 5CADC914-B3F3-4EA7-A278-14BDA75408E4, 1]
[EL Fine]: sql: 2016-01-18 10:16:21.229--ClientSession(379904673)--Connection(2003498793)--Thread(Thread[Test worker,5,main])--SELECT algoId, algoDescription, algoHelp, algoIcon, algoName, algorithm, versionId, createdBy, createdDate, updatedBy, updatedDate, activeStatus, txnAccessCode FROM ast_PasswordAlgo_M WHERE ((activeStatus = ?) AND (algoId = ?))
	bind => [1, 5CADC914-B3F3-4EA7-A278-14BDA75408E4]
[EL Fine]: sql: 2016-01-18 10:16:21.235--ClientSession(191448270)--Connection(2003498793)--Thread(Thread[Test worker,5,main])--SELECT algoId, algoDescription, algoHelp, algoIcon, algoName, algorithm, versionId, createdBy, createdDate, updatedBy, updatedDate, activeStatus, txnAccessCode FROM ast_PasswordAlgo_M WHERE (algoId = ?)
	bind => [5CADC914-B3F3-4EA7-A278-14BDA75408E4]
[EL Fine]: sql: 2016-01-18 10:16:21.237--ClientSession(191448270)--Connection(2003498793)--Thread(Thread[Test worker,5,main])--DELETE FROM ast_PasswordAlgo_M WHERE ((algoId = ?) AND (versionId = ?))
	bind => [5CADC914-B3F3-4EA7-A278-14BDA75408E4, 2]
]]></system-out>
  <system-err><![CDATA[]]></system-err>
</testsuite>
