<?xml version="1.0" encoding="UTF-8"?>
<testsuite name="project4.app.server.service.GenderTestCase" tests="4" skipped="0" failures="0" errors="0" timestamp="2016-01-18T10:16:17" hostname="cd20f030c673" time="0.264">
  <properties/>
  <testcase name="test1Save" classname="project4.app.server.service.GenderTestCase" time="0.147"/>
  <testcase name="test2Update" classname="project4.app.server.service.GenderTestCase" time="0.058"/>
  <testcase name="test3FindById" classname="project4.app.server.service.GenderTestCase" time="0.009"/>
  <testcase name="test4Delete" classname="project4.app.server.service.GenderTestCase" time="0.049"/>
  <system-out><![CDATA[Setting logged in user info for ADD
[EL Fine]: sql: 2016-01-18 10:16:17.324--ClientSession(997364186)--Connection(2003498793)--Thread(Thread[Test worker,5,main])--INSERT INTO ast_Gender_M (genderId, gender, versionId, createdBy, createdDate, updatedBy, updatedDate, activeStatus, txnAccessCode) VALUES (?, ?, ?, ?, ?, ?, ?, ?, ?)
	bind => [42336133-A938-4CC9-BFBD-0B56EA6BB7A7, 2Ye65i4SoufiROlsKcpS21kwlUTQYH4AdrKdYzWmxabiEf7t2j, 1, AAAAA, 2016-01-18 10:16:17.319, null, 2016-01-18 10:16:17.319, 1, null]
[EL Fine]: sql: 2016-01-18 10:16:17.459--ClientSession(890810654)--Connection(2003498793)--Thread(Thread[Test worker,5,main])--SELECT genderId, gender, versionId, createdBy, createdDate, updatedBy, updatedDate, activeStatus, txnAccessCode FROM ast_Gender_M WHERE ((activeStatus = ?) AND (genderId = ?))
	bind => [1, 42336133-A938-4CC9-BFBD-0B56EA6BB7A7]
Setting logged in user info for UPDATE
[EL Fine]: sql: 2016-01-18 10:16:17.463--ClientSession(1980415003)--Connection(2003498793)--Thread(Thread[Test worker,5,main])--SELECT genderId, gender, versionId, createdBy, createdDate, updatedBy, updatedDate, activeStatus, txnAccessCode FROM ast_Gender_M WHERE (genderId = ?)
	bind => [42336133-A938-4CC9-BFBD-0B56EA6BB7A7]
[EL Fine]: sql: 2016-01-18 10:16:17.466--ClientSession(1980415003)--Connection(2003498793)--Thread(Thread[Test worker,5,main])--UPDATE ast_Gender_M SET gender = ?, updatedBy = ?, versionId = ? WHERE ((genderId = ?) AND (versionId = ?))
	bind => [3wOUtAzertmJpBUrooQ6eSKLxvz3JCGOoQmm0o706tFMkuiWkW, AAAAA, 2, 42336133-A938-4CC9-BFBD-0B56EA6BB7A7, 1]
[EL Fine]: sql: 2016-01-18 10:16:17.517--ClientSession(2089408286)--Connection(2003498793)--Thread(Thread[Test worker,5,main])--SELECT genderId, gender, versionId, createdBy, createdDate, updatedBy, updatedDate, activeStatus, txnAccessCode FROM ast_Gender_M WHERE ((activeStatus = ?) AND (genderId = ?))
	bind => [1, 42336133-A938-4CC9-BFBD-0B56EA6BB7A7]
[EL Fine]: sql: 2016-01-18 10:16:17.526--ClientSession(1172599999)--Connection(2003498793)--Thread(Thread[Test worker,5,main])--SELECT genderId, gender, versionId, createdBy, createdDate, updatedBy, updatedDate, activeStatus, txnAccessCode FROM ast_Gender_M WHERE (genderId = ?)
	bind => [42336133-A938-4CC9-BFBD-0B56EA6BB7A7]
[EL Fine]: sql: 2016-01-18 10:16:17.529--ClientSession(1172599999)--Connection(2003498793)--Thread(Thread[Test worker,5,main])--DELETE FROM ast_Gender_M WHERE ((genderId = ?) AND (versionId = ?))
	bind => [42336133-A938-4CC9-BFBD-0B56EA6BB7A7, 2]
]]></system-out>
  <system-err><![CDATA[]]></system-err>
</testsuite>
