<?xml version="1.0" encoding="UTF-8"?>
<testsuite name="project4.app.server.service.AppCustomerTypeTestCase" tests="4" skipped="0" failures="0" errors="0" timestamp="2016-01-18T10:16:34" hostname="cd20f030c673" time="0.222">
  <properties/>
  <testcase name="test1Save" classname="project4.app.server.service.AppCustomerTypeTestCase" time="0.079"/>
  <testcase name="test2Update" classname="project4.app.server.service.AppCustomerTypeTestCase" time="0.05"/>
  <testcase name="test3FindById" classname="project4.app.server.service.AppCustomerTypeTestCase" time="0.007"/>
  <testcase name="test4Delete" classname="project4.app.server.service.AppCustomerTypeTestCase" time="0.085"/>
  <system-out><![CDATA[Setting logged in user info for ADD
[EL Fine]: sql: 2016-01-18 10:16:34.25--ClientSession(1665652089)--Connection(2003498793)--Thread(Thread[Test worker,5,main])--INSERT INTO ast_AppCustomerType_M (appcustTypeId, customerType, defaults, sequenceId, versionId, createdBy, createdDate, updatedBy, updatedDate, activeStatus, txnAccessCode) VALUES (?, ?, ?, ?, ?, ?, ?, ?, ?, ?, ?)
	bind => [45C095CB-9746-4791-8826-7F31DF8DAC5D, F0tnwzNvQ2OCWi0PewL7gSRaZmgisXYwjv9lNgOX3OpJFO4f7X, 1, 2147483647, 1, AAAAA, 2016-01-18 10:16:34.218, null, 2016-01-18 10:16:34.218, 1, null]
[EL Fine]: sql: 2016-01-18 10:16:34.293--ClientSession(2027458028)--Connection(2003498793)--Thread(Thread[Test worker,5,main])--SELECT appcustTypeId, customerType, defaults, sequenceId, versionId, createdBy, createdDate, updatedBy, updatedDate, activeStatus, txnAccessCode FROM ast_AppCustomerType_M WHERE ((activeStatus = ?) AND (appcustTypeId = ?))
	bind => [1, 45C095CB-9746-4791-8826-7F31DF8DAC5D]
Setting logged in user info for UPDATE
[EL Fine]: sql: 2016-01-18 10:16:34.297--ClientSession(1266584947)--Connection(2003498793)--Thread(Thread[Test worker,5,main])--SELECT appcustTypeId, customerType, defaults, sequenceId, versionId, createdBy, createdDate, updatedBy, updatedDate, activeStatus, txnAccessCode FROM ast_AppCustomerType_M WHERE (appcustTypeId = ?)
	bind => [45C095CB-9746-4791-8826-7F31DF8DAC5D]
[EL Fine]: sql: 2016-01-18 10:16:34.298--ClientSession(1266584947)--Connection(2003498793)--Thread(Thread[Test worker,5,main])--UPDATE ast_AppCustomerType_M SET customerType = ?, updatedBy = ?, versionId = ? WHERE ((appcustTypeId = ?) AND (versionId = ?))
	bind => [2gDN7ubTPly8beEcBITSicthQpnAp2e3TbhNYEazBLwq2RQnfr, AAAAA, 2, 45C095CB-9746-4791-8826-7F31DF8DAC5D, 1]
[EL Fine]: sql: 2016-01-18 10:16:34.343--ClientSession(647051064)--Connection(2003498793)--Thread(Thread[Test worker,5,main])--SELECT appcustTypeId, customerType, defaults, sequenceId, versionId, createdBy, createdDate, updatedBy, updatedDate, activeStatus, txnAccessCode FROM ast_AppCustomerType_M WHERE ((activeStatus = ?) AND (appcustTypeId = ?))
	bind => [1, 45C095CB-9746-4791-8826-7F31DF8DAC5D]
[EL Fine]: sql: 2016-01-18 10:16:34.348--ClientSession(749760371)--Connection(2003498793)--Thread(Thread[Test worker,5,main])--SELECT appcustTypeId, customerType, defaults, sequenceId, versionId, createdBy, createdDate, updatedBy, updatedDate, activeStatus, txnAccessCode FROM ast_AppCustomerType_M WHERE (appcustTypeId = ?)
	bind => [45C095CB-9746-4791-8826-7F31DF8DAC5D]
[EL Fine]: sql: 2016-01-18 10:16:34.35--ClientSession(749760371)--Connection(2003498793)--Thread(Thread[Test worker,5,main])--DELETE FROM ast_AppCustomerType_M WHERE ((appcustTypeId = ?) AND (versionId = ?))
	bind => [45C095CB-9746-4791-8826-7F31DF8DAC5D, 2]
]]></system-out>
  <system-err><![CDATA[]]></system-err>
</testsuite>
