<?xml version="1.0" encoding="UTF-8"?>
<testsuite name="project4.app.server.service.ChannelTestCase" tests="4" skipped="0" failures="0" errors="0" timestamp="2016-01-18T10:16:21" hostname="cd20f030c673" time="0.248">
  <properties/>
  <testcase name="test1Save" classname="project4.app.server.service.ChannelTestCase" time="0.098"/>
  <testcase name="test2Update" classname="project4.app.server.service.ChannelTestCase" time="0.05"/>
  <testcase name="test3FindById" classname="project4.app.server.service.ChannelTestCase" time="0.005"/>
  <testcase name="test4Delete" classname="project4.app.server.service.ChannelTestCase" time="0.095"/>
  <system-out><![CDATA[Setting logged in user info for ADD
[EL Fine]: sql: 2016-01-18 10:16:21.327--ClientSession(1026321897)--Connection(2003498793)--Thread(Thread[Test worker,5,main])--INSERT INTO ast_Channel_M (channelId, channel, versionId, createdBy, createdDate, updatedBy, updatedDate, activeStatus, txnAccessCode) VALUES (?, ?, ?, ?, ?, ?, ?, ?, ?)
	bind => [20EA3BEC-4313-45EA-98BC-1DDB331BD452, GX62znWbh0Q5yuRvHFkRR1ZfV3SMpOyBhK6SpuIuA0xy7VgXV2, 1, AAAAA, 2016-01-18 10:16:21.294, null, 2016-01-18 10:16:21.294, 1, null]
[EL Fine]: sql: 2016-01-18 10:16:21.385--ClientSession(162530314)--Connection(2003498793)--Thread(Thread[Test worker,5,main])--SELECT channelId, channel, versionId, createdBy, createdDate, updatedBy, updatedDate, activeStatus, txnAccessCode FROM ast_Channel_M WHERE ((activeStatus = ?) AND (channelId = ?))
	bind => [1, 20EA3BEC-4313-45EA-98BC-1DDB331BD452]
Setting logged in user info for UPDATE
[EL Fine]: sql: 2016-01-18 10:16:21.388--ClientSession(710258926)--Connection(2003498793)--Thread(Thread[Test worker,5,main])--SELECT channelId, channel, versionId, createdBy, createdDate, updatedBy, updatedDate, activeStatus, txnAccessCode FROM ast_Channel_M WHERE (channelId = ?)
	bind => [20EA3BEC-4313-45EA-98BC-1DDB331BD452]
[EL Fine]: sql: 2016-01-18 10:16:21.39--ClientSession(710258926)--Connection(2003498793)--Thread(Thread[Test worker,5,main])--UPDATE ast_Channel_M SET channel = ?, updatedBy = ?, versionId = ? WHERE ((channelId = ?) AND (versionId = ?))
	bind => [pgUsi7Vwb2KwFVI0ctlbnqNpQIPMulvaiQ3crMwqlhOVVLqrOS, AAAAA, 2, 20EA3BEC-4313-45EA-98BC-1DDB331BD452, 1]
[EL Fine]: sql: 2016-01-18 10:16:21.435--ClientSession(680242804)--Connection(2003498793)--Thread(Thread[Test worker,5,main])--SELECT channelId, channel, versionId, createdBy, createdDate, updatedBy, updatedDate, activeStatus, txnAccessCode FROM ast_Channel_M WHERE ((activeStatus = ?) AND (channelId = ?))
	bind => [1, 20EA3BEC-4313-45EA-98BC-1DDB331BD452]
[EL Fine]: sql: 2016-01-18 10:16:21.447--ClientSession(142391109)--Connection(2003498793)--Thread(Thread[Test worker,5,main])--SELECT channelId, channel, versionId, createdBy, createdDate, updatedBy, updatedDate, activeStatus, txnAccessCode FROM ast_Channel_M WHERE (channelId = ?)
	bind => [20EA3BEC-4313-45EA-98BC-1DDB331BD452]
[EL Fine]: sql: 2016-01-18 10:16:21.448--ClientSession(142391109)--Connection(2003498793)--Thread(Thread[Test worker,5,main])--DELETE FROM ast_Channel_M WHERE ((channelId = ?) AND (versionId = ?))
	bind => [20EA3BEC-4313-45EA-98BC-1DDB331BD452, 2]
]]></system-out>
  <system-err><![CDATA[]]></system-err>
</testsuite>
