<?xml version="1.0" encoding="UTF-8"?>
<testsuite name="project4.app.server.service.CurrentMonthTestCase" tests="4" skipped="0" failures="0" errors="0" timestamp="2016-01-18T10:16:41" hostname="cd20f030c673" time="0.418">
  <properties/>
  <testcase name="test1Save" classname="project4.app.server.service.CurrentMonthTestCase" time="0.293"/>
  <testcase name="test2Update" classname="project4.app.server.service.CurrentMonthTestCase" time="0.057"/>
  <testcase name="test3FindById" classname="project4.app.server.service.CurrentMonthTestCase" time="0.007"/>
  <testcase name="test4Delete" classname="project4.app.server.service.CurrentMonthTestCase" time="0.059"/>
  <system-out><![CDATA[Setting logged in user info for ADD
[EL Fine]: sql: 2016-01-18 10:16:41.847--ClientSession(1433791812)--Connection(2003498793)--Thread(Thread[Test worker,5,main])--INSERT INTO ast_CurrentMonth_M (monthname, versionId, createdBy, createdDate, updatedBy, updatedDate, activeStatus, txnAccessCode) VALUES (?, ?, ?, ?, ?, ?, ?, ?)
	bind => [RrgCfXMl5jAyPsAvCrXtp8iOSjDEiRmnB8tUlZV4TdX48ku2LH, 1, AAAAA, 2016-01-18 10:16:41.826, null, 2016-01-18 10:16:41.826, 1, null]
[EL Fine]: sql: 2016-01-18 10:16:41.848--ClientSession(1433791812)--Connection(2003498793)--Thread(Thread[Test worker,5,main])--SELECT LAST_INSERT_ID()
[EL Fine]: sql: 2016-01-18 10:16:42.109--ClientSession(1385169740)--Connection(2003498793)--Thread(Thread[Test worker,5,main])--SELECT monthid, monthname, versionId, createdBy, createdDate, updatedBy, updatedDate, activeStatus, txnAccessCode FROM ast_CurrentMonth_M WHERE ((activeStatus = ?) AND (monthid = ?))
	bind => [1, 13]
Setting logged in user info for UPDATE
[EL Fine]: sql: 2016-01-18 10:16:42.112--ClientSession(246101347)--Connection(2003498793)--Thread(Thread[Test worker,5,main])--SELECT monthid, monthname, versionId, createdBy, createdDate, updatedBy, updatedDate, activeStatus, txnAccessCode FROM ast_CurrentMonth_M WHERE (monthid = ?)
	bind => [13]
[EL Fine]: sql: 2016-01-18 10:16:42.113--ClientSession(246101347)--Connection(2003498793)--Thread(Thread[Test worker,5,main])--UPDATE ast_CurrentMonth_M SET monthname = ?, updatedBy = ?, versionId = ? WHERE ((monthid = ?) AND (versionId = ?))
	bind => [11sVf03aosavc4EVvV2wd7pxuu5azS2Fu485mdOUMaTKB5mU7C, AAAAA, 2, 13, 1]
[EL Fine]: sql: 2016-01-18 10:16:42.167--ClientSession(239790604)--Connection(2003498793)--Thread(Thread[Test worker,5,main])--SELECT monthid, monthname, versionId, createdBy, createdDate, updatedBy, updatedDate, activeStatus, txnAccessCode FROM ast_CurrentMonth_M WHERE ((activeStatus = ?) AND (monthid = ?))
	bind => [1, 13]
[EL Fine]: sql: 2016-01-18 10:16:42.172--ClientSession(531186914)--Connection(2003498793)--Thread(Thread[Test worker,5,main])--SELECT monthid, monthname, versionId, createdBy, createdDate, updatedBy, updatedDate, activeStatus, txnAccessCode FROM ast_CurrentMonth_M WHERE (monthid = ?)
	bind => [13]
[EL Fine]: sql: 2016-01-18 10:16:42.173--ClientSession(531186914)--Connection(2003498793)--Thread(Thread[Test worker,5,main])--DELETE FROM ast_CurrentMonth_M WHERE ((monthid = ?) AND (versionId = ?))
	bind => [13, 2]
]]></system-out>
  <system-err><![CDATA[]]></system-err>
</testsuite>
