<?xml version="1.0" encoding="UTF-8"?>
<testsuite name="project4.app.server.service.AddressTypeTestCase" tests="4" skipped="0" failures="0" errors="0" timestamp="2016-01-18T10:16:42" hostname="cd20f030c673" time="0.189">
  <properties/>
  <testcase name="test1Save" classname="project4.app.server.service.AddressTypeTestCase" time="0.064"/>
  <testcase name="test2Update" classname="project4.app.server.service.AddressTypeTestCase" time="0.058"/>
  <testcase name="test3FindById" classname="project4.app.server.service.AddressTypeTestCase" time="0.007"/>
  <testcase name="test4Delete" classname="project4.app.server.service.AddressTypeTestCase" time="0.059"/>
  <system-out><![CDATA[Setting logged in user info for ADD
[EL Fine]: sql: 2016-01-18 10:16:42.247--ClientSession(1835804447)--Connection(2003498793)--Thread(Thread[Test worker,5,main])--INSERT INTO ast_AddressType_M (addressTypeId, addressType, addressTypeDesc, addressTypeIcon, versionId, createdBy, createdDate, updatedBy, updatedDate, activeStatus, txnAccessCode) VALUES (?, ?, ?, ?, ?, ?, ?, ?, ?, ?, ?)
	bind => [5816FC77-9484-4E0D-BD3E-DCBDF70CBCA7, 3z2soG7fyhZsyoyjlR70T0qE9LuXtfLPdqPJRdihZkJFI2eZbQ, 7rfeyFFAbnmxaI7m3669kfp7TTNYhBL1F17uWyeRWII1FOSoTu, s8jvjGW4owyzXxJXs6XYuuSFftk3VlSW3ayZ5fBjdPdoQTcFUG, 1, AAAAA, 2016-01-18 10:16:42.243, null, 2016-01-18 10:16:42.243, 1, null]
[EL Fine]: sql: 2016-01-18 10:16:42.301--ClientSession(1031347355)--Connection(2003498793)--Thread(Thread[Test worker,5,main])--SELECT addressTypeId, addressType, addressTypeDesc, addressTypeIcon, versionId, createdBy, createdDate, updatedBy, updatedDate, activeStatus, txnAccessCode FROM ast_AddressType_M WHERE ((activeStatus = ?) AND (addressTypeId = ?))
	bind => [1, 5816FC77-9484-4E0D-BD3E-DCBDF70CBCA7]
Setting logged in user info for UPDATE
[EL Fine]: sql: 2016-01-18 10:16:42.303--ClientSession(2074174580)--Connection(2003498793)--Thread(Thread[Test worker,5,main])--SELECT addressTypeId, addressType, addressTypeDesc, addressTypeIcon, versionId, createdBy, createdDate, updatedBy, updatedDate, activeStatus, txnAccessCode FROM ast_AddressType_M WHERE (addressTypeId = ?)
	bind => [5816FC77-9484-4E0D-BD3E-DCBDF70CBCA7]
[EL Fine]: sql: 2016-01-18 10:16:42.304--ClientSession(2074174580)--Connection(2003498793)--Thread(Thread[Test worker,5,main])--UPDATE ast_AddressType_M SET addressType = ?, addressTypeDesc = ?, addressTypeIcon = ?, updatedBy = ?, versionId = ? WHERE ((addressTypeId = ?) AND (versionId = ?))
	bind => [mDPMdj5LKgA3SkdGqWSuZgqo6OvhvNpIAYgIcZezfvIcA1kYek, aV5ASzj41aEQJnSiDiYQggtv7rdhwaGsRQLLjwYsfXev0jXjif, ll8Qnl7bR59E7026wMA1A5i6ezCokg0lC9Kh3pd2R9iiCjvET1, AAAAA, 2, 5816FC77-9484-4E0D-BD3E-DCBDF70CBCA7, 1]
[EL Fine]: sql: 2016-01-18 10:16:42.359--ClientSession(79198368)--Connection(2003498793)--Thread(Thread[Test worker,5,main])--SELECT addressTypeId, addressType, addressTypeDesc, addressTypeIcon, versionId, createdBy, createdDate, updatedBy, updatedDate, activeStatus, txnAccessCode FROM ast_AddressType_M WHERE ((activeStatus = ?) AND (addressTypeId = ?))
	bind => [1, 5816FC77-9484-4E0D-BD3E-DCBDF70CBCA7]
[EL Fine]: sql: 2016-01-18 10:16:42.364--ClientSession(594111003)--Connection(2003498793)--Thread(Thread[Test worker,5,main])--SELECT addressTypeId, addressType, addressTypeDesc, addressTypeIcon, versionId, createdBy, createdDate, updatedBy, updatedDate, activeStatus, txnAccessCode FROM ast_AddressType_M WHERE (addressTypeId = ?)
	bind => [5816FC77-9484-4E0D-BD3E-DCBDF70CBCA7]
[EL Fine]: sql: 2016-01-18 10:16:42.366--ClientSession(594111003)--Connection(2003498793)--Thread(Thread[Test worker,5,main])--DELETE FROM ast_AddressType_M WHERE ((addressTypeId = ?) AND (versionId = ?))
	bind => [5816FC77-9484-4E0D-BD3E-DCBDF70CBCA7, 2]
]]></system-out>
  <system-err><![CDATA[]]></system-err>
</testsuite>
