<?xml version="1.0" encoding="UTF-8"?>
<testsuite name="project4.app.server.service.UserAccessDomainTestCase" tests="4" skipped="0" failures="0" errors="0" timestamp="2016-01-18T10:16:26" hostname="cd20f030c673" time="0.322">
  <properties/>
  <testcase name="test1Save" classname="project4.app.server.service.UserAccessDomainTestCase" time="0.113"/>
  <testcase name="test2Update" classname="project4.app.server.service.UserAccessDomainTestCase" time="0.1"/>
  <testcase name="test3FindById" classname="project4.app.server.service.UserAccessDomainTestCase" time="0.008"/>
  <testcase name="test4Delete" classname="project4.app.server.service.UserAccessDomainTestCase" time="0.099"/>
  <system-out><![CDATA[Setting logged in user info for ADD
[EL Fine]: sql: 2016-01-18 10:16:26.233--ClientSession(1562789417)--Connection(2003498793)--Thread(Thread[Test worker,5,main])--INSERT INTO ast_UserAccessDomain_M (userAccessDomainId, domainDescription, domainHelp, domainIcon, domainName, userAccessDomain, versionId, createdBy, createdDate, updatedBy, updatedDate, activeStatus, txnAccessCode) VALUES (?, ?, ?, ?, ?, ?, ?, ?, ?, ?, ?, ?, ?)
	bind => [1A0AFCFB-7DE2-4F63-BD42-DA7ADEB21E60, xB8R6940oaflFMlrb8qjKemoVpioZSERyHsoJX3STwidY339Zc, oybMl0pdm2bSavQjyepY848esAvgx8oH34LEd08t4xgjxIvZv8, Ipi4ynkkUYKxRJwZGDDna1ghmxHEgF96s2PpCyDJVn5XkpBXJ8, yNDst0j7zAES06wIeG6j3ppMIPBjgSKnMhUeZTHOxV0o7QeSVm, 26368, 1, AAAAA, 2016-01-18 10:16:26.182, null, 2016-01-18 10:16:26.182, 1, null]
[EL Fine]: sql: 2016-01-18 10:16:26.286--ClientSession(2020516972)--Connection(2003498793)--Thread(Thread[Test worker,5,main])--SELECT userAccessDomainId, domainDescription, domainHelp, domainIcon, domainName, userAccessDomain, versionId, createdBy, createdDate, updatedBy, updatedDate, activeStatus, txnAccessCode FROM ast_UserAccessDomain_M WHERE ((activeStatus = ?) AND (userAccessDomainId = ?))
	bind => [1, 1A0AFCFB-7DE2-4F63-BD42-DA7ADEB21E60]
Setting logged in user info for UPDATE
[EL Fine]: sql: 2016-01-18 10:16:26.291--ClientSession(2058004784)--Connection(2003498793)--Thread(Thread[Test worker,5,main])--SELECT userAccessDomainId, domainDescription, domainHelp, domainIcon, domainName, userAccessDomain, versionId, createdBy, createdDate, updatedBy, updatedDate, activeStatus, txnAccessCode FROM ast_UserAccessDomain_M WHERE (userAccessDomainId = ?)
	bind => [1A0AFCFB-7DE2-4F63-BD42-DA7ADEB21E60]
[EL Fine]: sql: 2016-01-18 10:16:26.293--ClientSession(2058004784)--Connection(2003498793)--Thread(Thread[Test worker,5,main])--UPDATE ast_UserAccessDomain_M SET domainDescription = ?, domainHelp = ?, domainIcon = ?, domainName = ?, userAccessDomain = ?, updatedBy = ?, versionId = ? WHERE ((userAccessDomainId = ?) AND (versionId = ?))
	bind => [NROBUD2pjvrik5F0NNnUFfIZHBI11fBJvIbkpZvLJB143Xvho1, GRY9zBgrhclb5EFw7dMmIy0P1ZC2qrSIKNQkICYE1kXFPebDOm, Tmse0Uzhj7WSGwDySXWOMfFr1L3F2QoDrCfDKWao66gqzlr6gz, 5MFarUZxYEi11MgIXtdRCiTCeAc8ZUmN4tifpARHreORyyXNdD, 55168, AAAAA, 2, 1A0AFCFB-7DE2-4F63-BD42-DA7ADEB21E60, 1]
[EL Fine]: sql: 2016-01-18 10:16:26.386--ClientSession(1103907339)--Connection(2003498793)--Thread(Thread[Test worker,5,main])--SELECT userAccessDomainId, domainDescription, domainHelp, domainIcon, domainName, userAccessDomain, versionId, createdBy, createdDate, updatedBy, updatedDate, activeStatus, txnAccessCode FROM ast_UserAccessDomain_M WHERE ((activeStatus = ?) AND (userAccessDomainId = ?))
	bind => [1, 1A0AFCFB-7DE2-4F63-BD42-DA7ADEB21E60]
[EL Fine]: sql: 2016-01-18 10:16:26.394--ClientSession(60377420)--Connection(2003498793)--Thread(Thread[Test worker,5,main])--SELECT userAccessDomainId, domainDescription, domainHelp, domainIcon, domainName, userAccessDomain, versionId, createdBy, createdDate, updatedBy, updatedDate, activeStatus, txnAccessCode FROM ast_UserAccessDomain_M WHERE (userAccessDomainId = ?)
	bind => [1A0AFCFB-7DE2-4F63-BD42-DA7ADEB21E60]
[EL Fine]: sql: 2016-01-18 10:16:26.395--ClientSession(60377420)--Connection(2003498793)--Thread(Thread[Test worker,5,main])--DELETE FROM ast_UserAccessDomain_M WHERE ((userAccessDomainId = ?) AND (versionId = ?))
	bind => [1A0AFCFB-7DE2-4F63-BD42-DA7ADEB21E60, 2]
]]></system-out>
  <system-err><![CDATA[]]></system-err>
</testsuite>
