<?xml version="1.0" encoding="UTF-8"?>
<testsuite name="project4.app.server.service.CommunicationGroupTestCase" tests="4" skipped="0" failures="0" errors="0" timestamp="2016-01-18T10:16:28" hostname="cd20f030c673" time="0.246">
  <properties/>
  <testcase name="test1Save" classname="project4.app.server.service.CommunicationGroupTestCase" time="0.061"/>
  <testcase name="test2Update" classname="project4.app.server.service.CommunicationGroupTestCase" time="0.066"/>
  <testcase name="test3FindById" classname="project4.app.server.service.CommunicationGroupTestCase" time="0.009"/>
  <testcase name="test4Delete" classname="project4.app.server.service.CommunicationGroupTestCase" time="0.11"/>
  <system-out><![CDATA[Setting logged in user info for ADD
[EL Fine]: sql: 2016-01-18 10:16:28.412--ClientSession(1727040331)--Connection(2003498793)--Thread(Thread[Test worker,5,main])--INSERT INTO ast_CommunicationGroup_M (commGroupId, commGroupDescription, commGroupName, versionId, createdBy, createdDate, updatedBy, updatedDate, activeStatus, txnAccessCode) VALUES (?, ?, ?, ?, ?, ?, ?, ?, ?, ?)
	bind => [0CEF6B21-4FEB-4B69-B1A9-E2AC3C9CA811, JN9c61qs0w5LuSNpyEJPYSlOeMFEUhMyuhOyFui7zzLAoNF5IT, 4b56qg55RgfZaKsDiSk80JJSCkYzd7EEZOzLuUFrFiUUQy1Mko, 1, AAAAA, 2016-01-18 10:16:28.408, null, 2016-01-18 10:16:28.408, 1, null]
[EL Fine]: sql: 2016-01-18 10:16:28.463--ClientSession(133572833)--Connection(2003498793)--Thread(Thread[Test worker,5,main])--SELECT commGroupId, commGroupDescription, commGroupName, versionId, createdBy, createdDate, updatedBy, updatedDate, activeStatus, txnAccessCode FROM ast_CommunicationGroup_M WHERE ((activeStatus = ?) AND (commGroupId = ?))
	bind => [1, 0CEF6B21-4FEB-4B69-B1A9-E2AC3C9CA811]
Setting logged in user info for UPDATE
[EL Fine]: sql: 2016-01-18 10:16:28.467--ClientSession(205708631)--Connection(2003498793)--Thread(Thread[Test worker,5,main])--SELECT commGroupId, commGroupDescription, commGroupName, versionId, createdBy, createdDate, updatedBy, updatedDate, activeStatus, txnAccessCode FROM ast_CommunicationGroup_M WHERE (commGroupId = ?)
	bind => [0CEF6B21-4FEB-4B69-B1A9-E2AC3C9CA811]
[EL Fine]: sql: 2016-01-18 10:16:28.469--ClientSession(205708631)--Connection(2003498793)--Thread(Thread[Test worker,5,main])--UPDATE ast_CommunicationGroup_M SET commGroupDescription = ?, commGroupName = ?, updatedBy = ?, versionId = ? WHERE ((commGroupId = ?) AND (versionId = ?))
	bind => [jaDCHGHu1yG2MSkaty9H9mJvG3bJi2iENNXarnIzPFoaGK9glh, hinqglUmddWqF7RLO8H5PFb8JTFFNvQJ0gsnT4JAKedFBpTLfQ, AAAAA, 2, 0CEF6B21-4FEB-4B69-B1A9-E2AC3C9CA811, 1]
[EL Fine]: sql: 2016-01-18 10:16:28.529--ClientSession(1312996446)--Connection(2003498793)--Thread(Thread[Test worker,5,main])--SELECT commGroupId, commGroupDescription, commGroupName, versionId, createdBy, createdDate, updatedBy, updatedDate, activeStatus, txnAccessCode FROM ast_CommunicationGroup_M WHERE ((activeStatus = ?) AND (commGroupId = ?))
	bind => [1, 0CEF6B21-4FEB-4B69-B1A9-E2AC3C9CA811]
[EL Fine]: sql: 2016-01-18 10:16:28.537--ClientSession(418106170)--Connection(2003498793)--Thread(Thread[Test worker,5,main])--SELECT commGroupId, commGroupDescription, commGroupName, versionId, createdBy, createdDate, updatedBy, updatedDate, activeStatus, txnAccessCode FROM ast_CommunicationGroup_M WHERE (commGroupId = ?)
	bind => [0CEF6B21-4FEB-4B69-B1A9-E2AC3C9CA811]
[EL Fine]: sql: 2016-01-18 10:16:28.538--ClientSession(418106170)--Connection(2003498793)--Thread(Thread[Test worker,5,main])--DELETE FROM ast_CommunicationGroup_M WHERE ((commGroupId = ?) AND (versionId = ?))
	bind => [0CEF6B21-4FEB-4B69-B1A9-E2AC3C9CA811, 2]
]]></system-out>
  <system-err><![CDATA[]]></system-err>
</testsuite>
