<?xml version="1.0" encoding="UTF-8"?>
<testsuite name="project4.app.server.service.SalesDataTestCase" tests="9" skipped="0" failures="0" errors="0" timestamp="2016-01-18T10:16:38" hostname="cd20f030c673" time="1.491">
  <properties/>
  <testcase name="test1Save" classname="project4.app.server.service.SalesDataTestCase" time="0.815"/>
  <testcase name="test2Update" classname="project4.app.server.service.SalesDataTestCase" time="0.05"/>
  <testcase name="test3FindById" classname="project4.app.server.service.SalesDataTestCase" time="0.009"/>
  <testcase name="test3findBybrandcode" classname="project4.app.server.service.SalesDataTestCase" time="0.006"/>
  <testcase name="test3findBycategory" classname="project4.app.server.service.SalesDataTestCase" time="0.005"/>
  <testcase name="test3findBychannelId" classname="project4.app.server.service.SalesDataTestCase" time="0.005"/>
  <testcase name="test3findBymaterialcode" classname="project4.app.server.service.SalesDataTestCase" time="0.005"/>
  <testcase name="test3findByreatilercode" classname="project4.app.server.service.SalesDataTestCase" time="0.005"/>
  <testcase name="test4Delete" classname="project4.app.server.service.SalesDataTestCase" time="0.591"/>
  <system-out><![CDATA[[EL Fine]: sql: 2016-01-18 10:16:38.269--ClientSession(389490855)--Connection(2003498793)--Thread(Thread[Search Engine Delta Index Scheduler,5,main])--SELECT report_id, active_status, advance_config_json, app_creator_id, chart_json, created_by, created_date, data_json, project_id, project_version_id, query_id, report_name, search_json, updated_by, updated_date, version_id FROM art_report_ui
searchJson>>>>>>>>>>>>>>>{"enableCharts":"on","hour":"","minute":""}
searchJson>>>>>>>>>>>>>>>{"isUserAccessible":"on","hour":"","minute":""}
searchJson>>>>>>>>>>>>>>>{"hour":"","minute":""}
searchJson>>>>>>>>>>>>>>>{"enableCharts":"on","hour":"","minute":""}
searchJson>>>>>>>>>>>>>>>{"enableCharts":"on","isSearch":"on","isUserAccessible":"on","hour":"1","minute":"30"}
doIndex  searchJson>>>>>>>>>>>>>>>{"query_id":"49794A40-3256-42C7-AA95-DA6F77932433","report_id":"72F89480-563B-4353-A714-674EEAA7A14D","isUserAccessible":"on"}
[EL Fine]: sql: 2016-01-18 10:16:38.279--ClientSession(1251269756)--Connection(2003498793)--Thread(Thread[Search Engine Delta Index Scheduler,5,main])--SELECT query_id, active_status, app_creator_id, created_by, created_date, hidden_name, jpql_query, name, project_id, project_version_id, query_json, query_type, sql_query, updated_by, updated_date, user_access, version_id FROM art_query WHERE ((query_id = ?) AND (active_status = ?))
	bind => [49794A40-3256-42C7-AA95-DA6F77932433, true]
URL To Call:::http://localhost:8080/project4solr/dataimport
[EL Fine]: sql: 2016-01-18 10:16:38.281--ClientSession(2110664379)--Connection(2003498793)--Thread(Thread[Test worker,5,main])--INSERT INTO ast_Category_M (categoryId, category, versionId, createdBy, createdDate, updatedBy, updatedDate, activeStatus, txnAccessCode) VALUES (?, ?, ?, ?, ?, ?, ?, ?, ?)
	bind => [35BCD84C-20CF-411F-BED4-70218B9E2266, a63cBNRiilMlsQGqxGcva7fUhebwO5yYXIMTo9gv4ngHoXnIRi, 1, AAAAA, 2016-01-18 10:16:38.278, null, 2016-01-18 10:16:38.278, 1, null]
[EL Fine]: sql: 2016-01-18 10:16:38.437--ClientSession(218287747)--Connection(2003498793)--Thread(Thread[Test worker,5,main])--INSERT INTO ast_Brand_M (brandcode, branddesc, categoryId, versionId, createdBy, createdDate, updatedBy, updatedDate, activeStatus, txnAccessCode) VALUES (?, ?, ?, ?, ?, ?, ?, ?, ?, ?)
	bind => [E41F3B82-D654-4322-8AA6-26CA03598EDE, fADEoCJb7nheF84iWsQCGW9EXHCWORwv4lbgYJM3ZeiWCu0Toh, 35BCD84C-20CF-411F-BED4-70218B9E2266, 1, AAAAA, 2016-01-18 10:16:38.278, null, 2016-01-18 10:16:38.278, 1, null]
[EL Fine]: sql: 2016-01-18 10:16:38.554--ClientSession(1539316089)--Connection(2003498793)--Thread(Thread[Test worker,5,main])--INSERT INTO ast_Channel_M (channelId, channel, versionId, createdBy, createdDate, updatedBy, updatedDate, activeStatus, txnAccessCode) VALUES (?, ?, ?, ?, ?, ?, ?, ?, ?)
	bind => [5612F5E0-0261-471B-B1B7-B79C5217EEB5, 2urmgaGps5kxScbvTDRn3f6CQ04elNn9ZI3tRWT4qwe568Ds0g, 1, AAAAA, 2016-01-18 10:16:38.549, null, 2016-01-18 10:16:38.549, 1, null]
searchJson>>>>>>>>>>>>>>>{"hour":"","minute":""}
searchJson>>>>>>>>>>>>>>>{"enableCharts":"on","isSearch":"on","isUserAccessible":"on","hour":"1","minute":"30"}
doIndex  searchJson>>>>>>>>>>>>>>>{"query_id":"49794A40-3256-42C7-AA95-DA6F77932433","report_id":"85CCD351-06C4-40D6-AEA6-C0D0EE91B3D2","isUserAccessible":"on"}
[EL Fine]: sql: 2016-01-18 10:16:38.592--ClientSession(2138289737)--Connection(209132489)--Thread(Thread[Search Engine Delta Index Scheduler,5,main])--SELECT query_id, active_status, app_creator_id, created_by, created_date, hidden_name, jpql_query, name, project_id, project_version_id, query_json, query_type, sql_query, updated_by, updated_date, user_access, version_id FROM art_query WHERE ((query_id = ?) AND (active_status = ?))
	bind => [49794A40-3256-42C7-AA95-DA6F77932433, true]
URL To Call:::http://localhost:8080/project4solr/dataimport
searchJson>>>>>>>>>>>>>>>{"enableCharts":"on","hour":"","minute":""}
searchJson>>>>>>>>>>>>>>>{"enableCharts":"on","isSearch":"on","isUserAccessible":"on","hour":"1","minute":"30"}
doIndex  searchJson>>>>>>>>>>>>>>>{"query_id":"49794A40-3256-42C7-AA95-DA6F77932433","report_id":"9D84D3A5-A347-455D-B157-B881D3BF1ACA","isUserAccessible":"on"}
[EL Fine]: sql: 2016-01-18 10:16:38.595--ClientSession(69877988)--Connection(209132489)--Thread(Thread[Search Engine Delta Index Scheduler,5,main])--SELECT query_id, active_status, app_creator_id, created_by, created_date, hidden_name, jpql_query, name, project_id, project_version_id, query_json, query_type, sql_query, updated_by, updated_date, user_access, version_id FROM art_query WHERE ((query_id = ?) AND (active_status = ?))
	bind => [49794A40-3256-42C7-AA95-DA6F77932433, true]
URL To Call:::http://localhost:8080/project4solr/dataimport
searchJson>>>>>>>>>>>>>>>{"isUserAccessible":"on","hour":"","minute":""}
searchJson>>>>>>>>>>>>>>>{"hour":"","minute":""}
searchJson>>>>>>>>>>>>>>>{"hour":"","minute":""}
searchJson>>>>>>>>>>>>>>>{"enableCharts":"on","hour":"","minute":""}
[EL Fine]: sql: 2016-01-18 10:16:38.646--ClientSession(2074981166)--Connection(2003498793)--Thread(Thread[Test worker,5,main])--INSERT INTO ast_Material_M (materialcode, brandcode, materialdesc, versionId, createdBy, createdDate, updatedBy, updatedDate, activeStatus, txnAccessCode) VALUES (?, ?, ?, ?, ?, ?, ?, ?, ?, ?)
	bind => [CFD43085-A38D-4FE4-A4BA-0208BAD8EA8A, E41F3B82-D654-4322-8AA6-26CA03598EDE, GIwzadyzrCdpBHFg3bGMJIA7Dl99JoZX6T780KWhUAH7zmWvko, 1, AAAAA, 2016-01-18 10:16:38.641, null, 2016-01-18 10:16:38.641, 1, null]
[EL Fine]: sql: 2016-01-18 10:16:38.711--ClientSession(1961363251)--Connection(2003498793)--Thread(Thread[Test worker,5,main])--INSERT INTO ast_SalesRegion_M (regioncode, regionname, versionId, createdBy, createdDate, updatedBy, updatedDate, activeStatus, txnAccessCode) VALUES (?, ?, ?, ?, ?, ?, ?, ?, ?)
	bind => [64CB2AF6-E7CF-4183-9F25-48338BE7E4B0, MZgReflitu48KILbMQ15jsLZdK2F5dahj1C8byP7apEPMe66Wz, 1, AAAAA, 2016-01-18 10:16:38.708, null, 2016-01-18 10:16:38.708, 1, null]
[EL Fine]: sql: 2016-01-18 10:16:38.777--ClientSession(1010959433)--Connection(2003498793)--Thread(Thread[Test worker,5,main])--INSERT INTO ast_Distributor_M (distributorcode, distributorname, lattitude, longitude, regioncode, versionId, createdBy, createdDate, updatedBy, updatedDate, activeStatus, txnAccessCode) VALUES (?, ?, ?, ?, ?, ?, ?, ?, ?, ?, ?, ?)
	bind => [BF7223D7-C096-4C91-83B3-C88976DF99D6, EMV2HGuTrgXgeNKs15lAAiysAAWKrec91fxrCqPpiFj1ImZXlJ, 12.34, 12.34, 64CB2AF6-E7CF-4183-9F25-48338BE7E4B0, 1, AAAAA, 2016-01-18 10:16:38.708, null, 2016-01-18 10:16:38.708, 1, null]
[EL Fine]: sql: 2016-01-18 10:16:38.839--ClientSession(608853136)--Connection(2003498793)--Thread(Thread[Test worker,5,main])--INSERT INTO ast_Retailer_M (retailercode, distributorcode, retailername, versionId, createdBy, createdDate, updatedBy, updatedDate, activeStatus, txnAccessCode) VALUES (?, ?, ?, ?, ?, ?, ?, ?, ?, ?)
	bind => [C8A0F2F5-F6E0-4FB3-AB1E-027681E079CF, BF7223D7-C096-4C91-83B3-C88976DF99D6, b4K4nQAiGkz8WVGcGnR7eYSpFtzWEmPCL6IPKDGc4ST8SW6qxe, 1, AAAAA, 2016-01-18 10:16:38.708, null, 2016-01-18 10:16:38.708, 1, null]
Setting logged in user info for ADD
[EL Fine]: sql: 2016-01-18 10:16:38.939--ClientSession(2066827739)--Connection(2003498793)--Thread(Thread[Test worker,5,main])--INSERT INTO ast_SalesData_T (brandcode, branddesc, category, channelId, grosssalesamt, materialcode, materialdesc, netsalesamt, reatilercode, retailername, salesdate, salesinvoicenbr, salesmonth, salesqty, salesyear, versionId, createdBy, createdDate, updatedBy, updatedDate, activeStatus, txnAccessCode) VALUES (?, ?, ?, ?, ?, ?, ?, ?, ?, ?, ?, ?, ?, ?, ?, ?, ?, ?, ?, ?, ?, ?)
	bind => [E41F3B82-D654-4322-8AA6-26CA03598EDE, UTBBYieOaJId87Lm7UmoAStrwlwbV6uGn581gGNVAvuXf1UExu, 35BCD84C-20CF-411F-BED4-70218B9E2266, 5612F5E0-0261-471B-B1B7-B79C5217EEB5, 12.34, CFD43085-A38D-4FE4-A4BA-0208BAD8EA8A, iM2XGU2b1LRAseDjY7bf8pSvKN0MerhkAUxbq0r2B6cmjTYJmz, 12.34, C8A0F2F5-F6E0-4FB3-AB1E-027681E079CF, ZNBgdosYEPX5D5Wyi8PhzYcRvYCbkslfE9SEuYrB4r8w6ytIJs, 1970-01-02, sJEdWAY7zlAVt1TkauqnHWG23f4x5DD0qqScfumyfrJshcR2P9, 2147483647, 12.34, 2147483647, 1, AAAAA, 2016-01-18 10:16:38.91, null, 2016-01-18 10:16:38.91, 1, null]
[EL Fine]: sql: 2016-01-18 10:16:38.964--ClientSession(2066827739)--Connection(2003498793)--Thread(Thread[Test worker,5,main])--SELECT LAST_INSERT_ID()
[EL Fine]: sql: 2016-01-18 10:16:39.082--ClientSession(1174572766)--Connection(2003498793)--Thread(Thread[Test worker,5,main])--SELECT autoid, brandcode, branddesc, category, channelId, grosssalesamt, materialcode, materialdesc, netsalesamt, reatilercode, retailername, salesdate, salesinvoicenbr, salesmonth, salesqty, salesyear, versionId, createdBy, createdDate, updatedBy, updatedDate, activeStatus, txnAccessCode FROM ast_SalesData_T WHERE ((activeStatus = ?) AND (autoid = ?))
	bind => [1, 896]
Setting logged in user info for UPDATE
[EL Fine]: sql: 2016-01-18 10:16:39.086--ClientSession(1179248782)--Connection(2003498793)--Thread(Thread[Test worker,5,main])--SELECT autoid, brandcode, branddesc, category, channelId, grosssalesamt, materialcode, materialdesc, netsalesamt, reatilercode, retailername, salesdate, salesinvoicenbr, salesmonth, salesqty, salesyear, versionId, createdBy, createdDate, updatedBy, updatedDate, activeStatus, txnAccessCode FROM ast_SalesData_T WHERE (autoid = ?)
	bind => [896]
[EL Fine]: sql: 2016-01-18 10:16:39.087--ClientSession(1179248782)--Connection(2003498793)--Thread(Thread[Test worker,5,main])--UPDATE ast_SalesData_T SET branddesc = ?, materialdesc = ?, retailername = ?, salesdate = ?, salesinvoicenbr = ?, updatedBy = ?, versionId = ? WHERE ((autoid = ?) AND (versionId = ?))
	bind => [NosTR8P9A6rtMorXQvOSbZaYHCIKRduSSVNB5VkTpZUK7UzTa1, YBuUwFxFPvdTpSsyVU6fyUrSx8E8mse3wBuT1AKQPJBdaiHCdd, IqV9A22c5VP73QNjJ6nO2GNBvzH2BsgnIbweORcmVunl0rB1ho, 1970-01-02, Euq3it3PKdRpLulurWBNXahcaeqcZ7jkTuIpXlzkpmclV0OHNE, AAAAA, 2, 896, 1]
[EL Fine]: sql: 2016-01-18 10:16:39.132--ClientSession(327377847)--Connection(2003498793)--Thread(Thread[Test worker,5,main])--SELECT autoid, brandcode, branddesc, category, channelId, grosssalesamt, materialcode, materialdesc, netsalesamt, reatilercode, retailername, salesdate, salesinvoicenbr, salesmonth, salesqty, salesyear, versionId, createdBy, createdDate, updatedBy, updatedDate, activeStatus, txnAccessCode FROM ast_SalesData_T WHERE ((activeStatus = ?) AND (autoid = ?))
	bind => [1, 896]
[EL Fine]: sql: 2016-01-18 10:16:39.139--ClientSession(583592988)--Connection(2003498793)--Thread(Thread[Test worker,5,main])--SELECT autoid, brandcode, branddesc, category, channelId, grosssalesamt, materialcode, materialdesc, netsalesamt, reatilercode, retailername, salesdate, salesinvoicenbr, salesmonth, salesqty, salesyear, versionId, createdBy, createdDate, updatedBy, updatedDate, activeStatus, txnAccessCode FROM ast_SalesData_T WHERE ((activeStatus = ?) AND (brandcode = ?))
	bind => [1, E41F3B82-D654-4322-8AA6-26CA03598EDE]
[EL Fine]: sql: 2016-01-18 10:16:39.144--ClientSession(1861923706)--Connection(2003498793)--Thread(Thread[Test worker,5,main])--SELECT autoid, brandcode, branddesc, category, channelId, grosssalesamt, materialcode, materialdesc, netsalesamt, reatilercode, retailername, salesdate, salesinvoicenbr, salesmonth, salesqty, salesyear, versionId, createdBy, createdDate, updatedBy, updatedDate, activeStatus, txnAccessCode FROM ast_SalesData_T WHERE ((activeStatus = ?) AND (category = ?))
	bind => [1, 35BCD84C-20CF-411F-BED4-70218B9E2266]
[EL Fine]: sql: 2016-01-18 10:16:39.149--ClientSession(1321616823)--Connection(2003498793)--Thread(Thread[Test worker,5,main])--SELECT autoid, brandcode, branddesc, category, channelId, grosssalesamt, materialcode, materialdesc, netsalesamt, reatilercode, retailername, salesdate, salesinvoicenbr, salesmonth, salesqty, salesyear, versionId, createdBy, createdDate, updatedBy, updatedDate, activeStatus, txnAccessCode FROM ast_SalesData_T WHERE ((activeStatus = ?) AND (channelId = ?))
	bind => [1, 5612F5E0-0261-471B-B1B7-B79C5217EEB5]
[EL Fine]: sql: 2016-01-18 10:16:39.154--ClientSession(1206304021)--Connection(2003498793)--Thread(Thread[Test worker,5,main])--SELECT autoid, brandcode, branddesc, category, channelId, grosssalesamt, materialcode, materialdesc, netsalesamt, reatilercode, retailername, salesdate, salesinvoicenbr, salesmonth, salesqty, salesyear, versionId, createdBy, createdDate, updatedBy, updatedDate, activeStatus, txnAccessCode FROM ast_SalesData_T WHERE ((activeStatus = ?) AND (materialcode = ?))
	bind => [1, CFD43085-A38D-4FE4-A4BA-0208BAD8EA8A]
[EL Fine]: sql: 2016-01-18 10:16:39.159--ClientSession(1938646824)--Connection(2003498793)--Thread(Thread[Test worker,5,main])--SELECT autoid, brandcode, branddesc, category, channelId, grosssalesamt, materialcode, materialdesc, netsalesamt, reatilercode, retailername, salesdate, salesinvoicenbr, salesmonth, salesqty, salesyear, versionId, createdBy, createdDate, updatedBy, updatedDate, activeStatus, txnAccessCode FROM ast_SalesData_T WHERE ((activeStatus = ?) AND (reatilercode = ?))
	bind => [1, C8A0F2F5-F6E0-4FB3-AB1E-027681E079CF]
[EL Fine]: sql: 2016-01-18 10:16:39.163--ClientSession(203577545)--Connection(2003498793)--Thread(Thread[Test worker,5,main])--SELECT autoid, brandcode, branddesc, category, channelId, grosssalesamt, materialcode, materialdesc, netsalesamt, reatilercode, retailername, salesdate, salesinvoicenbr, salesmonth, salesqty, salesyear, versionId, createdBy, createdDate, updatedBy, updatedDate, activeStatus, txnAccessCode FROM ast_SalesData_T WHERE (autoid = ?)
	bind => [896]
[EL Fine]: sql: 2016-01-18 10:16:39.165--ClientSession(203577545)--Connection(2003498793)--Thread(Thread[Test worker,5,main])--DELETE FROM ast_SalesData_T WHERE ((autoid = ?) AND (versionId = ?))
	bind => [896, 2]
[EL Fine]: sql: 2016-01-18 10:16:39.222--ClientSession(304149545)--Connection(2003498793)--Thread(Thread[Test worker,5,main])--SELECT retailercode, distributorcode, retailername, versionId, createdBy, createdDate, updatedBy, updatedDate, activeStatus, txnAccessCode FROM ast_Retailer_M WHERE (retailercode = ?)
	bind => [C8A0F2F5-F6E0-4FB3-AB1E-027681E079CF]
[EL Fine]: sql: 2016-01-18 10:16:39.224--ClientSession(304149545)--Connection(2003498793)--Thread(Thread[Test worker,5,main])--DELETE FROM ast_Retailer_M WHERE ((retailercode = ?) AND (versionId = ?))
	bind => [C8A0F2F5-F6E0-4FB3-AB1E-027681E079CF, 1]
[EL Fine]: sql: 2016-01-18 10:16:39.272--ClientSession(493962234)--Connection(2003498793)--Thread(Thread[Test worker,5,main])--SELECT distributorcode, distributorname, lattitude, longitude, regioncode, versionId, createdBy, createdDate, updatedBy, updatedDate, activeStatus, txnAccessCode FROM ast_Distributor_M WHERE (distributorcode = ?)
	bind => [BF7223D7-C096-4C91-83B3-C88976DF99D6]
[EL Fine]: sql: 2016-01-18 10:16:39.274--ClientSession(493962234)--Connection(2003498793)--Thread(Thread[Test worker,5,main])--DELETE FROM ast_Distributor_M WHERE ((distributorcode = ?) AND (versionId = ?))
	bind => [BF7223D7-C096-4C91-83B3-C88976DF99D6, 1]
[EL Fine]: sql: 2016-01-18 10:16:39.321--ClientSession(1122837673)--Connection(2003498793)--Thread(Thread[Test worker,5,main])--SELECT regioncode, regionname, versionId, createdBy, createdDate, updatedBy, updatedDate, activeStatus, txnAccessCode FROM ast_SalesRegion_M WHERE (regioncode = ?)
	bind => [64CB2AF6-E7CF-4183-9F25-48338BE7E4B0]
[EL Fine]: sql: 2016-01-18 10:16:39.323--ClientSession(1122837673)--Connection(2003498793)--Thread(Thread[Test worker,5,main])--DELETE FROM ast_SalesRegion_M WHERE ((regioncode = ?) AND (versionId = ?))
	bind => [64CB2AF6-E7CF-4183-9F25-48338BE7E4B0, 1]
[EL Fine]: sql: 2016-01-18 10:16:39.372--ClientSession(1140065355)--Connection(2003498793)--Thread(Thread[Test worker,5,main])--SELECT materialcode, brandcode, materialdesc, versionId, createdBy, createdDate, updatedBy, updatedDate, activeStatus, txnAccessCode FROM ast_Material_M WHERE (materialcode = ?)
	bind => [CFD43085-A38D-4FE4-A4BA-0208BAD8EA8A]
[EL Fine]: sql: 2016-01-18 10:16:39.374--ClientSession(1140065355)--Connection(2003498793)--Thread(Thread[Test worker,5,main])--DELETE FROM ast_Material_M WHERE ((materialcode = ?) AND (versionId = ?))
	bind => [CFD43085-A38D-4FE4-A4BA-0208BAD8EA8A, 1]
[EL Fine]: sql: 2016-01-18 10:16:39.421--ClientSession(1319552905)--Connection(2003498793)--Thread(Thread[Test worker,5,main])--SELECT channelId, channel, versionId, createdBy, createdDate, updatedBy, updatedDate, activeStatus, txnAccessCode FROM ast_Channel_M WHERE (channelId = ?)
	bind => [5612F5E0-0261-471B-B1B7-B79C5217EEB5]
[EL Fine]: sql: 2016-01-18 10:16:39.424--ClientSession(1319552905)--Connection(2003498793)--Thread(Thread[Test worker,5,main])--DELETE FROM ast_Channel_M WHERE ((channelId = ?) AND (versionId = ?))
	bind => [5612F5E0-0261-471B-B1B7-B79C5217EEB5, 1]
[EL Fine]: sql: 2016-01-18 10:16:39.472--ClientSession(1886548994)--Connection(2003498793)--Thread(Thread[Test worker,5,main])--SELECT brandcode, branddesc, categoryId, versionId, createdBy, createdDate, updatedBy, updatedDate, activeStatus, txnAccessCode FROM ast_Brand_M WHERE (brandcode = ?)
	bind => [E41F3B82-D654-4322-8AA6-26CA03598EDE]
[EL Fine]: sql: 2016-01-18 10:16:39.474--ClientSession(1886548994)--Connection(2003498793)--Thread(Thread[Test worker,5,main])--DELETE FROM ast_Brand_M WHERE ((brandcode = ?) AND (versionId = ?))
	bind => [E41F3B82-D654-4322-8AA6-26CA03598EDE, 1]
[EL Fine]: sql: 2016-01-18 10:16:39.672--ClientSession(1625956509)--Connection(2003498793)--Thread(Thread[Test worker,5,main])--SELECT categoryId, category, versionId, createdBy, createdDate, updatedBy, updatedDate, activeStatus, txnAccessCode FROM ast_Category_M WHERE (categoryId = ?)
	bind => [35BCD84C-20CF-411F-BED4-70218B9E2266]
[EL Fine]: sql: 2016-01-18 10:16:39.674--ClientSession(1625956509)--Connection(2003498793)--Thread(Thread[Test worker,5,main])--DELETE FROM ast_Category_M WHERE ((categoryId = ?) AND (versionId = ?))
	bind => [35BCD84C-20CF-411F-BED4-70218B9E2266, 1]
]]></system-out>
  <system-err><![CDATA[java.lang.Exception: No query found
	at com.athena.search.bizservice.SearchEngineServiceImpl.buildURL(SearchEngineServiceImpl.java:502)
	at com.athena.search.bizservice.SearchEngineServiceImpl.doIndex(SearchEngineServiceImpl.java:112)
	at com.athena.search.bizservice.SearchEngineServiceImpl.doDeltaIndexing(SearchEngineServiceImpl.java:661)
	at com.athena.search.bizservice.SearchEngineDeltaIndexScheduler.run(SearchEngineDeltaIndexScheduler.java:27)
	at java.util.TimerThread.mainLoop(Timer.java:555)
	at java.util.TimerThread.run(Timer.java:505)
java.net.ConnectException: Connection refused
	at java.net.PlainSocketImpl.socketConnect(Native Method)
	at java.net.AbstractPlainSocketImpl.doConnect(AbstractPlainSocketImpl.java:339)
	at java.net.AbstractPlainSocketImpl.connectToAddress(AbstractPlainSocketImpl.java:200)
	at java.net.AbstractPlainSocketImpl.connect(AbstractPlainSocketImpl.java:182)
	at java.net.SocksSocketImpl.connect(SocksSocketImpl.java:392)
	at java.net.Socket.connect(Socket.java:579)
	at java.net.Socket.connect(Socket.java:528)
	at sun.net.NetworkClient.doConnect(NetworkClient.java:180)
	at sun.net.www.http.HttpClient.openServer(HttpClient.java:432)
	at sun.net.www.http.HttpClient.openServer(HttpClient.java:527)
	at sun.net.www.http.HttpClient.<init>(HttpClient.java:211)
	at sun.net.www.http.HttpClient.New(HttpClient.java:308)
	at sun.net.www.http.HttpClient.New(HttpClient.java:326)
	at sun.net.www.protocol.http.HttpURLConnection.getNewHttpClient(HttpURLConnection.java:997)
	at sun.net.www.protocol.http.HttpURLConnection.plainConnect(HttpURLConnection.java:933)
	at sun.net.www.protocol.http.HttpURLConnection.connect(HttpURLConnection.java:851)
	at sun.net.www.protocol.http.HttpURLConnection.getOutputStream(HttpURLConnection.java:1092)
	at com.athena.search.bizservice.SearchEngineServiceImpl.sendPost(SearchEngineServiceImpl.java:553)
	at com.athena.search.bizservice.SearchEngineServiceImpl.doIndex(SearchEngineServiceImpl.java:112)
	at com.athena.search.bizservice.SearchEngineServiceImpl.doDeltaIndexing(SearchEngineServiceImpl.java:661)
	at com.athena.search.bizservice.SearchEngineDeltaIndexScheduler.run(SearchEngineDeltaIndexScheduler.java:27)
	at java.util.TimerThread.mainLoop(Timer.java:555)
	at java.util.TimerThread.run(Timer.java:505)
java.lang.Exception: No query found
	at com.athena.search.bizservice.SearchEngineServiceImpl.buildURL(SearchEngineServiceImpl.java:502)
	at com.athena.search.bizservice.SearchEngineServiceImpl.doIndex(SearchEngineServiceImpl.java:112)
	at com.athena.search.bizservice.SearchEngineServiceImpl.doDeltaIndexing(SearchEngineServiceImpl.java:661)
	at com.athena.search.bizservice.SearchEngineDeltaIndexScheduler.run(SearchEngineDeltaIndexScheduler.java:27)
	at java.util.TimerThread.mainLoop(Timer.java:555)
	at java.util.TimerThread.run(Timer.java:505)
java.net.ConnectException: Connection refused
	at java.net.PlainSocketImpl.socketConnect(Native Method)
	at java.net.AbstractPlainSocketImpl.doConnect(AbstractPlainSocketImpl.java:339)
	at java.net.AbstractPlainSocketImpl.connectToAddress(AbstractPlainSocketImpl.java:200)
	at java.net.AbstractPlainSocketImpl.connect(AbstractPlainSocketImpl.java:182)
	at java.net.SocksSocketImpl.connect(SocksSocketImpl.java:392)
	at java.net.Socket.connect(Socket.java:579)
	at java.net.Socket.connect(Socket.java:528)
	at sun.net.NetworkClient.doConnect(NetworkClient.java:180)
	at sun.net.www.http.HttpClient.openServer(HttpClient.java:432)
	at sun.net.www.http.HttpClient.openServer(HttpClient.java:527)
	at sun.net.www.http.HttpClient.<init>(HttpClient.java:211)
	at sun.net.www.http.HttpClient.New(HttpClient.java:308)
	at sun.net.www.http.HttpClient.New(HttpClient.java:326)
	at sun.net.www.protocol.http.HttpURLConnection.getNewHttpClient(HttpURLConnection.java:997)
	at sun.net.www.protocol.http.HttpURLConnection.plainConnect(HttpURLConnection.java:933)
	at sun.net.www.protocol.http.HttpURLConnection.connect(HttpURLConnection.java:851)
	at sun.net.www.protocol.http.HttpURLConnection.getOutputStream(HttpURLConnection.java:1092)
	at com.athena.search.bizservice.SearchEngineServiceImpl.sendPost(SearchEngineServiceImpl.java:553)
	at com.athena.search.bizservice.SearchEngineServiceImpl.doIndex(SearchEngineServiceImpl.java:112)
	at com.athena.search.bizservice.SearchEngineServiceImpl.doDeltaIndexing(SearchEngineServiceImpl.java:661)
	at com.athena.search.bizservice.SearchEngineDeltaIndexScheduler.run(SearchEngineDeltaIndexScheduler.java:27)
	at java.util.TimerThread.mainLoop(Timer.java:555)
	at java.util.TimerThread.run(Timer.java:505)
java.lang.Exception: No query found
	at com.athena.search.bizservice.SearchEngineServiceImpl.buildURL(SearchEngineServiceImpl.java:502)
	at com.athena.search.bizservice.SearchEngineServiceImpl.doIndex(SearchEngineServiceImpl.java:112)
	at com.athena.search.bizservice.SearchEngineServiceImpl.doDeltaIndexing(SearchEngineServiceImpl.java:661)
	at com.athena.search.bizservice.SearchEngineDeltaIndexScheduler.run(SearchEngineDeltaIndexScheduler.java:27)
	at java.util.TimerThread.mainLoop(Timer.java:555)
	at java.util.TimerThread.run(Timer.java:505)
java.net.ConnectException: Connection refused
	at java.net.PlainSocketImpl.socketConnect(Native Method)
	at java.net.AbstractPlainSocketImpl.doConnect(AbstractPlainSocketImpl.java:339)
	at java.net.AbstractPlainSocketImpl.connectToAddress(AbstractPlainSocketImpl.java:200)
	at java.net.AbstractPlainSocketImpl.connect(AbstractPlainSocketImpl.java:182)
	at java.net.SocksSocketImpl.connect(SocksSocketImpl.java:392)
	at java.net.Socket.connect(Socket.java:579)
	at java.net.Socket.connect(Socket.java:528)
	at sun.net.NetworkClient.doConnect(NetworkClient.java:180)
	at sun.net.www.http.HttpClient.openServer(HttpClient.java:432)
	at sun.net.www.http.HttpClient.openServer(HttpClient.java:527)
	at sun.net.www.http.HttpClient.<init>(HttpClient.java:211)
	at sun.net.www.http.HttpClient.New(HttpClient.java:308)
	at sun.net.www.http.HttpClient.New(HttpClient.java:326)
	at sun.net.www.protocol.http.HttpURLConnection.getNewHttpClient(HttpURLConnection.java:997)
	at sun.net.www.protocol.http.HttpURLConnection.plainConnect(HttpURLConnection.java:933)
	at sun.net.www.protocol.http.HttpURLConnection.connect(HttpURLConnection.java:851)
	at sun.net.www.protocol.http.HttpURLConnection.getOutputStream(HttpURLConnection.java:1092)
	at com.athena.search.bizservice.SearchEngineServiceImpl.sendPost(SearchEngineServiceImpl.java:553)
	at com.athena.search.bizservice.SearchEngineServiceImpl.doIndex(SearchEngineServiceImpl.java:112)
	at com.athena.search.bizservice.SearchEngineServiceImpl.doDeltaIndexing(SearchEngineServiceImpl.java:661)
	at com.athena.search.bizservice.SearchEngineDeltaIndexScheduler.run(SearchEngineDeltaIndexScheduler.java:27)
	at java.util.TimerThread.mainLoop(Timer.java:555)
	at java.util.TimerThread.run(Timer.java:505)
]]></system-err>
</testsuite>
