<?xml version="1.0" encoding="UTF-8"?>
<testsuite name="project4.app.server.service.BrandTestCase" tests="5" skipped="0" failures="0" errors="0" timestamp="2016-01-18T10:15:51" hostname="cd20f030c673" time="22.248">
  <properties/>
  <testcase name="test1Save" classname="project4.app.server.service.BrandTestCase" time="21.983"/>
  <testcase name="test2Update" classname="project4.app.server.service.BrandTestCase" time="0.115"/>
  <testcase name="test3FindById" classname="project4.app.server.service.BrandTestCase" time="0.014"/>
  <testcase name="test3findBycategoryId" classname="project4.app.server.service.BrandTestCase" time="0.02"/>
  <testcase name="test4Delete" classname="project4.app.server.service.BrandTestCase" time="0.113"/>
  <system-out><![CDATA[[EL Config]: metadata: 2016-01-18 10:15:59.607--ServerSession(38434957)--Thread(Thread[Test worker,5,main])--The access type for the persistent class [class com.athena.shared.entity.ArtEntity] is set to [FIELD].
[EL Config]: metadata: 2016-01-18 10:15:59.655--ServerSession(38434957)--Thread(Thread[Test worker,5,main])--The access type for the persistent class [class com.athena.shared.entity.AuditPropertiesEntity] is set to [FIELD].
[EL Config]: metadata: 2016-01-18 10:15:59.667--ServerSession(38434957)--Thread(Thread[Test worker,5,main])--The access type for the persistent class [class com.athena.shared.entity.query.ArtQuery] is set to [FIELD].
[EL Config]: metadata: 2016-01-18 10:15:59.67--ServerSession(38434957)--Thread(Thread[Test worker,5,main])--The access type for the persistent class [class com.athena.shared.entity.query.ArtMenu] is set to [FIELD].
[EL Config]: metadata: 2016-01-18 10:15:59.671--ServerSession(38434957)--Thread(Thread[Test worker,5,main])--The access type for the persistent class [class project4.app.shared.sales.Channel] is set to [FIELD].
[EL Config]: metadata: 2016-01-18 10:15:59.675--ServerSession(38434957)--Thread(Thread[Test worker,5,main])--The access type for the persistent class [class com.athena.shared.entity.query.ArtTableEntityRelation] is set to [FIELD].
[EL Config]: metadata: 2016-01-18 10:15:59.681--ServerSession(38434957)--Thread(Thread[Test worker,5,main])--The target entity (reference) class for the one to one mapping element [field reffKeyDetails] is being defaulted to: class com.athena.shared.entity.query.ArtTableFieldDetails.
[EL Config]: metadata: 2016-01-18 10:15:59.682--ServerSession(38434957)--Thread(Thread[Test worker,5,main])--The target entity (reference) class for the one to one mapping element [field owingKeyDetails] is being defaulted to: class com.athena.shared.entity.query.ArtTableFieldDetails.
[EL Config]: metadata: 2016-01-18 10:15:59.682--ServerSession(38434957)--Thread(Thread[Test worker,5,main])--The target entity (reference) class for the one to one mapping element [field reffTableDetails] is being defaulted to: class com.athena.shared.entity.query.ArtTableDetails.
[EL Config]: metadata: 2016-01-18 10:15:59.683--ServerSession(38434957)--Thread(Thread[Test worker,5,main])--The target entity (reference) class for the many to one mapping element [field owningTableDetails] is being defaulted to: class com.athena.shared.entity.query.ArtTableDetails.
[EL Config]: metadata: 2016-01-18 10:15:59.683--ServerSession(38434957)--Thread(Thread[Test worker,5,main])--The access type for the persistent class [class project4.app.shared.contacts.Title] is set to [FIELD].
[EL Config]: metadata: 2016-01-18 10:15:59.684--ServerSession(38434957)--Thread(Thread[Test worker,5,main])--The access type for the persistent class [class project4.app.shared.authorization.RoleMenuBridge] is set to [FIELD].
[EL Config]: metadata: 2016-01-18 10:15:59.685--ServerSession(38434957)--Thread(Thread[Test worker,5,main])--The target entity (reference) class for the one to one mapping element [field roles] is being defaulted to: class project4.app.shared.authorization.Roles.
[EL Config]: metadata: 2016-01-18 10:15:59.685--ServerSession(38434957)--Thread(Thread[Test worker,5,main])--The access type for the persistent class [class com.athena.cloud.shared.entity.CloudDriveTags] is set to [FIELD].
[EL Config]: metadata: 2016-01-18 10:15:59.69--ServerSession(38434957)--Thread(Thread[Test worker,5,main])--The target entity (reference) class for the one to many mapping element [field awsCloudDriveTagFiles] is being defaulted to: class com.athena.cloud.shared.entity.CloudDriveTagFiles.
[EL Config]: metadata: 2016-01-18 10:15:59.692--ServerSession(38434957)--Thread(Thread[Test worker,5,main])--The access type for the persistent class [class project4.app.shared.customers.AppCustomer] is set to [FIELD].
[EL Config]: metadata: 2016-01-18 10:15:59.693--ServerSession(38434957)--Thread(Thread[Test worker,5,main])--The access type for the persistent class [class project4.app.shared.sales.Distributor] is set to [FIELD].
[EL Config]: metadata: 2016-01-18 10:15:59.694--ServerSession(38434957)--Thread(Thread[Test worker,5,main])--The access type for the persistent class [class com.athena.shared.entity.report.ArtServiceOperation] is set to [FIELD].
[EL Config]: metadata: 2016-01-18 10:15:59.694--ServerSession(38434957)--Thread(Thread[Test worker,5,main])--The target entity (reference) class for the many to one mapping element [field artservice] is being defaulted to: class com.athena.shared.entity.report.ArtService.
[EL Config]: metadata: 2016-01-18 10:15:59.695--ServerSession(38434957)--Thread(Thread[Test worker,5,main])--The access type for the persistent class [class project4.app.shared.sales.SalesData] is set to [FIELD].
[EL Config]: metadata: 2016-01-18 10:15:59.697--ServerSession(38434957)--Thread(Thread[Test worker,5,main])--The access type for the persistent class [class com.athena.shared.entity.report.ArtChartTemplate] is set to [FIELD].
[EL Config]: metadata: 2016-01-18 10:15:59.698--ServerSession(38434957)--Thread(Thread[Test worker,5,main])--The access type for the persistent class [class com.spartan.healthmeter.entity.ArtHealthStatusConfiguration] is set to [FIELD].
[EL Config]: metadata: 2016-01-18 10:15:59.698--ServerSession(38434957)--Thread(Thread[Test worker,5,main])--The access type for the persistent class [class com.athena.cloud.shared.entity.CloudDriveFiles] is set to [FIELD].
[EL Config]: metadata: 2016-01-18 10:15:59.699--ServerSession(38434957)--Thread(Thread[Test worker,5,main])--The target entity (reference) class for the many to many mapping element [field tags] is being defaulted to: class com.athena.cloud.shared.entity.CloudDriveTags.
[EL Config]: metadata: 2016-01-18 10:15:59.7--ServerSession(38434957)--Thread(Thread[Test worker,5,main])--The target entity (reference) class for the one to one mapping element [field contentType] is being defaulted to: class com.athena.cloud.shared.entity.CloudDriveContentType.
[EL Config]: metadata: 2016-01-18 10:15:59.701--ServerSession(38434957)--Thread(Thread[Test worker,5,main])--The access type for the persistent class [class com.athena.shared.entity.query.ArtTableDetails] is set to [FIELD].
[EL Config]: metadata: 2016-01-18 10:15:59.701--ServerSession(38434957)--Thread(Thread[Test worker,5,main])--The target entity (reference) class for the one to many mapping element [field entityRelations] is being defaulted to: class com.athena.shared.entity.query.ArtTableEntityRelation.
[EL Config]: metadata: 2016-01-18 10:15:59.701--ServerSession(38434957)--Thread(Thread[Test worker,5,main])--The target entity (reference) class for the one to many mapping element [field artTableFieldDetail] is being defaulted to: class com.athena.shared.entity.query.ArtTableFieldDetails.
[EL Config]: metadata: 2016-01-18 10:15:59.702--ServerSession(38434957)--Thread(Thread[Test worker,5,main])--The access type for the persistent class [class project4.app.shared.authentication.SessionData] is set to [FIELD].
[EL Config]: metadata: 2016-01-18 10:15:59.703--ServerSession(38434957)--Thread(Thread[Test worker,5,main])--The access type for the persistent class [class com.athena.shared.entity.report.ArtChartCategory] is set to [FIELD].
[EL Config]: metadata: 2016-01-18 10:15:59.704--ServerSession(38434957)--Thread(Thread[Test worker,5,main])--The target entity (reference) class for the one to one mapping element [field chart_json_id] is being defaulted to: class com.athena.shared.entity.report.ArtChartJson.
[EL Config]: metadata: 2016-01-18 10:15:59.704--ServerSession(38434957)--Thread(Thread[Test worker,5,main])--The access type for the persistent class [class project4.app.shared.location.AddressType] is set to [FIELD].
[EL Config]: metadata: 2016-01-18 10:15:59.705--ServerSession(38434957)--Thread(Thread[Test worker,5,main])--The access type for the persistent class [class project4.app.shared.contacts.CommunicationData] is set to [FIELD].
[EL Config]: metadata: 2016-01-18 10:15:59.706--ServerSession(38434957)--Thread(Thread[Test worker,5,main])--The access type for the persistent class [class com.athena.shared.entity.report.ArtChartJson] is set to [FIELD].
[EL Config]: metadata: 2016-01-18 10:15:59.706--ServerSession(38434957)--Thread(Thread[Test worker,5,main])--The target entity (reference) class for the one to one mapping element [field data_field_id] is being defaulted to: class com.athena.shared.entity.report.ArtChartDataFieldJson.
[EL Config]: metadata: 2016-01-18 10:15:59.707--ServerSession(38434957)--Thread(Thread[Test worker,5,main])--The access type for the persistent class [class project4.app.shared.authentication.UserAccessLevel] is set to [FIELD].
[EL Config]: metadata: 2016-01-18 10:15:59.707--ServerSession(38434957)--Thread(Thread[Test worker,5,main])--The access type for the persistent class [class project4.app.shared.location.Timezone] is set to [FIELD].
[EL Config]: metadata: 2016-01-18 10:15:59.708--ServerSession(38434957)--Thread(Thread[Test worker,5,main])--The access type for the persistent class [class com.spartan.healthmeter.entity.ZenHealthGauge] is set to [FIELD].
[EL Config]: metadata: 2016-01-18 10:15:59.709--ServerSession(38434957)--Thread(Thread[Test worker,5,main])--The access type for the persistent class [class com.athena.cloud.shared.entity.CloudDriveContentType] is set to [FIELD].
[EL Config]: metadata: 2016-01-18 10:15:59.709--ServerSession(38434957)--Thread(Thread[Test worker,5,main])--The access type for the persistent class [class com.athena.shared.entity.report.ArtChartProperties] is set to [FIELD].
[EL Config]: metadata: 2016-01-18 10:15:59.71--ServerSession(38434957)--Thread(Thread[Test worker,5,main])--The access type for the persistent class [class project4.app.shared.sales.Category] is set to [FIELD].
[EL Config]: metadata: 2016-01-18 10:15:59.71--ServerSession(38434957)--Thread(Thread[Test worker,5,main])--The access type for the persistent class [class com.athena.shared.entity.query.ArtUserLastStatus] is set to [FIELD].
[EL Config]: metadata: 2016-01-18 10:15:59.711--ServerSession(38434957)--Thread(Thread[Test worker,5,main])--The access type for the persistent class [class project4.app.shared.sales.UserAccess] is set to [FIELD].
[EL Config]: metadata: 2016-01-18 10:15:59.711--ServerSession(38434957)--Thread(Thread[Test worker,5,main])--The access type for the persistent class [class com.athena.shared.entity.query.ArtMasterForm] is set to [FIELD].
[EL Config]: metadata: 2016-01-18 10:15:59.712--ServerSession(38434957)--Thread(Thread[Test worker,5,main])--The access type for the persistent class [class project4.app.shared.location.State] is set to [FIELD].
[EL Config]: metadata: 2016-01-18 10:15:59.713--ServerSession(38434957)--Thread(Thread[Test worker,5,main])--The access type for the persistent class [class project4.app.shared.authentication.Login] is set to [FIELD].
[EL Config]: metadata: 2016-01-18 10:15:59.714--ServerSession(38434957)--Thread(Thread[Test worker,5,main])--The target entity (reference) class for the one to one mapping element [field coreContacts] is being defaulted to: class project4.app.shared.contacts.CoreContacts.
[EL Config]: metadata: 2016-01-18 10:15:59.714--ServerSession(38434957)--Thread(Thread[Test worker,5,main])--The target entity (reference) class for the one to one mapping element [field user] is being defaulted to: class project4.app.shared.authentication.User.
[EL Config]: metadata: 2016-01-18 10:15:59.714--ServerSession(38434957)--Thread(Thread[Test worker,5,main])--The access type for the persistent class [class com.athena.deo.model.AwsExternalIntegration] is set to [FIELD].
[EL Config]: metadata: 2016-01-18 10:15:59.715--ServerSession(38434957)--Thread(Thread[Test worker,5,main])--The access type for the persistent class [class project4.app.shared.location.Country] is set to [FIELD].
[EL Config]: metadata: 2016-01-18 10:15:59.716--ServerSession(38434957)--Thread(Thread[Test worker,5,main])--The access type for the persistent class [class project4.app.shared.authorization.Roles] is set to [FIELD].
[EL Config]: metadata: 2016-01-18 10:15:59.716--ServerSession(38434957)--Thread(Thread[Test worker,5,main])--The target entity (reference) class for the one to many mapping element [field roleMenuBridge] is being defaulted to: class project4.app.shared.authorization.RoleMenuBridge.
[EL Config]: metadata: 2016-01-18 10:15:59.717--ServerSession(38434957)--Thread(Thread[Test worker,5,main])--The access type for the persistent class [class com.athena.shared.entity.query.ArtUserMenu] is set to [FIELD].
[EL Config]: metadata: 2016-01-18 10:15:59.717--ServerSession(38434957)--Thread(Thread[Test worker,5,main])--The access type for the persistent class [class com.athena.cloud.shared.entity.CloudDriveTagShared] is set to [FIELD].
[EL Config]: metadata: 2016-01-18 10:15:59.718--ServerSession(38434957)--Thread(Thread[Test worker,5,main])--The target entity (reference) class for the one to one mapping element [field tags] is being defaulted to: class com.athena.cloud.shared.entity.CloudDriveTags.
[EL Config]: metadata: 2016-01-18 10:15:59.718--ServerSession(38434957)--Thread(Thread[Test worker,5,main])--The access type for the persistent class [class project4.app.shared.customers.AppCustomerType] is set to [FIELD].
[EL Config]: metadata: 2016-01-18 10:15:59.719--ServerSession(38434957)--Thread(Thread[Test worker,5,main])--The access type for the persistent class [class project4.app.shared.authentication.PasswordAlgo] is set to [FIELD].
[EL Config]: metadata: 2016-01-18 10:15:59.719--ServerSession(38434957)--Thread(Thread[Test worker,5,main])--The access type for the persistent class [class project4.app.shared.authentication.PassRecovery] is set to [FIELD].
[EL Config]: metadata: 2016-01-18 10:15:59.72--ServerSession(38434957)--Thread(Thread[Test worker,5,main])--The target entity (reference) class for the one to one mapping element [field user] is being defaulted to: class project4.app.shared.authentication.User.
[EL Config]: metadata: 2016-01-18 10:15:59.72--ServerSession(38434957)--Thread(Thread[Test worker,5,main])--The access type for the persistent class [class com.spartan.healthmeter.entity.HealthSchedulerConfiguration] is set to [FIELD].
[EL Config]: metadata: 2016-01-18 10:15:59.72--ServerSession(38434957)--Thread(Thread[Test worker,5,main])--The access type for the persistent class [class project4.app.shared.contacts.CommunicationGroup] is set to [FIELD].
[EL Config]: metadata: 2016-01-18 10:15:59.721--ServerSession(38434957)--Thread(Thread[Test worker,5,main])--The access type for the persistent class [class project4.app.shared.contacts.ContactType] is set to [FIELD].
[EL Config]: metadata: 2016-01-18 10:15:59.721--ServerSession(38434957)--Thread(Thread[Test worker,5,main])--The access type for the persistent class [class com.athena.cloud.shared.entity.CloudDriveFileVersion] is set to [FIELD].
[EL Config]: metadata: 2016-01-18 10:15:59.722--ServerSession(38434957)--Thread(Thread[Test worker,5,main])--The target entity (reference) class for the one to one mapping element [field file] is being defaulted to: class com.athena.cloud.shared.entity.CloudDriveFiles.
[EL Config]: metadata: 2016-01-18 10:15:59.722--ServerSession(38434957)--Thread(Thread[Test worker,5,main])--The access type for the persistent class [class project4.app.shared.sales.SalesRegion] is set to [FIELD].
[EL Config]: metadata: 2016-01-18 10:15:59.722--ServerSession(38434957)--Thread(Thread[Test worker,5,main])--The access type for the persistent class [class com.spartan.healthmeter.entity.ZenSchedulerHealth] is set to [FIELD].
[EL Config]: metadata: 2016-01-18 10:15:59.724--ServerSession(38434957)--Thread(Thread[Test worker,5,main])--The access type for the persistent class [class project4.app.shared.location.Taluka] is set to [FIELD].
[EL Config]: metadata: 2016-01-18 10:15:59.725--ServerSession(38434957)--Thread(Thread[Test worker,5,main])--The access type for the persistent class [class com.athena.shared.entity.report.ArtChartType] is set to [FIELD].
[EL Config]: metadata: 2016-01-18 10:15:59.725--ServerSession(38434957)--Thread(Thread[Test worker,5,main])--The target entity (reference) class for the one to one mapping element [field chart_id] is being defaulted to: class com.athena.shared.entity.report.ArtChartCategory.
[EL Config]: metadata: 2016-01-18 10:15:59.726--ServerSession(38434957)--Thread(Thread[Test worker,5,main])--The access type for the persistent class [class com.athena.shared.entity.query.ArtDatabaseFunction] is set to [FIELD].
[EL Config]: metadata: 2016-01-18 10:15:59.726--ServerSession(38434957)--Thread(Thread[Test worker,5,main])--The access type for the persistent class [class com.athena.shared.entity.report.ArtChartPropLanguage] is set to [FIELD].
[EL Config]: metadata: 2016-01-18 10:15:59.726--ServerSession(38434957)--Thread(Thread[Test worker,5,main])--The target entity (reference) class for the one to one mapping element [field property_id] is being defaulted to: class com.athena.shared.entity.report.ArtChartProperties.
[EL Config]: metadata: 2016-01-18 10:15:59.727--ServerSession(38434957)--Thread(Thread[Test worker,5,main])--The target entity (reference) class for the one to one mapping element [field lang_id] is being defaulted to: class com.athena.shared.entity.report.ArtLangMaster.
[EL Config]: metadata: 2016-01-18 10:15:59.727--ServerSession(38434957)--Thread(Thread[Test worker,5,main])--The access type for the persistent class [class com.spartan.shield.server.entity.AppSessionConfig] is set to [FIELD].
[EL Config]: metadata: 2016-01-18 10:15:59.728--ServerSession(38434957)--Thread(Thread[Test worker,5,main])--The access type for the persistent class [class com.athena.shared.entity.report.ArtLangMaster] is set to [FIELD].
[EL Config]: metadata: 2016-01-18 10:15:59.728--ServerSession(38434957)--Thread(Thread[Test worker,5,main])--The access type for the persistent class [class project4.app.shared.sales.Material] is set to [FIELD].
[EL Config]: metadata: 2016-01-18 10:15:59.729--ServerSession(38434957)--Thread(Thread[Test worker,5,main])--The access type for the persistent class [class com.athena.shared.entity.query.ArtDatabaseOperators] is set to [FIELD].
[EL Config]: metadata: 2016-01-18 10:15:59.729--ServerSession(38434957)--Thread(Thread[Test worker,5,main])--The access type for the persistent class [class project4.app.shared.authentication.Question] is set to [FIELD].
[EL Config]: metadata: 2016-01-18 10:15:59.729--ServerSession(38434957)--Thread(Thread[Test worker,5,main])--The access type for the persistent class [class project4.app.shared.authorization.UserRoleBridge] is set to [FIELD].
[EL Config]: metadata: 2016-01-18 10:15:59.73--ServerSession(38434957)--Thread(Thread[Test worker,5,main])--The access type for the persistent class [class com.athena.cloud.shared.entity.CloudDriveFileShared] is set to [FIELD].
[EL Config]: metadata: 2016-01-18 10:15:59.73--ServerSession(38434957)--Thread(Thread[Test worker,5,main])--The target entity (reference) class for the one to one mapping element [field file] is being defaulted to: class com.athena.cloud.shared.entity.CloudDriveFiles.
[EL Config]: metadata: 2016-01-18 10:15:59.731--ServerSession(38434957)--Thread(Thread[Test worker,5,main])--The access type for the persistent class [class project4.app.shared.location.Language] is set to [FIELD].
[EL Config]: metadata: 2016-01-18 10:15:59.731--ServerSession(38434957)--Thread(Thread[Test worker,5,main])--The access type for the persistent class [class com.spartan.healthmeter.entity.ZenHealthStatus] is set to [FIELD].
[EL Config]: metadata: 2016-01-18 10:15:59.732--ServerSession(38434957)--Thread(Thread[Test worker,5,main])--The access type for the persistent class [class project4.app.shared.authentication.User] is set to [FIELD].
[EL Config]: metadata: 2016-01-18 10:15:59.732--ServerSession(38434957)--Thread(Thread[Test worker,5,main])--The target entity (reference) class for the one to one mapping element [field userData] is being defaulted to: class project4.app.shared.authentication.UserData.
[EL Config]: metadata: 2016-01-18 10:15:59.733--ServerSession(38434957)--Thread(Thread[Test worker,5,main])--The target entity (reference) class for the one to many mapping element [field passRecovery] is being defaulted to: class project4.app.shared.authentication.PassRecovery.
[EL Config]: metadata: 2016-01-18 10:15:59.733--ServerSession(38434957)--Thread(Thread[Test worker,5,main])--The access type for the persistent class [class com.athena.cloud.shared.entity.CloudDriveDefaultTags] is set to [FIELD].
[EL Config]: metadata: 2016-01-18 10:15:59.733--ServerSession(38434957)--Thread(Thread[Test worker,5,main])--The access type for the persistent class [class project4.app.shared.location.City] is set to [FIELD].
[EL Config]: metadata: 2016-01-18 10:15:59.734--ServerSession(38434957)--Thread(Thread[Test worker,5,main])--The access type for the persistent class [class com.athena.shared.entity.query.ArtTableFieldDetails] is set to [FIELD].
[EL Config]: metadata: 2016-01-18 10:15:59.734--ServerSession(38434957)--Thread(Thread[Test worker,5,main])--The target entity (reference) class for the many to one mapping element [field awsTableDetail] is being defaulted to: class com.athena.shared.entity.query.ArtTableDetails.
[EL Config]: metadata: 2016-01-18 10:15:59.735--ServerSession(38434957)--Thread(Thread[Test worker,5,main])--The access type for the persistent class [class project4.app.shared.authentication.PasswordPolicy] is set to [FIELD].
[EL Config]: metadata: 2016-01-18 10:15:59.736--ServerSession(38434957)--Thread(Thread[Test worker,5,main])--The access type for the persistent class [class project4.app.shared.authentication.UserData] is set to [FIELD].
[EL Config]: metadata: 2016-01-18 10:15:59.736--ServerSession(38434957)--Thread(Thread[Test worker,5,main])--The target entity (reference) class for the one to one mapping element [field user] is being defaulted to: class project4.app.shared.authentication.User.
[EL Config]: metadata: 2016-01-18 10:15:59.737--ServerSession(38434957)--Thread(Thread[Test worker,5,main])--The access type for the persistent class [class com.spartan.healthmeter.entity.ZenRequestDetails] is set to [FIELD].
[EL Config]: metadata: 2016-01-18 10:15:59.737--ServerSession(38434957)--Thread(Thread[Test worker,5,main])--The access type for the persistent class [class com.spartan.healthmeter.entity.ArtHealthSchedulerConfiguration] is set to [FIELD].
[EL Config]: metadata: 2016-01-18 10:15:59.738--ServerSession(38434957)--Thread(Thread[Test worker,5,main])--The access type for the persistent class [class project4.app.shared.contacts.CoreContacts] is set to [FIELD].
[EL Config]: metadata: 2016-01-18 10:15:59.738--ServerSession(38434957)--Thread(Thread[Test worker,5,main])--The target entity (reference) class for the one to one mapping element [field timezone] is being defaulted to: class project4.app.shared.location.Timezone.
[EL Config]: metadata: 2016-01-18 10:15:59.739--ServerSession(38434957)--Thread(Thread[Test worker,5,main])--The target entity (reference) class for the one to many mapping element [field address] is being defaulted to: class project4.app.shared.location.Address.
[EL Config]: metadata: 2016-01-18 10:15:59.739--ServerSession(38434957)--Thread(Thread[Test worker,5,main])--The target entity (reference) class for the one to many mapping element [field communicationData] is being defaulted to: class project4.app.shared.contacts.CommunicationData.
[EL Config]: metadata: 2016-01-18 10:15:59.74--ServerSession(38434957)--Thread(Thread[Test worker,5,main])--The access type for the persistent class [class com.athena.ruleengine.shared.ArtRules] is set to [FIELD].
[EL Config]: metadata: 2016-01-18 10:15:59.74--ServerSession(38434957)--Thread(Thread[Test worker,5,main])--The access type for the persistent class [class com.athena.shared.entity.report.ArtReportBuilderDetails] is set to [FIELD].
[EL Config]: metadata: 2016-01-18 10:15:59.741--ServerSession(38434957)--Thread(Thread[Test worker,5,main])--The access type for the persistent class [class project4.app.shared.customers.AppCustomerCategory] is set to [FIELD].
[EL Config]: metadata: 2016-01-18 10:15:59.742--ServerSession(38434957)--Thread(Thread[Test worker,5,main])--The access type for the persistent class [class project4.app.shared.sales.Brand] is set to [FIELD].
[EL Config]: metadata: 2016-01-18 10:15:59.742--ServerSession(38434957)--Thread(Thread[Test worker,5,main])--The access type for the persistent class [class com.athena.cloud.shared.entity.CloudDriveTagFiles] is set to [FIELD].
[EL Config]: metadata: 2016-01-18 10:15:59.742--ServerSession(38434957)--Thread(Thread[Test worker,5,main])--The target entity (reference) class for the one to one mapping element [field tags] is being defaulted to: class com.athena.cloud.shared.entity.CloudDriveTags.
[EL Config]: metadata: 2016-01-18 10:15:59.742--ServerSession(38434957)--Thread(Thread[Test worker,5,main])--The target entity (reference) class for the one to one mapping element [field file] is being defaulted to: class com.athena.cloud.shared.entity.CloudDriveFiles.
[EL Config]: metadata: 2016-01-18 10:15:59.743--ServerSession(38434957)--Thread(Thread[Test worker,5,main])--The access type for the persistent class [class project4.app.shared.location.Region] is set to [FIELD].
[EL Config]: metadata: 2016-01-18 10:15:59.743--ServerSession(38434957)--Thread(Thread[Test worker,5,main])--The access type for the persistent class [class project4.app.shared.location.Village] is set to [FIELD].
[EL Config]: metadata: 2016-01-18 10:15:59.744--ServerSession(38434957)--Thread(Thread[Test worker,5,main])--The access type for the persistent class [class project4.app.shared.contacts.CommunicationType] is set to [FIELD].
[EL Config]: metadata: 2016-01-18 10:15:59.744--ServerSession(38434957)--Thread(Thread[Test worker,5,main])--The access type for the persistent class [class project4.app.shared.location.Address] is set to [FIELD].
[EL Config]: metadata: 2016-01-18 10:15:59.745--ServerSession(38434957)--Thread(Thread[Test worker,5,main])--The access type for the persistent class [class com.spartan.healthmeter.entity.ZenHealthCounter] is set to [FIELD].
[EL Config]: metadata: 2016-01-18 10:15:59.746--ServerSession(38434957)--Thread(Thread[Test worker,5,main])--The access type for the persistent class [class project4.app.shared.authentication.UserAccessDomain] is set to [FIELD].
[EL Config]: metadata: 2016-01-18 10:15:59.746--ServerSession(38434957)--Thread(Thread[Test worker,5,main])--The access type for the persistent class [class com.spartan.healthmeter.entity.ZenHealth] is set to [FIELD].
[EL Config]: metadata: 2016-01-18 10:15:59.748--ServerSession(38434957)--Thread(Thread[Test worker,5,main])--The access type for the persistent class [class com.athena.shared.entity.report.ArtChartDataFieldJson] is set to [FIELD].
[EL Config]: metadata: 2016-01-18 10:15:59.748--ServerSession(38434957)--Thread(Thread[Test worker,5,main])--The access type for the persistent class [class com.athena.shared.entity.report.ArtReportUI] is set to [FIELD].
[EL Config]: metadata: 2016-01-18 10:15:59.749--ServerSession(38434957)--Thread(Thread[Test worker,5,main])--The access type for the persistent class [class project4.app.shared.location.AddressExtended] is set to [FIELD].
[EL Config]: metadata: 2016-01-18 10:15:59.75--ServerSession(38434957)--Thread(Thread[Test worker,5,main])--The access type for the persistent class [class project4.app.shared.sales.Retailer] is set to [FIELD].
[EL Config]: metadata: 2016-01-18 10:15:59.75--ServerSession(38434957)--Thread(Thread[Test worker,5,main])--The access type for the persistent class [class com.athena.shared.entity.report.ArtService] is set to [FIELD].
[EL Config]: metadata: 2016-01-18 10:15:59.75--ServerSession(38434957)--Thread(Thread[Test worker,5,main])--The target entity (reference) class for the one to many mapping element [field artServiceOperations] is being defaulted to: class com.athena.shared.entity.report.ArtServiceOperation.
[EL Config]: metadata: 2016-01-18 10:15:59.751--ServerSession(38434957)--Thread(Thread[Test worker,5,main])--The access type for the persistent class [class com.athena.server.bean.EntityBean] is set to [FIELD].
[EL Config]: metadata: 2016-01-18 10:15:59.751--ServerSession(38434957)--Thread(Thread[Test worker,5,main])--The access type for the persistent class [class project4.app.shared.sales.CurrentMonth] is set to [FIELD].
[EL Config]: metadata: 2016-01-18 10:15:59.752--ServerSession(38434957)--Thread(Thread[Test worker,5,main])--The access type for the persistent class [class project4.app.shared.location.District] is set to [FIELD].
[EL Config]: metadata: 2016-01-18 10:15:59.752--ServerSession(38434957)--Thread(Thread[Test worker,5,main])--The access type for the persistent class [class project4.app.shared.authentication.LoginSession] is set to [FIELD].
[EL Config]: metadata: 2016-01-18 10:15:59.753--ServerSession(38434957)--Thread(Thread[Test worker,5,main])--The access type for the persistent class [class project4.app.shared.authorization.AppMenus] is set to [FIELD].
[EL Config]: metadata: 2016-01-18 10:15:59.754--ServerSession(38434957)--Thread(Thread[Test worker,5,main])--The access type for the persistent class [class com.athena.shared.entity.query.ArtDatabaseAggregate] is set to [FIELD].
[EL Config]: metadata: 2016-01-18 10:15:59.754--ServerSession(38434957)--Thread(Thread[Test worker,5,main])--The access type for the persistent class [class project4.app.shared.location.Currency] is set to [FIELD].
[EL Config]: metadata: 2016-01-18 10:15:59.755--ServerSession(38434957)--Thread(Thread[Test worker,5,main])--The access type for the persistent class [class project4.app.shared.contacts.Gender] is set to [FIELD].
[EL Config]: metadata: 2016-01-18 10:15:59.755--ServerSession(38434957)--Thread(Thread[Test worker,5,main])--The access type for the persistent class [class com.spartan.healthmeter.shared.EntityAudit] is set to [FIELD].
[EL Config]: metadata: 2016-01-18 10:15:59.756--ServerSession(38434957)--Thread(Thread[Test worker,5,main])--The access type for the persistent class [class project4.app.shared.EntityAudit] is set to [FIELD].
[EL Config]: metadata: 2016-01-18 10:15:59.756--ServerSession(38434957)--Thread(Thread[Test worker,5,main])--The access type for the persistent class [class com.spartan.healthmeter.shared.SystemInfo] is set to [FIELD].
[EL Config]: metadata: 2016-01-18 10:15:59.757--ServerSession(38434957)--Thread(Thread[Test worker,5,main])--The access type for the persistent class [class project4.app.shared.SystemInfo] is set to [FIELD].
[EL Config]: metadata: 2016-01-18 10:15:59.764--ServerSession(38434957)--Thread(Thread[Test worker,5,main])--The alias name for the entity class [class com.athena.shared.entity.query.ArtQuery] is being defaulted to: ArtQuery.
[EL Config]: metadata: 2016-01-18 10:15:59.777--ServerSession(38434957)--Thread(Thread[Test worker,5,main])--The alias name for the entity class [class com.athena.shared.entity.query.ArtMenu] is being defaulted to: ArtMenu.
[EL Config]: metadata: 2016-01-18 10:15:59.778--ServerSession(38434957)--Thread(Thread[Test worker,5,main])--The alias name for the entity class [class project4.app.shared.sales.Channel] is being defaulted to: Channel.
[EL Config]: metadata: 2016-01-18 10:15:59.782--ServerSession(38434957)--Thread(Thread[Test worker,5,main])--The alias name for the entity class [class com.athena.shared.entity.query.ArtTableEntityRelation] is being defaulted to: ArtTableEntityRelation.
[EL Config]: metadata: 2016-01-18 10:15:59.783--ServerSession(38434957)--Thread(Thread[Test worker,5,main])--The alias name for the entity class [class project4.app.shared.contacts.Title] is being defaulted to: Title.
[EL Config]: metadata: 2016-01-18 10:15:59.784--ServerSession(38434957)--Thread(Thread[Test worker,5,main])--The alias name for the entity class [class project4.app.shared.authorization.RoleMenuBridge] is being defaulted to: RoleMenuBridge.
[EL Config]: metadata: 2016-01-18 10:15:59.784--ServerSession(38434957)--Thread(Thread[Test worker,5,main])--The alias name for the entity class [class com.athena.cloud.shared.entity.CloudDriveTags] is being defaulted to: CloudDriveTags.
[EL Config]: metadata: 2016-01-18 10:15:59.785--ServerSession(38434957)--Thread(Thread[Test worker,5,main])--The alias name for the entity class [class project4.app.shared.customers.AppCustomer] is being defaulted to: AppCustomer.
[EL Config]: metadata: 2016-01-18 10:15:59.785--ServerSession(38434957)--Thread(Thread[Test worker,5,main])--The alias name for the entity class [class project4.app.shared.sales.Distributor] is being defaulted to: Distributor.
[EL Config]: metadata: 2016-01-18 10:15:59.786--ServerSession(38434957)--Thread(Thread[Test worker,5,main])--The alias name for the entity class [class com.athena.shared.entity.report.ArtServiceOperation] is being defaulted to: ArtServiceOperation.
[EL Config]: metadata: 2016-01-18 10:15:59.787--ServerSession(38434957)--Thread(Thread[Test worker,5,main])--The alias name for the entity class [class project4.app.shared.sales.SalesData] is being defaulted to: SalesData.
[EL Config]: metadata: 2016-01-18 10:15:59.788--ServerSession(38434957)--Thread(Thread[Test worker,5,main])--The alias name for the entity class [class com.athena.shared.entity.report.ArtChartTemplate] is being defaulted to: ArtChartTemplate.
[EL Config]: metadata: 2016-01-18 10:15:59.789--ServerSession(38434957)--Thread(Thread[Test worker,5,main])--The alias name for the entity class [class com.spartan.healthmeter.entity.ArtHealthStatusConfiguration] is being defaulted to: ArtHealthStatusConfiguration.
[EL Config]: metadata: 2016-01-18 10:15:59.789--ServerSession(38434957)--Thread(Thread[Test worker,5,main])--The alias name for the entity class [class com.athena.cloud.shared.entity.CloudDriveFiles] is being defaulted to: CloudDriveFiles.
[EL Config]: metadata: 2016-01-18 10:15:59.79--ServerSession(38434957)--Thread(Thread[Test worker,5,main])--The alias name for the entity class [class com.athena.shared.entity.query.ArtTableDetails] is being defaulted to: ArtTableDetails.
[EL Config]: metadata: 2016-01-18 10:15:59.791--ServerSession(38434957)--Thread(Thread[Test worker,5,main])--The alias name for the entity class [class project4.app.shared.authentication.SessionData] is being defaulted to: SessionData.
[EL Config]: metadata: 2016-01-18 10:15:59.792--ServerSession(38434957)--Thread(Thread[Test worker,5,main])--The alias name for the entity class [class com.athena.shared.entity.report.ArtChartCategory] is being defaulted to: ArtChartCategory.
[EL Config]: metadata: 2016-01-18 10:15:59.792--ServerSession(38434957)--Thread(Thread[Test worker,5,main])--The alias name for the entity class [class project4.app.shared.location.AddressType] is being defaulted to: AddressType.
[EL Config]: metadata: 2016-01-18 10:15:59.793--ServerSession(38434957)--Thread(Thread[Test worker,5,main])--The alias name for the entity class [class project4.app.shared.contacts.CommunicationData] is being defaulted to: CommunicationData.
[EL Config]: metadata: 2016-01-18 10:15:59.793--ServerSession(38434957)--Thread(Thread[Test worker,5,main])--The alias name for the entity class [class com.athena.shared.entity.report.ArtChartJson] is being defaulted to: ArtChartJson.
[EL Config]: metadata: 2016-01-18 10:15:59.794--ServerSession(38434957)--Thread(Thread[Test worker,5,main])--The alias name for the entity class [class project4.app.shared.authentication.UserAccessLevel] is being defaulted to: UserAccessLevel.
[EL Config]: metadata: 2016-01-18 10:15:59.795--ServerSession(38434957)--Thread(Thread[Test worker,5,main])--The alias name for the entity class [class project4.app.shared.location.Timezone] is being defaulted to: Timezone.
[EL Config]: metadata: 2016-01-18 10:15:59.795--ServerSession(38434957)--Thread(Thread[Test worker,5,main])--The alias name for the entity class [class com.spartan.healthmeter.entity.ZenHealthGauge] is being defaulted to: ZenHealthGauge.
[EL Config]: metadata: 2016-01-18 10:15:59.796--ServerSession(38434957)--Thread(Thread[Test worker,5,main])--The alias name for the entity class [class com.athena.cloud.shared.entity.CloudDriveContentType] is being defaulted to: CloudDriveContentType.
[EL Config]: metadata: 2016-01-18 10:15:59.796--ServerSession(38434957)--Thread(Thread[Test worker,5,main])--The alias name for the entity class [class com.athena.shared.entity.report.ArtChartProperties] is being defaulted to: ArtChartProperties.
[EL Config]: metadata: 2016-01-18 10:15:59.797--ServerSession(38434957)--Thread(Thread[Test worker,5,main])--The alias name for the entity class [class project4.app.shared.sales.Category] is being defaulted to: Category.
[EL Config]: metadata: 2016-01-18 10:15:59.797--ServerSession(38434957)--Thread(Thread[Test worker,5,main])--The alias name for the entity class [class com.athena.shared.entity.query.ArtUserLastStatus] is being defaulted to: ArtUserLastStatus.
[EL Config]: metadata: 2016-01-18 10:15:59.798--ServerSession(38434957)--Thread(Thread[Test worker,5,main])--The alias name for the entity class [class project4.app.shared.sales.UserAccess] is being defaulted to: UserAccess.
[EL Config]: metadata: 2016-01-18 10:15:59.798--ServerSession(38434957)--Thread(Thread[Test worker,5,main])--The alias name for the entity class [class com.athena.shared.entity.query.ArtMasterForm] is being defaulted to: ArtMasterForm.
[EL Config]: metadata: 2016-01-18 10:15:59.799--ServerSession(38434957)--Thread(Thread[Test worker,5,main])--The alias name for the entity class [class project4.app.shared.location.State] is being defaulted to: State.
[EL Config]: metadata: 2016-01-18 10:15:59.8--ServerSession(38434957)--Thread(Thread[Test worker,5,main])--The alias name for the entity class [class project4.app.shared.authentication.Login] is being defaulted to: Login.
[EL Config]: metadata: 2016-01-18 10:15:59.801--ServerSession(38434957)--Thread(Thread[Test worker,5,main])--The alias name for the entity class [class com.athena.deo.model.AwsExternalIntegration] is being defaulted to: AwsExternalIntegration.
[EL Config]: metadata: 2016-01-18 10:15:59.801--ServerSession(38434957)--Thread(Thread[Test worker,5,main])--The alias name for the entity class [class project4.app.shared.location.Country] is being defaulted to: Country.
[EL Config]: metadata: 2016-01-18 10:15:59.802--ServerSession(38434957)--Thread(Thread[Test worker,5,main])--The alias name for the entity class [class project4.app.shared.authorization.Roles] is being defaulted to: Roles.
[EL Config]: metadata: 2016-01-18 10:15:59.802--ServerSession(38434957)--Thread(Thread[Test worker,5,main])--The alias name for the entity class [class com.athena.shared.entity.query.ArtUserMenu] is being defaulted to: ArtUserMenu.
[EL Warning]: metadata: 2016-01-18 10:15:59.803--ServerSession(38434957)--Thread(Thread[Test worker,5,main])--You have specified multiple ids for the entity class [com.athena.shared.entity.query.ArtUserMenu] without specifying an @IdClass. By doing this you may lose the ability to find by identity, distributed cache support etc. Note: You may however use entity manager find operations by passing a list of primary key fields. Else, you will have to use JPQL queries to read your entities. For other id options see @PrimaryKey.
[EL Config]: metadata: 2016-01-18 10:15:59.803--ServerSession(38434957)--Thread(Thread[Test worker,5,main])--The alias name for the entity class [class com.athena.cloud.shared.entity.CloudDriveTagShared] is being defaulted to: CloudDriveTagShared.
[EL Config]: metadata: 2016-01-18 10:15:59.804--ServerSession(38434957)--Thread(Thread[Test worker,5,main])--The column name for element [id] is being defaulted to: ID.
[EL Config]: metadata: 2016-01-18 10:15:59.804--ServerSession(38434957)--Thread(Thread[Test worker,5,main])--The alias name for the entity class [class project4.app.shared.customers.AppCustomerType] is being defaulted to: AppCustomerType.
[EL Config]: metadata: 2016-01-18 10:15:59.804--ServerSession(38434957)--Thread(Thread[Test worker,5,main])--The alias name for the entity class [class project4.app.shared.authentication.PasswordAlgo] is being defaulted to: PasswordAlgo.
[EL Config]: metadata: 2016-01-18 10:15:59.805--ServerSession(38434957)--Thread(Thread[Test worker,5,main])--The alias name for the entity class [class project4.app.shared.authentication.PassRecovery] is being defaulted to: PassRecovery.
[EL Config]: metadata: 2016-01-18 10:15:59.805--ServerSession(38434957)--Thread(Thread[Test worker,5,main])--The alias name for the entity class [class com.spartan.healthmeter.entity.HealthSchedulerConfiguration] is being defaulted to: HealthSchedulerConfiguration.
[EL Config]: metadata: 2016-01-18 10:15:59.806--ServerSession(38434957)--Thread(Thread[Test worker,5,main])--The alias name for the entity class [class project4.app.shared.contacts.CommunicationGroup] is being defaulted to: CommunicationGroup.
[EL Config]: metadata: 2016-01-18 10:15:59.806--ServerSession(38434957)--Thread(Thread[Test worker,5,main])--The alias name for the entity class [class project4.app.shared.contacts.ContactType] is being defaulted to: ContactType.
[EL Config]: metadata: 2016-01-18 10:15:59.807--ServerSession(38434957)--Thread(Thread[Test worker,5,main])--The alias name for the entity class [class com.athena.cloud.shared.entity.CloudDriveFileVersion] is being defaulted to: CloudDriveFileVersion.
[EL Config]: metadata: 2016-01-18 10:15:59.807--ServerSession(38434957)--Thread(Thread[Test worker,5,main])--The alias name for the entity class [class project4.app.shared.sales.SalesRegion] is being defaulted to: SalesRegion.
[EL Config]: metadata: 2016-01-18 10:15:59.808--ServerSession(38434957)--Thread(Thread[Test worker,5,main])--The alias name for the entity class [class com.spartan.healthmeter.entity.ZenSchedulerHealth] is being defaulted to: ZenSchedulerHealth.
[EL Config]: metadata: 2016-01-18 10:15:59.809--ServerSession(38434957)--Thread(Thread[Test worker,5,main])--The alias name for the entity class [class project4.app.shared.location.Taluka] is being defaulted to: Taluka.
[EL Config]: metadata: 2016-01-18 10:15:59.81--ServerSession(38434957)--Thread(Thread[Test worker,5,main])--The alias name for the entity class [class com.athena.shared.entity.report.ArtChartType] is being defaulted to: ArtChartType.
[EL Config]: metadata: 2016-01-18 10:15:59.811--ServerSession(38434957)--Thread(Thread[Test worker,5,main])--The alias name for the entity class [class com.athena.shared.entity.query.ArtDatabaseFunction] is being defaulted to: ArtDatabaseFunction.
[EL Config]: metadata: 2016-01-18 10:15:59.811--ServerSession(38434957)--Thread(Thread[Test worker,5,main])--The alias name for the entity class [class com.athena.shared.entity.report.ArtChartPropLanguage] is being defaulted to: ArtChartPropLanguage.
[EL Config]: metadata: 2016-01-18 10:15:59.812--ServerSession(38434957)--Thread(Thread[Test worker,5,main])--The alias name for the entity class [class com.spartan.shield.server.entity.AppSessionConfig] is being defaulted to: AppSessionConfig.
[EL Config]: metadata: 2016-01-18 10:15:59.812--ServerSession(38434957)--Thread(Thread[Test worker,5,main])--The alias name for the entity class [class com.athena.shared.entity.report.ArtLangMaster] is being defaulted to: ArtLangMaster.
[EL Config]: metadata: 2016-01-18 10:15:59.812--ServerSession(38434957)--Thread(Thread[Test worker,5,main])--The alias name for the entity class [class project4.app.shared.sales.Material] is being defaulted to: Material.
[EL Config]: metadata: 2016-01-18 10:15:59.813--ServerSession(38434957)--Thread(Thread[Test worker,5,main])--The alias name for the entity class [class com.athena.shared.entity.query.ArtDatabaseOperators] is being defaulted to: ArtDatabaseOperators.
[EL Config]: metadata: 2016-01-18 10:15:59.813--ServerSession(38434957)--Thread(Thread[Test worker,5,main])--The alias name for the entity class [class project4.app.shared.authentication.Question] is being defaulted to: Question.
[EL Config]: metadata: 2016-01-18 10:15:59.814--ServerSession(38434957)--Thread(Thread[Test worker,5,main])--The alias name for the entity class [class project4.app.shared.authorization.UserRoleBridge] is being defaulted to: UserRoleBridge.
[EL Config]: metadata: 2016-01-18 10:15:59.814--ServerSession(38434957)--Thread(Thread[Test worker,5,main])--The alias name for the entity class [class com.athena.cloud.shared.entity.CloudDriveFileShared] is being defaulted to: CloudDriveFileShared.
[EL Config]: metadata: 2016-01-18 10:15:59.814--ServerSession(38434957)--Thread(Thread[Test worker,5,main])--The column name for element [id] is being defaulted to: ID.
[EL Config]: metadata: 2016-01-18 10:15:59.815--ServerSession(38434957)--Thread(Thread[Test worker,5,main])--The alias name for the entity class [class project4.app.shared.location.Language] is being defaulted to: Language.
[EL Config]: metadata: 2016-01-18 10:15:59.815--ServerSession(38434957)--Thread(Thread[Test worker,5,main])--The alias name for the entity class [class com.spartan.healthmeter.entity.ZenHealthStatus] is being defaulted to: ZenHealthStatus.
[EL Config]: metadata: 2016-01-18 10:15:59.815--ServerSession(38434957)--Thread(Thread[Test worker,5,main])--The alias name for the entity class [class project4.app.shared.authentication.User] is being defaulted to: User.
[EL Config]: metadata: 2016-01-18 10:15:59.816--ServerSession(38434957)--Thread(Thread[Test worker,5,main])--The alias name for the entity class [class com.athena.cloud.shared.entity.CloudDriveDefaultTags] is being defaulted to: CloudDriveDefaultTags.
[EL Config]: metadata: 2016-01-18 10:15:59.816--ServerSession(38434957)--Thread(Thread[Test worker,5,main])--The alias name for the entity class [class project4.app.shared.location.City] is being defaulted to: City.
[EL Config]: metadata: 2016-01-18 10:15:59.817--ServerSession(38434957)--Thread(Thread[Test worker,5,main])--The alias name for the entity class [class com.athena.shared.entity.query.ArtTableFieldDetails] is being defaulted to: ArtTableFieldDetails.
[EL Config]: metadata: 2016-01-18 10:15:59.818--ServerSession(38434957)--Thread(Thread[Test worker,5,main])--The alias name for the entity class [class project4.app.shared.authentication.PasswordPolicy] is being defaulted to: PasswordPolicy.
[EL Config]: metadata: 2016-01-18 10:15:59.818--ServerSession(38434957)--Thread(Thread[Test worker,5,main])--The alias name for the entity class [class project4.app.shared.authentication.UserData] is being defaulted to: UserData.
[EL Config]: metadata: 2016-01-18 10:15:59.818--ServerSession(38434957)--Thread(Thread[Test worker,5,main])--The alias name for the entity class [class com.spartan.healthmeter.entity.ZenRequestDetails] is being defaulted to: ZenRequestDetails.
[EL Config]: metadata: 2016-01-18 10:15:59.819--ServerSession(38434957)--Thread(Thread[Test worker,5,main])--The alias name for the entity class [class com.spartan.healthmeter.entity.ArtHealthSchedulerConfiguration] is being defaulted to: ArtHealthSchedulerConfiguration.
[EL Config]: metadata: 2016-01-18 10:15:59.819--ServerSession(38434957)--Thread(Thread[Test worker,5,main])--The alias name for the entity class [class project4.app.shared.contacts.CoreContacts] is being defaulted to: CoreContacts.
[EL Config]: metadata: 2016-01-18 10:15:59.82--ServerSession(38434957)--Thread(Thread[Test worker,5,main])--The alias name for the entity class [class com.athena.ruleengine.shared.ArtRules] is being defaulted to: ArtRules.
[EL Config]: metadata: 2016-01-18 10:15:59.82--ServerSession(38434957)--Thread(Thread[Test worker,5,main])--The alias name for the entity class [class com.athena.shared.entity.report.ArtReportBuilderDetails] is being defaulted to: ArtReportBuilderDetails.
[EL Config]: metadata: 2016-01-18 10:15:59.821--ServerSession(38434957)--Thread(Thread[Test worker,5,main])--The alias name for the entity class [class project4.app.shared.customers.AppCustomerCategory] is being defaulted to: AppCustomerCategory.
[EL Config]: metadata: 2016-01-18 10:15:59.821--ServerSession(38434957)--Thread(Thread[Test worker,5,main])--The alias name for the entity class [class project4.app.shared.sales.Brand] is being defaulted to: Brand.
[EL Config]: metadata: 2016-01-18 10:15:59.822--ServerSession(38434957)--Thread(Thread[Test worker,5,main])--The alias name for the entity class [class com.athena.cloud.shared.entity.CloudDriveTagFiles] is being defaulted to: CloudDriveTagFiles.
[EL Config]: metadata: 2016-01-18 10:15:59.822--ServerSession(38434957)--Thread(Thread[Test worker,5,main])--The column name for element [id] is being defaulted to: ID.
[EL Config]: metadata: 2016-01-18 10:15:59.822--ServerSession(38434957)--Thread(Thread[Test worker,5,main])--The alias name for the entity class [class project4.app.shared.location.Region] is being defaulted to: Region.
[EL Config]: metadata: 2016-01-18 10:15:59.822--ServerSession(38434957)--Thread(Thread[Test worker,5,main])--The alias name for the entity class [class project4.app.shared.location.Village] is being defaulted to: Village.
[EL Config]: metadata: 2016-01-18 10:15:59.823--ServerSession(38434957)--Thread(Thread[Test worker,5,main])--The alias name for the entity class [class project4.app.shared.contacts.CommunicationType] is being defaulted to: CommunicationType.
[EL Config]: metadata: 2016-01-18 10:15:59.823--ServerSession(38434957)--Thread(Thread[Test worker,5,main])--The alias name for the entity class [class project4.app.shared.location.Address] is being defaulted to: Address.
[EL Config]: metadata: 2016-01-18 10:15:59.824--ServerSession(38434957)--Thread(Thread[Test worker,5,main])--The alias name for the entity class [class com.spartan.healthmeter.entity.ZenHealthCounter] is being defaulted to: ZenHealthCounter.
[EL Config]: metadata: 2016-01-18 10:15:59.824--ServerSession(38434957)--Thread(Thread[Test worker,5,main])--The alias name for the entity class [class project4.app.shared.authentication.UserAccessDomain] is being defaulted to: UserAccessDomain.
[EL Config]: metadata: 2016-01-18 10:15:59.824--ServerSession(38434957)--Thread(Thread[Test worker,5,main])--The alias name for the entity class [class com.spartan.healthmeter.entity.ZenHealth] is being defaulted to: ZenHealth.
[EL Config]: metadata: 2016-01-18 10:15:59.825--ServerSession(38434957)--Thread(Thread[Test worker,5,main])--The alias name for the entity class [class com.athena.shared.entity.report.ArtChartDataFieldJson] is being defaulted to: ArtChartDataFieldJson.
[EL Config]: metadata: 2016-01-18 10:15:59.826--ServerSession(38434957)--Thread(Thread[Test worker,5,main])--The alias name for the entity class [class com.athena.shared.entity.report.ArtReportUI] is being defaulted to: ArtReportUI.
[EL Config]: metadata: 2016-01-18 10:15:59.826--ServerSession(38434957)--Thread(Thread[Test worker,5,main])--The alias name for the entity class [class project4.app.shared.location.AddressExtended] is being defaulted to: AddressExtended.
[EL Config]: metadata: 2016-01-18 10:15:59.827--ServerSession(38434957)--Thread(Thread[Test worker,5,main])--The alias name for the entity class [class project4.app.shared.sales.Retailer] is being defaulted to: Retailer.
[EL Config]: metadata: 2016-01-18 10:15:59.827--ServerSession(38434957)--Thread(Thread[Test worker,5,main])--The alias name for the entity class [class com.athena.shared.entity.report.ArtService] is being defaulted to: ArtService.
[EL Config]: metadata: 2016-01-18 10:15:59.828--ServerSession(38434957)--Thread(Thread[Test worker,5,main])--The alias name for the entity class [class com.athena.server.bean.EntityBean] is being defaulted to: EntityBean.
[EL Config]: metadata: 2016-01-18 10:15:59.828--ServerSession(38434957)--Thread(Thread[Test worker,5,main])--The table name for entity [class com.athena.server.bean.EntityBean] is being defaulted to: ENTITYBEAN.
[EL Config]: metadata: 2016-01-18 10:15:59.828--ServerSession(38434957)--Thread(Thread[Test worker,5,main])--The column name for element [id] is being defaulted to: ID.
[EL Config]: metadata: 2016-01-18 10:15:59.828--ServerSession(38434957)--Thread(Thread[Test worker,5,main])--The column name for element [name] is being defaulted to: NAME.
[EL Config]: metadata: 2016-01-18 10:15:59.828--ServerSession(38434957)--Thread(Thread[Test worker,5,main])--The column name for element [fields] is being defaulted to: FIELDS.
[EL Config]: metadata: 2016-01-18 10:15:59.83--ServerSession(38434957)--Thread(Thread[Test worker,5,main])--The alias name for the entity class [class project4.app.shared.sales.CurrentMonth] is being defaulted to: CurrentMonth.
[EL Config]: metadata: 2016-01-18 10:15:59.83--ServerSession(38434957)--Thread(Thread[Test worker,5,main])--The alias name for the entity class [class project4.app.shared.location.District] is being defaulted to: District.
[EL Config]: metadata: 2016-01-18 10:15:59.83--ServerSession(38434957)--Thread(Thread[Test worker,5,main])--The alias name for the entity class [class project4.app.shared.authentication.LoginSession] is being defaulted to: LoginSession.
[EL Config]: metadata: 2016-01-18 10:15:59.831--ServerSession(38434957)--Thread(Thread[Test worker,5,main])--The alias name for the entity class [class project4.app.shared.authorization.AppMenus] is being defaulted to: AppMenus.
[EL Config]: metadata: 2016-01-18 10:15:59.831--ServerSession(38434957)--Thread(Thread[Test worker,5,main])--The alias name for the entity class [class com.athena.shared.entity.query.ArtDatabaseAggregate] is being defaulted to: ArtDatabaseAggregate.
[EL Config]: metadata: 2016-01-18 10:15:59.832--ServerSession(38434957)--Thread(Thread[Test worker,5,main])--The alias name for the entity class [class project4.app.shared.location.Currency] is being defaulted to: Currency.
[EL Config]: metadata: 2016-01-18 10:15:59.832--ServerSession(38434957)--Thread(Thread[Test worker,5,main])--The alias name for the entity class [class project4.app.shared.contacts.Gender] is being defaulted to: Gender.
[EL Config]: metadata: 2016-01-18 10:15:59.841--ServerSession(38434957)--Thread(Thread[Test worker,5,main])--The primary key column name for the mapping element [field artservice] is being defaulted to: service_id.
[EL Config]: metadata: 2016-01-18 10:15:59.85--ServerSession(38434957)--Thread(Thread[Test worker,5,main])--The primary key column name for the mapping element [field contentType] is being defaulted to: file_mime_type.
[EL Config]: metadata: 2016-01-18 10:15:59.851--ServerSession(38434957)--Thread(Thread[Test worker,5,main])--The primary key column name for the mapping element [field file] is being defaulted to: file_id.
[EL Config]: metadata: 2016-01-18 10:15:59.851--ServerSession(38434957)--Thread(Thread[Test worker,5,main])--The primary key column name for the mapping element [field file] is being defaulted to: file_id.
[EL Config]: metadata: 2016-01-18 10:15:59.853--ServerSession(38434957)--Thread(Thread[Test worker,5,main])--The primary key column name for the mapping element [field file] is being defaulted to: file_id.
[EL Info]: 2016-01-18 10:16:01.066--ServerSession(38434957)--Thread(Thread[Test worker,5,main])--EclipseLink, version: Eclipse Persistence Services - 2.5.1.v20130918-f2b9fc5
[EL Fine]: connection: 2016-01-18 10:16:01.767--Thread(Thread[Test worker,5,main])--Detected database platform: org.eclipse.persistence.platform.database.MySQLPlatform
[EL Config]: connection: 2016-01-18 10:16:01.776--ServerSession(38434957)--Connection(1484430)--Thread(Thread[Test worker,5,main])--connecting(DatabaseLogin(
	platform=>MySQLPlatform
	user name=> "project4"
	datasource URL=> "jdbc:mysql://localhost-MYSQL:3306/project4"
))
[EL Config]: connection: 2016-01-18 10:16:01.781--ServerSession(38434957)--Connection(1439311715)--Thread(Thread[Test worker,5,main])--Connected: jdbc:mysql://localhost-MYSQL:3306/project4
	User: project4@172.17.0.5
	Database: MySQL  Version: 5.7.7-rc
	Driver: MySQL Connector Java  Version: mysql-connector-java-5.1.31 ( Revision: alexander.soklakov@oracle.com-20140520065950-groqzzbvxprqdmnz )
[EL Config]: connection: 2016-01-18 10:16:01.781--ServerSession(38434957)--Connection(1256194197)--Thread(Thread[Test worker,5,main])--connecting(DatabaseLogin(
	platform=>MySQLPlatform
	user name=> "project4"
	datasource URL=> "jdbc:mysql://localhost-MYSQL:3306/project4"
))
[EL Config]: connection: 2016-01-18 10:16:01.786--ServerSession(38434957)--Connection(2123621393)--Thread(Thread[Test worker,5,main])--Connected: jdbc:mysql://localhost-MYSQL:3306/project4
	User: project4@172.17.0.5
	Database: MySQL  Version: 5.7.7-rc
	Driver: MySQL Connector Java  Version: mysql-connector-java-5.1.31 ( Revision: alexander.soklakov@oracle.com-20140520065950-groqzzbvxprqdmnz )
[EL Config]: connection: 2016-01-18 10:16:01.786--ServerSession(38434957)--Connection(526539011)--Thread(Thread[Test worker,5,main])--connecting(DatabaseLogin(
	platform=>MySQLPlatform
	user name=> "project4"
	datasource URL=> "jdbc:mysql://localhost-MYSQL:3306/project4"
))
[EL Config]: connection: 2016-01-18 10:16:01.791--ServerSession(38434957)--Connection(601737332)--Thread(Thread[Test worker,5,main])--Connected: jdbc:mysql://localhost-MYSQL:3306/project4
	User: project4@172.17.0.5
	Database: MySQL  Version: 5.7.7-rc
	Driver: MySQL Connector Java  Version: mysql-connector-java-5.1.31 ( Revision: alexander.soklakov@oracle.com-20140520065950-groqzzbvxprqdmnz )
[EL Config]: connection: 2016-01-18 10:16:01.791--ServerSession(38434957)--Connection(898845201)--Thread(Thread[Test worker,5,main])--connecting(DatabaseLogin(
	platform=>MySQLPlatform
	user name=> "project4"
	datasource URL=> "jdbc:mysql://localhost-MYSQL:3306/project4"
))
[EL Config]: connection: 2016-01-18 10:16:01.795--ServerSession(38434957)--Connection(1110845275)--Thread(Thread[Test worker,5,main])--Connected: jdbc:mysql://localhost-MYSQL:3306/project4
	User: project4@172.17.0.5
	Database: MySQL  Version: 5.7.7-rc
	Driver: MySQL Connector Java  Version: mysql-connector-java-5.1.31 ( Revision: alexander.soklakov@oracle.com-20140520065950-groqzzbvxprqdmnz )
[EL Config]: connection: 2016-01-18 10:16:01.796--ServerSession(38434957)--Connection(1901193554)--Thread(Thread[Test worker,5,main])--connecting(DatabaseLogin(
	platform=>MySQLPlatform
	user name=> "project4"
	datasource URL=> "jdbc:mysql://localhost-MYSQL:3306/project4"
))
[EL Config]: connection: 2016-01-18 10:16:01.801--ServerSession(38434957)--Connection(209132489)--Thread(Thread[Test worker,5,main])--Connected: jdbc:mysql://localhost-MYSQL:3306/project4
	User: project4@172.17.0.5
	Database: MySQL  Version: 5.7.7-rc
	Driver: MySQL Connector Java  Version: mysql-connector-java-5.1.31 ( Revision: alexander.soklakov@oracle.com-20140520065950-groqzzbvxprqdmnz )
[EL Config]: connection: 2016-01-18 10:16:01.801--ServerSession(38434957)--Connection(1606496131)--Thread(Thread[Test worker,5,main])--connecting(DatabaseLogin(
	platform=>MySQLPlatform
	user name=> "project4"
	datasource URL=> "jdbc:mysql://localhost-MYSQL:3306/project4"
))
[EL Config]: connection: 2016-01-18 10:16:01.809--ServerSession(38434957)--Connection(2003498793)--Thread(Thread[Test worker,5,main])--Connected: jdbc:mysql://localhost-MYSQL:3306/project4
	User: project4@172.17.0.5
	Database: MySQL  Version: 5.7.7-rc
	Driver: MySQL Connector Java  Version: mysql-connector-java-5.1.31 ( Revision: alexander.soklakov@oracle.com-20140520065950-groqzzbvxprqdmnz )
[EL Config]: connection: 2016-01-18 10:16:01.809--ServerSession(38434957)--Connection(260628991)--Thread(Thread[Test worker,5,main])--connecting(DatabaseLogin(
	platform=>MySQLPlatform
	user name=> "project4"
	datasource URL=> "jdbc:mysql://localhost-MYSQL:3306/project4"
))
[EL Config]: connection: 2016-01-18 10:16:01.817--ServerSession(38434957)--Connection(1838168174)--Thread(Thread[Test worker,5,main])--Connected: jdbc:mysql://localhost-MYSQL:3306/project4
	User: project4@172.17.0.5
	Database: MySQL  Version: 5.7.7-rc
	Driver: MySQL Connector Java  Version: mysql-connector-java-5.1.31 ( Revision: alexander.soklakov@oracle.com-20140520065950-groqzzbvxprqdmnz )
[EL Config]: connection: 2016-01-18 10:16:01.817--ServerSession(38434957)--Connection(392754676)--Thread(Thread[Test worker,5,main])--connecting(DatabaseLogin(
	platform=>MySQLPlatform
	user name=> "project4"
	datasource URL=> "jdbc:mysql://localhost-MYSQL:3306/project4"
))
[EL Config]: connection: 2016-01-18 10:16:01.824--ServerSession(38434957)--Connection(1531653199)--Thread(Thread[Test worker,5,main])--Connected: jdbc:mysql://localhost-MYSQL:3306/project4
	User: project4@172.17.0.5
	Database: MySQL  Version: 5.7.7-rc
	Driver: MySQL Connector Java  Version: mysql-connector-java-5.1.31 ( Revision: alexander.soklakov@oracle.com-20140520065950-groqzzbvxprqdmnz )
[EL Config]: connection: 2016-01-18 10:16:01.825--ServerSession(38434957)--Connection(608839004)--Thread(Thread[Test worker,5,main])--connecting(DatabaseLogin(
	platform=>MySQLPlatform
	user name=> "project4"
	datasource URL=> "jdbc:mysql://localhost-MYSQL:3306/project4"
))
[EL Config]: connection: 2016-01-18 10:16:01.832--ServerSession(38434957)--Connection(407714042)--Thread(Thread[Test worker,5,main])--Connected: jdbc:mysql://localhost-MYSQL:3306/project4
	User: project4@172.17.0.5
	Database: MySQL  Version: 5.7.7-rc
	Driver: MySQL Connector Java  Version: mysql-connector-java-5.1.31 ( Revision: alexander.soklakov@oracle.com-20140520065950-groqzzbvxprqdmnz )
[EL Config]: connection: 2016-01-18 10:16:01.833--ServerSession(38434957)--Connection(1977069964)--Thread(Thread[Test worker,5,main])--connecting(DatabaseLogin(
	platform=>MySQLPlatform
	user name=> "project4"
	datasource URL=> "jdbc:mysql://localhost-MYSQL:3306/project4"
))
[EL Config]: connection: 2016-01-18 10:16:01.84--ServerSession(38434957)--Connection(1913100526)--Thread(Thread[Test worker,5,main])--Connected: jdbc:mysql://localhost-MYSQL:3306/project4
	User: project4@172.17.0.5
	Database: MySQL  Version: 5.7.7-rc
	Driver: MySQL Connector Java  Version: mysql-connector-java-5.1.31 ( Revision: alexander.soklakov@oracle.com-20140520065950-groqzzbvxprqdmnz )
[EL Config]: connection: 2016-01-18 10:16:01.84--ServerSession(38434957)--Connection(1355377598)--Thread(Thread[Test worker,5,main])--connecting(DatabaseLogin(
	platform=>MySQLPlatform
	user name=> "project4"
	datasource URL=> "jdbc:mysql://localhost-MYSQL:3306/project4"
))
[EL Config]: connection: 2016-01-18 10:16:01.848--ServerSession(38434957)--Connection(1152772774)--Thread(Thread[Test worker,5,main])--Connected: jdbc:mysql://localhost-MYSQL:3306/project4
	User: project4@172.17.0.5
	Database: MySQL  Version: 5.7.7-rc
	Driver: MySQL Connector Java  Version: mysql-connector-java-5.1.31 ( Revision: alexander.soklakov@oracle.com-20140520065950-groqzzbvxprqdmnz )
[EL Config]: connection: 2016-01-18 10:16:01.848--ServerSession(38434957)--Connection(54549384)--Thread(Thread[Test worker,5,main])--connecting(DatabaseLogin(
	platform=>MySQLPlatform
	user name=> "project4"
	datasource URL=> "jdbc:mysql://localhost-MYSQL:3306/project4"
))
[EL Config]: connection: 2016-01-18 10:16:01.856--ServerSession(38434957)--Connection(1323312892)--Thread(Thread[Test worker,5,main])--Connected: jdbc:mysql://localhost-MYSQL:3306/project4
	User: project4@172.17.0.5
	Database: MySQL  Version: 5.7.7-rc
	Driver: MySQL Connector Java  Version: mysql-connector-java-5.1.31 ( Revision: alexander.soklakov@oracle.com-20140520065950-groqzzbvxprqdmnz )
[EL Config]: connection: 2016-01-18 10:16:01.856--ServerSession(38434957)--Connection(1579127512)--Thread(Thread[Test worker,5,main])--connecting(DatabaseLogin(
	platform=>MySQLPlatform
	user name=> "project4"
	datasource URL=> "jdbc:mysql://localhost-MYSQL:3306/project4"
))
[EL Config]: connection: 2016-01-18 10:16:01.863--ServerSession(38434957)--Connection(192827066)--Thread(Thread[Test worker,5,main])--Connected: jdbc:mysql://localhost-MYSQL:3306/project4
	User: project4@172.17.0.5
	Database: MySQL  Version: 5.7.7-rc
	Driver: MySQL Connector Java  Version: mysql-connector-java-5.1.31 ( Revision: alexander.soklakov@oracle.com-20140520065950-groqzzbvxprqdmnz )
[EL Config]: connection: 2016-01-18 10:16:01.864--ServerSession(38434957)--Connection(291674939)--Thread(Thread[Test worker,5,main])--connecting(DatabaseLogin(
	platform=>MySQLPlatform
	user name=> "project4"
	datasource URL=> "jdbc:mysql://localhost-MYSQL:3306/project4"
))
[EL Config]: connection: 2016-01-18 10:16:01.871--ServerSession(38434957)--Connection(1016603673)--Thread(Thread[Test worker,5,main])--Connected: jdbc:mysql://localhost-MYSQL:3306/project4
	User: project4@172.17.0.5
	Database: MySQL  Version: 5.7.7-rc
	Driver: MySQL Connector Java  Version: mysql-connector-java-5.1.31 ( Revision: alexander.soklakov@oracle.com-20140520065950-groqzzbvxprqdmnz )
[EL Config]: connection: 2016-01-18 10:16:01.871--ServerSession(38434957)--Connection(678036579)--Thread(Thread[Test worker,5,main])--connecting(DatabaseLogin(
	platform=>MySQLPlatform
	user name=> "project4"
	datasource URL=> "jdbc:mysql://localhost-MYSQL:3306/project4"
))
[EL Config]: connection: 2016-01-18 10:16:01.878--ServerSession(38434957)--Connection(301618700)--Thread(Thread[Test worker,5,main])--Connected: jdbc:mysql://localhost-MYSQL:3306/project4
	User: project4@172.17.0.5
	Database: MySQL  Version: 5.7.7-rc
	Driver: MySQL Connector Java  Version: mysql-connector-java-5.1.31 ( Revision: alexander.soklakov@oracle.com-20140520065950-groqzzbvxprqdmnz )
[EL Config]: connection: 2016-01-18 10:16:01.879--ServerSession(38434957)--Connection(301618700)--Thread(Thread[Test worker,5,main])--disconnect
[EL Warning]: metadata: 2016-01-18 10:16:01.891--ServerSession(38434957)--Thread(Thread[Test worker,5,main])--Reverting the lazy setting on the OneToOne or ManyToOne attribute [userData] for the entity class [class project4.app.shared.authentication.User] since weaving was not enabled or did not occur.
[EL Warning]: metadata: 2016-01-18 10:16:01.891--ServerSession(38434957)--Thread(Thread[Test worker,5,main])--Reverting the lazy setting on the OneToOne or ManyToOne attribute [timezone] for the entity class [class project4.app.shared.contacts.CoreContacts] since weaving was not enabled or did not occur.
[EL Warning]: metadata: 2016-01-18 10:16:01.896--ServerSession(38434957)--Thread(Thread[Test worker,5,main])--Reverting the lazy setting on the OneToOne or ManyToOne attribute [coreContacts] for the entity class [class project4.app.shared.authentication.Login] since weaving was not enabled or did not occur.
[EL Warning]: metadata: 2016-01-18 10:16:01.896--ServerSession(38434957)--Thread(Thread[Test worker,5,main])--Reverting the lazy setting on the OneToOne or ManyToOne attribute [user] for the entity class [class project4.app.shared.authentication.Login] since weaving was not enabled or did not occur.
[EL Warning]: metadata: 2016-01-18 10:16:01.897--ServerSession(38434957)--Thread(Thread[Test worker,5,main])--Reverting the lazy setting on the OneToOne or ManyToOne attribute [user] for the entity class [class project4.app.shared.authentication.PassRecovery] since weaving was not enabled or did not occur.
[EL Warning]: metadata: 2016-01-18 10:16:01.901--ServerSession(38434957)--Thread(Thread[Test worker,5,main])--Reverting the lazy setting on the OneToOne or ManyToOne attribute [user] for the entity class [class project4.app.shared.authentication.UserData] since weaving was not enabled or did not occur.
[EL Info]: connection: 2016-01-18 10:16:02.113--ServerSession(38434957)--Thread(Thread[Test worker,5,main])--file:/home/applifire/workspace/project4/build/resources/main_project4 login successful
NOTIFYING OBSERVERS
notification received to observer
Queue manager defined with queue type 0 and size 100000
Event Queue Consumer started
inside Disk Health
came in healthmeter bean
came in initHealth
 Queue manager qType : 0
 Queue manager qSize : 10000
Queue manager defined with queue type 0 and size 10000
Event Queue Consumer started
+++++++++++++++++++++++++++++++++++++++++++++++++++++++++++++++
creating bean JpqlToSqlConfig
Creating dir for logger @ logs/backups
Creating backup dir for logger @ logs/backups
[EL Fine]: sql: 2016-01-18 10:16:08.256--ClientSession(497197807)--Connection(1016603673)--Thread(Thread[Test worker,5,main])--SELECT query_id, active_status, app_creator_id, created_by, created_date, hidden_name, jpql_query, name, project_id, project_version_id, query_json, query_type, sql_query, updated_by, updated_date, user_access, version_id FROM art_query WHERE ((active_status = ?) AND (sql_query IS NULL))
	bind => [true]
[EL Config]: connection: 2016-01-18 10:16:08.259--ServerSession(38434957)--Connection(1016603673)--Thread(Thread[Test worker,5,main])--disconnect
Mon Jan 18 10:16:08 UTC 2016|DH-TP|***.***.***| appLogger : Starting all DataHandler Worker Threads.....
came in myClass bean
[EL Fine]: sql: 2016-01-18 10:16:12.795--ClientSession(884675608)--Connection(192827066)--Thread(Thread[Test worker,5,main])--INSERT INTO ast_Category_M (categoryId, category, versionId, createdBy, createdDate, updatedBy, updatedDate, activeStatus, txnAccessCode) VALUES (?, ?, ?, ?, ?, ?, ?, ?, ?)
	bind => [8F7917CB-F812-4642-85A5-775C243FED4D, iuoUfgu7gxpRdQDJvYjgyO04VvLAtPjtajYyGSVxDI9TzMUGsN, 1, AAAAA, 2016-01-18 10:16:12.705, null, 2016-01-18 10:16:12.705, 1, null]
[EL Config]: connection: 2016-01-18 10:16:12.963--ServerSession(38434957)--Connection(192827066)--Thread(Thread[Test worker,5,main])--disconnect
Setting logged in user info for ADD
[EL Fine]: sql: 2016-01-18 10:16:13.053--ClientSession(2125499273)--Connection(1323312892)--Thread(Thread[Test worker,5,main])--INSERT INTO ast_Brand_M (brandcode, branddesc, categoryId, versionId, createdBy, createdDate, updatedBy, updatedDate, activeStatus, txnAccessCode) VALUES (?, ?, ?, ?, ?, ?, ?, ?, ?, ?)
	bind => [3108600E-F677-4655-B5D3-81006F3C92AC, RNQjFObSL10VQ6C5SETZk4K0ssIoeqgRtMu8ODO5Wn0ksuNmR6, 8F7917CB-F812-4642-85A5-775C243FED4D, 1, AAAAA, 2016-01-18 10:16:12.994, null, 2016-01-18 10:16:12.994, 1, null]
[EL Config]: connection: 2016-01-18 10:16:13.105--ServerSession(38434957)--Connection(1323312892)--Thread(Thread[Test worker,5,main])--disconnect
[EL Fine]: sql: 2016-01-18 10:16:13.113--ClientSession(493636167)--Connection(1152772774)--Thread(Thread[Test worker,5,main])--SELECT brandcode, branddesc, categoryId, versionId, createdBy, createdDate, updatedBy, updatedDate, activeStatus, txnAccessCode FROM ast_Brand_M WHERE ((activeStatus = ?) AND (brandcode = ?))
	bind => [1, 3108600E-F677-4655-B5D3-81006F3C92AC]
[EL Config]: connection: 2016-01-18 10:16:13.116--ServerSession(38434957)--Connection(1152772774)--Thread(Thread[Test worker,5,main])--disconnect
Setting logged in user info for UPDATE
[EL Fine]: sql: 2016-01-18 10:16:13.12--ClientSession(633807126)--Connection(1913100526)--Thread(Thread[Test worker,5,main])--SELECT brandcode, branddesc, categoryId, versionId, createdBy, createdDate, updatedBy, updatedDate, activeStatus, txnAccessCode FROM ast_Brand_M WHERE (brandcode = ?)
	bind => [3108600E-F677-4655-B5D3-81006F3C92AC]
[EL Fine]: sql: 2016-01-18 10:16:13.122--ClientSession(633807126)--Connection(1913100526)--Thread(Thread[Test worker,5,main])--UPDATE ast_Brand_M SET branddesc = ?, updatedBy = ?, versionId = ? WHERE ((brandcode = ?) AND (versionId = ?))
	bind => [MuUwq7BHRHvwQCpJC59OwTcSn0BccKDBLm0l6QrUKUgU1l7yyh, AAAAA, 2, 3108600E-F677-4655-B5D3-81006F3C92AC, 1]
[EL Config]: connection: 2016-01-18 10:16:13.221--ServerSession(38434957)--Connection(1913100526)--Thread(Thread[Test worker,5,main])--disconnect
[EL Fine]: sql: 2016-01-18 10:16:13.234--ClientSession(981504470)--Connection(407714042)--Thread(Thread[Test worker,5,main])--SELECT brandcode, branddesc, categoryId, versionId, createdBy, createdDate, updatedBy, updatedDate, activeStatus, txnAccessCode FROM ast_Brand_M WHERE ((activeStatus = ?) AND (brandcode = ?))
	bind => [1, 3108600E-F677-4655-B5D3-81006F3C92AC]
[EL Config]: connection: 2016-01-18 10:16:13.237--ServerSession(38434957)--Connection(407714042)--Thread(Thread[Test worker,5,main])--disconnect
[EL Fine]: sql: 2016-01-18 10:16:13.243--ClientSession(1480843301)--Connection(1531653199)--Thread(Thread[Test worker,5,main])--SELECT brandcode, branddesc, categoryId, versionId, createdBy, createdDate, updatedBy, updatedDate, activeStatus, txnAccessCode FROM ast_Brand_M WHERE ((activeStatus = ?) AND (categoryId = ?))
	bind => [1, 8F7917CB-F812-4642-85A5-775C243FED4D]
[EL Config]: connection: 2016-01-18 10:16:13.258--ServerSession(38434957)--Connection(1531653199)--Thread(Thread[Test worker,5,main])--disconnect
[EL Fine]: sql: 2016-01-18 10:16:13.269--ClientSession(1973412281)--Connection(1838168174)--Thread(Thread[Test worker,5,main])--SELECT brandcode, branddesc, categoryId, versionId, createdBy, createdDate, updatedBy, updatedDate, activeStatus, txnAccessCode FROM ast_Brand_M WHERE (brandcode = ?)
	bind => [3108600E-F677-4655-B5D3-81006F3C92AC]
[EL Fine]: sql: 2016-01-18 10:16:13.273--ClientSession(1973412281)--Connection(1838168174)--Thread(Thread[Test worker,5,main])--DELETE FROM ast_Brand_M WHERE ((brandcode = ?) AND (versionId = ?))
	bind => [3108600E-F677-4655-B5D3-81006F3C92AC, 2]
[EL Config]: connection: 2016-01-18 10:16:13.321--ServerSession(38434957)--Connection(1838168174)--Thread(Thread[Test worker,5,main])--disconnect
[EL Fine]: sql: 2016-01-18 10:16:13.33--ClientSession(877564048)--Connection(2003498793)--Thread(Thread[Test worker,5,main])--SELECT categoryId, category, versionId, createdBy, createdDate, updatedBy, updatedDate, activeStatus, txnAccessCode FROM ast_Category_M WHERE (categoryId = ?)
	bind => [8F7917CB-F812-4642-85A5-775C243FED4D]
[EL Fine]: sql: 2016-01-18 10:16:13.333--ClientSession(877564048)--Connection(2003498793)--Thread(Thread[Test worker,5,main])--DELETE FROM ast_Category_M WHERE ((categoryId = ?) AND (versionId = ?))
	bind => [8F7917CB-F812-4642-85A5-775C243FED4D, 1]
]]></system-out>
  <system-err><![CDATA[log4j:WARN No appenders could be found for logger (org.springframework.test.context.junit4.SpringJUnit4ClassRunner).
log4j:WARN Please initialize the log4j system properly.
log4j:WARN See http://logging.apache.org/log4j/1.2/faq.html#noconfig for more info.
]]></system-err>
</testsuite>
